---------------------------------------------------------------
[ 2017-11-22T23:13:01+08:00 ] 127.0.0.1 127.0.0.1 GET /index.php/new
[ info ] www.phoneapp.com/index.php/new [运行时间：0.560794s][吞吐率：1.78req/s] [内存消耗：1,542.48kb] [文件加载：57]
[ info ] [ LANG ] D:\phpStudy\WWW\phone_app\thinkphp\lang\zh-cn.php
[ info ] [ ROUTE ] array (
  'type' => 'controller',
  'controller' => 'index/News/read',
  'var' => 
  array (
  ),
)
[ info ] [ HEADER ] array (
  'cookie' => 'thinkphp_show_page_trace=0|0; Huiskin=default; thinkphp_show_page_trace=0|5; pgv_pvi=8775854080; pgv_si=s3407113216; PHPSESSID=77p5amr4v6k3e1lamq7056tm14; thinkphp_show_page_trace=0|0; Hm_lvt_080836300300be57b7f34f4b3e97d911=1509430665; Hm_lpvt_080836300300be57b7f34f4b3e97d911=1509714181',
  'accept-language' => 'zh-CN,zh;q=0.9',
  'accept-encoding' => 'gzip, deflate',
  'accept' => 'text/html,application/xhtml+xml,application/xml;q=0.9,image/webp,image/apng,*/*;q=0.8',
  'upgrade-insecure-requests' => '1',
  'user-agent' => 'Mozilla/5.0 (Windows NT 10.0; Win64; x64) AppleWebKit/537.36 (KHTML, like Gecko) Chrome/63.0.3218.0 Safari/537.36',
  'connection' => 'close',
  'host' => 'www.phoneapp.com',
)
[ info ] [ PARAM ] array (
  'id' => NULL,
)
[ info ] [ RUN ] app\index\controller\News->read[ D:\phpStudy\WWW\phone_app\application\index\controller\News.php ]
[ info ] [ VIEW ] D:\phpStudy\WWW\phone_app\thinkphp\tpl\dispatch_jump.tpl [ array (
  0 => 'code',
  1 => 'msg',
  2 => 'data',
  3 => 'url',
  4 => 'wait',
) ]
[ info ] [ LOG ] INIT File
---------------------------------------------------------------
[ 2017-11-22T23:13:06+08:00 ] 127.0.0.1 127.0.0.1 GET /index.php/index/news/hello.html
[ info ] www.phoneapp.com/index.php/index/news/hello.html [运行时间：0.109380s][吞吐率：9.14req/s] [内存消耗：1,488.42kb] [文件加载：54]
[ info ] [ LANG ] D:\phpStudy\WWW\phone_app\thinkphp\lang\zh-cn.php
[ info ] [ ROUTE ] array (
  'type' => 'module',
  'module' => 
  array (
    0 => 'index',
    1 => 'news',
    2 => 'hello',
  ),
)
[ info ] [ HEADER ] array (
  'cookie' => 'thinkphp_show_page_trace=1|0; thinkphp_show_page_trace=0|0; Huiskin=default; thinkphp_show_page_trace=0|0; pgv_pvi=8775854080; pgv_si=s3407113216; PHPSESSID=77p5amr4v6k3e1lamq7056tm14; thinkphp_show_page_trace=0|0; Hm_lvt_080836300300be57b7f34f4b3e97d911=1509430665; Hm_lpvt_080836300300be57b7f34f4b3e97d911=1509714181',
  'accept-language' => 'zh-CN,zh;q=0.9',
  'accept-encoding' => 'gzip, deflate',
  'referer' => 'http://www.phoneapp.com/index.php/new',
  'accept' => 'text/html,application/xhtml+xml,application/xml;q=0.9,image/webp,image/apng,*/*;q=0.8',
  'user-agent' => 'Mozilla/5.0 (Windows NT 10.0; Win64; x64) AppleWebKit/537.36 (KHTML, like Gecko) Chrome/63.0.3218.0 Safari/537.36',
  'upgrade-insecure-requests' => '1',
  'connection' => 'close',
  'host' => 'www.phoneapp.com',
)
[ info ] [ PARAM ] array (
)
[ info ] [ RUN ] app\index\controller\News->hello[ D:\phpStudy\WWW\phone_app\application\index\controller\News.php ]
[ info ] [ LOG ] INIT File
---------------------------------------------------------------
[ 2017-11-22T23:13:19+08:00 ] 127.0.0.1 127.0.0.1 GET /index.php/admin/login
[ info ] www.phoneapp.com/index.php/admin/login [运行时间：0.120803s][吞吐率：8.28req/s] [内存消耗：1,547.75kb] [文件加载：57]
[ info ] [ LANG ] D:\phpStudy\WWW\phone_app\thinkphp\lang\zh-cn.php
[ info ] [ ROUTE ] array (
  'type' => 'module',
  'module' => 
  array (
    0 => 'admin',
    1 => 'login',
    2 => NULL,
  ),
)
[ info ] [ HEADER ] array (
  'cookie' => 'thinkphp_show_page_trace=0|5; thinkphp_show_page_trace=0|5; Huiskin=default; thinkphp_show_page_trace=0|0; pgv_pvi=8775854080; pgv_si=s3407113216; PHPSESSID=77p5amr4v6k3e1lamq7056tm14; thinkphp_show_page_trace=0|0; Hm_lvt_080836300300be57b7f34f4b3e97d911=1509430665; Hm_lpvt_080836300300be57b7f34f4b3e97d911=1509714181',
  'accept-language' => 'zh-CN,zh;q=0.9',
  'accept-encoding' => 'gzip, deflate',
  'accept' => 'text/html,application/xhtml+xml,application/xml;q=0.9,image/webp,image/apng,*/*;q=0.8',
  'upgrade-insecure-requests' => '1',
  'user-agent' => 'Mozilla/5.0 (Windows NT 10.0; Win64; x64) AppleWebKit/537.36 (KHTML, like Gecko) Chrome/63.0.3218.0 Safari/537.36',
  'connection' => 'close',
  'host' => 'www.phoneapp.com',
)
[ info ] [ PARAM ] array (
)
[ info ] [ RUN ] app\admin\controller\Login->index[ D:\phpStudy\WWW\phone_app\application\admin\controller\Login.php ]
[ info ] [ SESSION ] INIT array (
  'id' => '',
  'var_session_id' => '',
  'prefix' => 'think',
  'type' => '',
  'auto_start' => true,
)
[ info ] [ VIEW ] D:\phpStudy\WWW\phone_app\public/../application/admin\view\login\index.html [ array (
) ]
[ info ] [ LOG ] INIT File
---------------------------------------------------------------
[ 2017-11-22T23:13:20+08:00 ] 127.0.0.1 127.0.0.1 GET /index.php/captcha
[ info ] www.phoneapp.com/index.php/captcha [运行时间：0.336434s][吞吐率：2.97req/s] [内存消耗：1,255.98kb] [文件加载：46]
[ info ] [ LANG ] D:\phpStudy\WWW\phone_app\thinkphp\lang\zh-cn.php
[ info ] [ ROUTE ] array (
  'type' => 'method',
  'method' => 
  array (
    0 => '\\think\\captcha\\CaptchaController',
    1 => 'index',
  ),
  'var' => 
  array (
  ),
)
[ info ] [ HEADER ] array (
  'cookie' => 'Huiskin=default; thinkphp_show_page_trace=0|0; pgv_pvi=8775854080; pgv_si=s3407113216; PHPSESSID=77p5amr4v6k3e1lamq7056tm14; thinkphp_show_page_trace=0|0; Hm_lvt_080836300300be57b7f34f4b3e97d911=1509430665; Hm_lpvt_080836300300be57b7f34f4b3e97d911=1509714181',
  'accept-language' => 'zh-CN,zh;q=0.9',
  'accept-encoding' => 'gzip, deflate',
  'referer' => 'http://www.phoneapp.com/index.php/admin/login',
  'accept' => 'image/webp,image/apng,image/*,*/*;q=0.8',
  'user-agent' => 'Mozilla/5.0 (Windows NT 10.0; Win64; x64) AppleWebKit/537.36 (KHTML, like Gecko) Chrome/63.0.3218.0 Safari/537.36',
  'connection' => 'close',
  'host' => 'www.phoneapp.com',
)
[ info ] [ PARAM ] array (
  'id' => NULL,
)
[ info ] [ RUN ] think\captcha\CaptchaController->index[ D:\phpStudy\WWW\phone_app\vendor\topthink\think-captcha\src\CaptchaController.php ]
[ info ] [ SESSION ] INIT array (
  'id' => '',
  'var_session_id' => '',
  'prefix' => 'think',
  'type' => '',
  'auto_start' => true,
)
[ info ] [ LOG ] INIT File
---------------------------------------------------------------
[ 2017-11-22T23:14:01+08:00 ] 127.0.0.1 127.0.0.1 POST /index.php/admin/login/check.html
[ info ] www.phoneapp.com/index.php/admin/login/check.html [运行时间：0.489670s][吞吐率：2.04req/s] [内存消耗：2,372.20kb] [文件加载：67]
[ info ] [ LANG ] D:\phpStudy\WWW\phone_app\thinkphp\lang\zh-cn.php
[ info ] [ ROUTE ] array (
  'type' => 'module',
  'module' => 
  array (
    0 => 'admin',
    1 => 'login',
    2 => 'check',
  ),
)
[ info ] [ HEADER ] array (
  'cookie' => 'thinkphp_show_page_trace=0|5; thinkphp_show_page_trace=0|5; Huiskin=default; thinkphp_show_page_trace=0|0; pgv_pvi=8775854080; pgv_si=s3407113216; PHPSESSID=77p5amr4v6k3e1lamq7056tm14; thinkphp_show_page_trace=0|0; Hm_lvt_080836300300be57b7f34f4b3e97d911=1509430665; Hm_lpvt_080836300300be57b7f34f4b3e97d911=1509714181',
  'accept-language' => 'zh-CN,zh;q=0.9',
  'accept-encoding' => 'gzip, deflate',
  'referer' => 'http://www.phoneapp.com/index.php/admin/login',
  'accept' => 'text/html,application/xhtml+xml,application/xml;q=0.9,image/webp,image/apng,*/*;q=0.8',
  'user-agent' => 'Mozilla/5.0 (Windows NT 10.0; Win64; x64) AppleWebKit/537.36 (KHTML, like Gecko) Chrome/63.0.3218.0 Safari/537.36',
  'content-type' => 'application/x-www-form-urlencoded',
  'upgrade-insecure-requests' => '1',
  'origin' => 'http://www.phoneapp.com',
  'cache-control' => 'max-age=0',
  'content-length' => '44',
  'connection' => 'close',
  'host' => 'www.phoneapp.com',
)
[ info ] [ PARAM ] array (
  'username' => 'admin',
  'password' => '123456',
  'captcha' => '6xmaw',
)
[ info ] [ RUN ] app\admin\controller\Login->check[ D:\phpStudy\WWW\phone_app\application\admin\controller\Login.php ]
[ info ] [ SESSION ] INIT array (
  'id' => '',
  'var_session_id' => '',
  'prefix' => 'think',
  'type' => '',
  'auto_start' => true,
)
[ info ] [ DB ] INIT mysql
[ info ] [ VIEW ] D:\phpStudy\WWW\phone_app\thinkphp\tpl\dispatch_jump.tpl [ array (
  0 => 'code',
  1 => 'msg',
  2 => 'data',
  3 => 'url',
  4 => 'wait',
) ]
[ info ] [ LOG ] INIT File
[ sql ] [ DB ] CONNECT:[ UseTime:0.077302s ] mysql:host=127.0.0.1;port=3306;dbname=myapp_blog;charset=utf8
[ sql ] [ SQL ] SHOW COLUMNS FROM `ent_admin_user` [ RunTime:0.154113s ]
[ sql ] [ SQL ] SELECT * FROM `ent_admin_user` WHERE  `username` = 'admin' LIMIT 1 [ RunTime:0.005986s ]
---------------------------------------------------------------
[ 2017-11-22T23:14:04+08:00 ] 127.0.0.1 127.0.0.1 GET /index.php/admin/login
[ info ] www.phoneapp.com/index.php/admin/login [运行时间：0.082076s][吞吐率：12.18req/s] [内存消耗：1,547.75kb] [文件加载：57]
[ info ] [ LANG ] D:\phpStudy\WWW\phone_app\thinkphp\lang\zh-cn.php
[ info ] [ ROUTE ] array (
  'type' => 'module',
  'module' => 
  array (
    0 => 'admin',
    1 => 'login',
    2 => NULL,
  ),
)
[ info ] [ HEADER ] array (
  'cookie' => 'thinkphp_show_page_trace=0|5; thinkphp_show_page_trace=0|5; Huiskin=default; thinkphp_show_page_trace=0|0; pgv_pvi=8775854080; pgv_si=s3407113216; PHPSESSID=77p5amr4v6k3e1lamq7056tm14; thinkphp_show_page_trace=0|0; Hm_lvt_080836300300be57b7f34f4b3e97d911=1509430665; Hm_lpvt_080836300300be57b7f34f4b3e97d911=1509714181',
  'accept-language' => 'zh-CN,zh;q=0.9',
  'accept-encoding' => 'gzip, deflate',
  'accept' => 'text/html,application/xhtml+xml,application/xml;q=0.9,image/webp,image/apng,*/*;q=0.8',
  'upgrade-insecure-requests' => '1',
  'user-agent' => 'Mozilla/5.0 (Windows NT 10.0; Win64; x64) AppleWebKit/537.36 (KHTML, like Gecko) Chrome/63.0.3218.0 Safari/537.36',
  'connection' => 'close',
  'host' => 'www.phoneapp.com',
)
[ info ] [ PARAM ] array (
)
[ info ] [ RUN ] app\admin\controller\Login->index[ D:\phpStudy\WWW\phone_app\application\admin\controller\Login.php ]
[ info ] [ SESSION ] INIT array (
  'id' => '',
  'var_session_id' => '',
  'prefix' => 'think',
  'type' => '',
  'auto_start' => true,
)
[ info ] [ VIEW ] D:\phpStudy\WWW\phone_app\public/../application/admin\view\login\index.html [ array (
) ]
[ info ] [ LOG ] INIT File
---------------------------------------------------------------
[ 2017-11-22T23:14:46+08:00 ] 127.0.0.1 127.0.0.1 GET /index.php/captcha?id=function%20random()%20{%20[native%20code]%20}
[ info ] www.phoneapp.com/index.php/captcha?id=function%20random()%20{%20[native%20code]%20} [运行时间：0.075700s][吞吐率：13.21req/s] [内存消耗：1,256.22kb] [文件加载：46]
[ info ] [ LANG ] D:\phpStudy\WWW\phone_app\thinkphp\lang\zh-cn.php
[ info ] [ ROUTE ] array (
  'type' => 'method',
  'method' => 
  array (
    0 => '\\think\\captcha\\CaptchaController',
    1 => 'index',
  ),
  'var' => 
  array (
  ),
)
[ info ] [ HEADER ] array (
  'cookie' => 'Huiskin=default; thinkphp_show_page_trace=0|0; pgv_pvi=8775854080; pgv_si=s3407113216; PHPSESSID=77p5amr4v6k3e1lamq7056tm14; thinkphp_show_page_trace=0|0; Hm_lvt_080836300300be57b7f34f4b3e97d911=1509430665; Hm_lpvt_080836300300be57b7f34f4b3e97d911=1509714181',
  'accept-language' => 'zh-CN,zh;q=0.9',
  'accept-encoding' => 'gzip, deflate',
  'referer' => 'http://www.phoneapp.com/index.php/admin/login',
  'accept' => 'image/webp,image/apng,image/*,*/*;q=0.8',
  'user-agent' => 'Mozilla/5.0 (Windows NT 10.0; Win64; x64) AppleWebKit/537.36 (KHTML, like Gecko) Chrome/63.0.3218.0 Safari/537.36',
  'connection' => 'close',
  'host' => 'www.phoneapp.com',
)
[ info ] [ PARAM ] array (
  'id' => NULL,
)
[ info ] [ RUN ] think\captcha\CaptchaController->index[ D:\phpStudy\WWW\phone_app\vendor\topthink\think-captcha\src\CaptchaController.php ]
[ info ] [ SESSION ] INIT array (
  'id' => '',
  'var_session_id' => '',
  'prefix' => 'think',
  'type' => '',
  'auto_start' => true,
)
[ info ] [ LOG ] INIT File
---------------------------------------------------------------
[ 2017-11-22T23:14:53+08:00 ] 127.0.0.1 127.0.0.1 POST /index.php/admin/login/check.html
[ info ] www.phoneapp.com/index.php/admin/login/check.html [运行时间：0.162721s][吞吐率：6.15req/s] [内存消耗：2,469.35kb] [文件加载：70]
[ info ] [ LANG ] D:\phpStudy\WWW\phone_app\thinkphp\lang\zh-cn.php
[ info ] [ ROUTE ] array (
  'type' => 'module',
  'module' => 
  array (
    0 => 'admin',
    1 => 'login',
    2 => 'check',
  ),
)
[ info ] [ HEADER ] array (
  'cookie' => 'thinkphp_show_page_trace=0|5; thinkphp_show_page_trace=0|5; Huiskin=default; thinkphp_show_page_trace=0|0; pgv_pvi=8775854080; pgv_si=s3407113216; PHPSESSID=77p5amr4v6k3e1lamq7056tm14; thinkphp_show_page_trace=0|0; Hm_lvt_080836300300be57b7f34f4b3e97d911=1509430665; Hm_lpvt_080836300300be57b7f34f4b3e97d911=1509714181',
  'accept-language' => 'zh-CN,zh;q=0.9',
  'accept-encoding' => 'gzip, deflate',
  'referer' => 'http://www.phoneapp.com/index.php/admin/login',
  'accept' => 'text/html,application/xhtml+xml,application/xml;q=0.9,image/webp,image/apng,*/*;q=0.8',
  'user-agent' => 'Mozilla/5.0 (Windows NT 10.0; Win64; x64) AppleWebKit/537.36 (KHTML, like Gecko) Chrome/63.0.3218.0 Safari/537.36',
  'content-type' => 'application/x-www-form-urlencoded',
  'upgrade-insecure-requests' => '1',
  'origin' => 'http://www.phoneapp.com',
  'cache-control' => 'max-age=0',
  'content-length' => '43',
  'connection' => 'close',
  'host' => 'www.phoneapp.com',
)
[ info ] [ PARAM ] array (
  'username' => 'admin',
  'password' => 'admin',
  'captcha' => 'enfjy',
)
[ info ] [ RUN ] app\admin\controller\Login->check[ D:\phpStudy\WWW\phone_app\application\admin\controller\Login.php ]
[ info ] [ SESSION ] INIT array (
  'id' => '',
  'var_session_id' => '',
  'prefix' => 'think',
  'type' => '',
  'auto_start' => true,
)
[ info ] [ DB ] INIT mysql
[ info ] [ CACHE ] INIT File
[ info ] [ VIEW ] D:\phpStudy\WWW\phone_app\thinkphp\tpl\dispatch_jump.tpl [ array (
  0 => 'code',
  1 => 'msg',
  2 => 'data',
  3 => 'url',
  4 => 'wait',
) ]
[ info ] [ LOG ] INIT File
[ sql ] [ DB ] CONNECT:[ UseTime:0.001873s ] mysql:host=127.0.0.1;port=3306;dbname=myapp_blog;charset=utf8
[ sql ] [ SQL ] SHOW COLUMNS FROM `ent_admin_user` [ RunTime:0.027848s ]
[ sql ] [ SQL ] SELECT * FROM `ent_admin_user` WHERE  `username` = 'admin' LIMIT 1 [ RunTime:0.000494s ]
[ sql ] [ SQL ] UPDATE `ent_admin_user`  SET `last_login_time`=1511363693,`last_login_ip`='127.0.0.1',`update_time`=1511363693  WHERE  `id` = 5 [ RunTime:0.011263s ]
---------------------------------------------------------------
[ 2017-11-22T23:14:57+08:00 ] 127.0.0.1 127.0.0.1 GET /index.php/admin/index/index.html
[ info ] www.phoneapp.com/index.php/admin/index/index.html [运行时间：0.151855s][吞吐率：6.59req/s] [内存消耗：1,792.22kb] [文件加载：59]
[ info ] [ LANG ] D:\phpStudy\WWW\phone_app\thinkphp\lang\zh-cn.php
[ info ] [ ROUTE ] array (
  'type' => 'module',
  'module' => 
  array (
    0 => 'admin',
    1 => 'index',
    2 => 'index',
  ),
)
[ info ] [ HEADER ] array (
  'cookie' => 'Huiskin=default; thinkphp_show_page_trace=0|0; thinkphp_show_page_trace=0|5; Huiskin=default; thinkphp_show_page_trace=0|0; pgv_pvi=8775854080; pgv_si=s3407113216; PHPSESSID=77p5amr4v6k3e1lamq7056tm14; thinkphp_show_page_trace=0|0; Hm_lvt_080836300300be57b7f34f4b3e97d911=1509430665; Hm_lpvt_080836300300be57b7f34f4b3e97d911=1509714181',
  'accept-language' => 'zh-CN,zh;q=0.9',
  'accept-encoding' => 'gzip, deflate',
  'referer' => 'http://www.phoneapp.com/index.php/admin/login/check.html',
  'accept' => 'text/html,application/xhtml+xml,application/xml;q=0.9,image/webp,image/apng,*/*;q=0.8',
  'user-agent' => 'Mozilla/5.0 (Windows NT 10.0; Win64; x64) AppleWebKit/537.36 (KHTML, like Gecko) Chrome/63.0.3218.0 Safari/537.36',
  'upgrade-insecure-requests' => '1',
  'connection' => 'close',
  'host' => 'www.phoneapp.com',
)
[ info ] [ PARAM ] array (
)
[ info ] [ SESSION ] INIT array (
  'id' => '',
  'var_session_id' => '',
  'prefix' => 'think',
  'type' => '',
  'auto_start' => true,
)
[ info ] [ RUN ] app\admin\controller\Index->index[ D:\phpStudy\WWW\phone_app\application\admin\controller\Index.php ]
[ info ] [ VIEW ] D:\phpStudy\WWW\phone_app\public/../application/admin\view\index\index.html [ array (
) ]
[ info ] [ LOG ] INIT File
---------------------------------------------------------------
[ 2017-11-22T23:14:57+08:00 ] 127.0.0.1 127.0.0.1 GET /index.php/admin/index/welcome.html
[ info ] www.phoneapp.com/index.php/admin/index/welcome.html [运行时间：0.062618s][吞吐率：15.97req/s] [内存消耗：1,742.29kb] [文件加载：57]
[ info ] [ LANG ] D:\phpStudy\WWW\phone_app\thinkphp\lang\zh-cn.php
[ info ] [ ROUTE ] array (
  'type' => 'module',
  'module' => 
  array (
    0 => 'admin',
    1 => 'index',
    2 => 'welcome',
  ),
)
[ info ] [ HEADER ] array (
  'cookie' => 'Huiskin=default; thinkphp_show_page_trace=0|0; thinkphp_show_page_trace=0|5; Huiskin=default; thinkphp_show_page_trace=0|0; pgv_pvi=8775854080; pgv_si=s3407113216; PHPSESSID=77p5amr4v6k3e1lamq7056tm14; thinkphp_show_page_trace=0|0; Hm_lvt_080836300300be57b7f34f4b3e97d911=1509430665; Hm_lpvt_080836300300be57b7f34f4b3e97d911=1509714181',
  'accept-language' => 'zh-CN,zh;q=0.9',
  'accept-encoding' => 'gzip, deflate',
  'referer' => 'http://www.phoneapp.com/index.php/admin/index/index.html',
  'accept' => 'text/html,application/xhtml+xml,application/xml;q=0.9,image/webp,image/apng,*/*;q=0.8',
  'user-agent' => 'Mozilla/5.0 (Windows NT 10.0; Win64; x64) AppleWebKit/537.36 (KHTML, like Gecko) Chrome/63.0.3218.0 Safari/537.36',
  'upgrade-insecure-requests' => '1',
  'connection' => 'close',
  'host' => 'www.phoneapp.com',
)
[ info ] [ PARAM ] array (
)
[ info ] [ SESSION ] INIT array (
  'id' => '',
  'var_session_id' => '',
  'prefix' => 'think',
  'type' => '',
  'auto_start' => true,
)
[ info ] [ RUN ] app\admin\controller\Index->welcome[ D:\phpStudy\WWW\phone_app\application\admin\controller\Index.php ]
[ info ] [ LOG ] INIT File
---------------------------------------------------------------
[ 2017-11-22T23:15:47+08:00 ] 127.0.0.1 127.0.0.1 GET /index.php/admin/news/add.html
[ info ] www.phoneapp.com/index.php/admin/news/add.html [运行时间：0.068629s][吞吐率：14.57req/s] [内存消耗：1,791.87kb] [文件加载：59]
[ info ] [ LANG ] D:\phpStudy\WWW\phone_app\thinkphp\lang\zh-cn.php
[ info ] [ ROUTE ] array (
  'type' => 'module',
  'module' => 
  array (
    0 => 'admin',
    1 => 'news',
    2 => 'add',
  ),
)
[ info ] [ HEADER ] array (
  'cookie' => 'thinkphp_show_page_trace=0|5; thinkphp_show_page_trace=0|5; Huiskin=default; thinkphp_show_page_trace=0|0; pgv_pvi=8775854080; pgv_si=s3407113216; PHPSESSID=77p5amr4v6k3e1lamq7056tm14; thinkphp_show_page_trace=0|0; Hm_lvt_080836300300be57b7f34f4b3e97d911=1509430665; Hm_lpvt_080836300300be57b7f34f4b3e97d911=1511363698',
  'accept-language' => 'zh-CN,zh;q=0.9',
  'accept-encoding' => 'gzip, deflate',
  'referer' => 'http://www.phoneapp.com/index.php/admin/index/index.html',
  'accept' => 'text/html,application/xhtml+xml,application/xml;q=0.9,image/webp,image/apng,*/*;q=0.8',
  'user-agent' => 'Mozilla/5.0 (Windows NT 10.0; Win64; x64) AppleWebKit/537.36 (KHTML, like Gecko) Chrome/63.0.3218.0 Safari/537.36',
  'upgrade-insecure-requests' => '1',
  'connection' => 'close',
  'host' => 'www.phoneapp.com',
)
[ info ] [ PARAM ] array (
)
[ info ] [ SESSION ] INIT array (
  'id' => '',
  'var_session_id' => '',
  'prefix' => 'think',
  'type' => '',
  'auto_start' => true,
)
[ info ] [ RUN ] app\admin\controller\News->add[ D:\phpStudy\WWW\phone_app\application\admin\controller\News.php ]
[ info ] [ VIEW ] D:\phpStudy\WWW\phone_app\public/../application/admin\view\news\add.html [ array (
) ]
[ info ] [ LOG ] INIT File
---------------------------------------------------------------
[ 2017-11-22T23:15:52+08:00 ] 127.0.0.1 127.0.0.1 GET /index.php/admin/news/
[ info ] www.phoneapp.com/index.php/admin/news/ [运行时间：0.290641s][吞吐率：3.44req/s] [内存消耗：1,751.68kb] [文件加载：60]
[ info ] [ LANG ] D:\phpStudy\WWW\phone_app\thinkphp\lang\zh-cn.php
[ info ] [ ROUTE ] array (
  'type' => 'module',
  'module' => 
  array (
    0 => 'admin',
    1 => 'news',
    2 => NULL,
  ),
)
[ info ] [ HEADER ] array (
  'cookie' => 'thinkphp_show_page_trace=0|5; thinkphp_show_page_trace=0|5; Huiskin=default; thinkphp_show_page_trace=0|0; pgv_pvi=8775854080; pgv_si=s3407113216; PHPSESSID=77p5amr4v6k3e1lamq7056tm14; thinkphp_show_page_trace=0|0; Hm_lvt_080836300300be57b7f34f4b3e97d911=1509430665; Hm_lpvt_080836300300be57b7f34f4b3e97d911=1511363698',
  'accept-language' => 'zh-CN,zh;q=0.9',
  'accept-encoding' => 'gzip, deflate',
  'referer' => 'http://www.phoneapp.com/index.php/admin/news/add.html',
  'accept' => '*/*',
  'x-requested-with' => 'ShockwaveFlash/27.0.0.187',
  'user-agent' => 'Mozilla/5.0 (Windows NT 10.0; Win64; x64) AppleWebKit/537.36 (KHTML, like Gecko) Chrome/63.0.3218.0 Safari/537.36',
  'connection' => 'close',
  'host' => 'www.phoneapp.com',
)
[ info ] [ PARAM ] array (
)
[ info ] [ SESSION ] INIT array (
  'id' => '',
  'var_session_id' => '',
  'prefix' => 'think',
  'type' => '',
  'auto_start' => true,
)
[ info ] [ LOG ] INIT File
---------------------------------------------------------------
[ 2017-11-22T23:16:05+08:00 ] 127.0.0.1 127.0.0.1 POST /index.php/admin/image/upload.html
[ info ] www.phoneapp.com/index.php/admin/image/upload.html [运行时间：0.331170s][吞吐率：3.02req/s] [内存消耗：1,757.52kb] [文件加载：57]
[ info ] [ LANG ] D:\phpStudy\WWW\phone_app\thinkphp\lang\zh-cn.php
[ info ] [ ROUTE ] array (
  'type' => 'module',
  'module' => 
  array (
    0 => 'admin',
    1 => 'image',
    2 => 'upload',
  ),
)
[ info ] [ HEADER ] array (
  'cookie' => 'thinkphp_show_page_trace=0|5; Huiskin=default; thinkphp_show_page_trace=0|0; pgv_pvi=8775854080; pgv_si=s3407113216; PHPSESSID=77p5amr4v6k3e1lamq7056tm14; thinkphp_show_page_trace=0|0; Hm_lvt_080836300300be57b7f34f4b3e97d911=1509430665; Hm_lpvt_080836300300be57b7f34f4b3e97d911=1511363698',
  'accept-language' => 'zh-CN,zh;q=0.9',
  'accept-encoding' => 'gzip, deflate',
  'referer' => 'http://www.phoneapp.com/index.php/admin/news/add.html',
  'accept' => '*/*',
  'content-type' => 'multipart/form-data; boundary=----------Ij5gL6gL6gL6Ef1Ef1Ef1gL6ei4cH2',
  'user-agent' => 'Mozilla/5.0 (Windows NT 10.0; Win64; x64) AppleWebKit/537.36 (KHTML, like Gecko) Chrome/63.0.3218.0 Safari/537.36',
  'x-requested-with' => 'ShockwaveFlash/27.0.0.187',
  'origin' => 'http://www.phoneapp.com',
  'content-length' => '66128',
  'connection' => 'close',
  'host' => 'www.phoneapp.com',
)
[ info ] [ PARAM ] array (
  'Filename' => '屏幕截图(3).png',
  'Upload' => 'Submit Query',
)
[ info ] [ SESSION ] INIT array (
  'id' => '',
  'var_session_id' => '',
  'prefix' => 'think',
  'type' => '',
  'auto_start' => true,
)
[ info ] [ RUN ] app\admin\controller\Image->upload[ D:\phpStudy\WWW\phone_app\application\admin\controller\Image.php ]
[ info ] [ LOG ] INIT File
---------------------------------------------------------------
[ 2017-11-22T23:16:56+08:00 ] 127.0.0.1 127.0.0.1 POST /index.php/admin/image/upload.html
[ info ] www.phoneapp.com/index.php/admin/image/upload.html [运行时间：0.105657s][吞吐率：9.46req/s] [内存消耗：1,757.50kb] [文件加载：57]
[ info ] [ LANG ] D:\phpStudy\WWW\phone_app\thinkphp\lang\zh-cn.php
[ info ] [ ROUTE ] array (
  'type' => 'module',
  'module' => 
  array (
    0 => 'admin',
    1 => 'image',
    2 => 'upload',
  ),
)
[ info ] [ HEADER ] array (
  'cookie' => 'thinkphp_show_page_trace=0|5; Huiskin=default; thinkphp_show_page_trace=0|0; pgv_pvi=8775854080; pgv_si=s3407113216; PHPSESSID=77p5amr4v6k3e1lamq7056tm14; thinkphp_show_page_trace=0|0; Hm_lvt_080836300300be57b7f34f4b3e97d911=1509430665; Hm_lpvt_080836300300be57b7f34f4b3e97d911=1511363698',
  'accept-language' => 'zh-CN,zh;q=0.9',
  'accept-encoding' => 'gzip, deflate',
  'referer' => 'http://www.phoneapp.com/index.php/admin/news/add.html',
  'accept' => '*/*',
  'content-type' => 'multipart/form-data; boundary=----------Ij5gL6ae0cH2ae0GI3ei4Ij5KM7ei4',
  'user-agent' => 'Mozilla/5.0 (Windows NT 10.0; Win64; x64) AppleWebKit/537.36 (KHTML, like Gecko) Chrome/63.0.3218.0 Safari/537.36',
  'x-requested-with' => 'ShockwaveFlash/27.0.0.187',
  'origin' => 'http://www.phoneapp.com',
  'content-length' => '1706051',
  'connection' => 'close',
  'host' => 'www.phoneapp.com',
)
[ info ] [ PARAM ] array (
  'Filename' => '屏幕截图(1).png',
  'Upload' => 'Submit Query',
)
[ info ] [ SESSION ] INIT array (
  'id' => '',
  'var_session_id' => '',
  'prefix' => 'think',
  'type' => '',
  'auto_start' => true,
)
[ info ] [ RUN ] app\admin\controller\Image->upload[ D:\phpStudy\WWW\phone_app\application\admin\controller\Image.php ]
[ info ] [ LOG ] INIT File
---------------------------------------------------------------
[ 2017-11-22T23:46:58+08:00 ] 127.0.0.1 127.0.0.1 POST /index.php/admin/image/upload.html
[ info ] www.phoneapp.com/index.php/admin/image/upload.html [运行时间：0.577890s][吞吐率：1.73req/s] [内存消耗：1,758.10kb] [文件加载：57]
[ info ] [ LANG ] D:\phpStudy\WWW\phone_app\thinkphp\lang\zh-cn.php
[ info ] [ ROUTE ] array (
  'type' => 'module',
  'module' => 
  array (
    0 => 'admin',
    1 => 'image',
    2 => 'upload',
  ),
)
[ info ] [ HEADER ] array (
  'cookie' => 'thinkphp_show_page_trace=0|5; Huiskin=default; thinkphp_show_page_trace=0|0; pgv_pvi=8775854080; pgv_si=s3407113216; PHPSESSID=77p5amr4v6k3e1lamq7056tm14; thinkphp_show_page_trace=0|0; Hm_lvt_080836300300be57b7f34f4b3e97d911=1509430665; Hm_lpvt_080836300300be57b7f34f4b3e97d911=1511363698',
  'accept-language' => 'zh-CN,zh;q=0.9',
  'accept-encoding' => 'gzip, deflate',
  'referer' => 'http://www.phoneapp.com/index.php/admin/news/add.html',
  'accept' => '*/*',
  'content-type' => 'multipart/form-data; boundary=----------KM7ae0KM7KM7gL6GI3Ij5gL6ae0Ij5',
  'user-agent' => 'Mozilla/5.0 (Windows NT 10.0; Win64; x64) AppleWebKit/537.36 (KHTML, like Gecko) Chrome/63.0.3218.0 Safari/537.36',
  'x-requested-with' => 'ShockwaveFlash/27.0.0.187',
  'origin' => 'http://www.phoneapp.com',
  'content-length' => '66128',
  'connection' => 'close',
  'host' => 'www.phoneapp.com',
)
[ info ] [ PARAM ] array (
  'Filename' => '屏幕截图(3).png',
  'Upload' => 'Submit Query',
)
[ info ] [ SESSION ] INIT array (
  'id' => '',
  'var_session_id' => '',
  'prefix' => 'think',
  'type' => '',
  'auto_start' => true,
)
[ info ] [ RUN ] app\admin\controller\Image->upload[ D:\phpStudy\WWW\phone_app\application\admin\controller\Image.php ]
[ info ] [ LOG ] INIT File
---------------------------------------------------------------
[ 2017-11-22T23:50:34+08:00 ] 127.0.0.1 127.0.0.1 GET /index.php/admin/index/index.html
[ info ] www.phoneapp.com/index.php/admin/index/index.html [运行时间：0.329934s][吞吐率：3.03req/s] [内存消耗：1,921.45kb] [文件加载：61]
[ info ] [ LANG ] D:\phpStudy\WWW\phone_app\thinkphp\lang\zh-cn.php
[ info ] [ ROUTE ] array (
  'type' => 'module',
  'module' => 
  array (
    0 => 'admin',
    1 => 'index',
    2 => 'index',
  ),
)
[ info ] [ HEADER ] array (
  'cookie' => 'Huiskin=default; thinkphp_show_page_trace=0|0; thinkphp_show_page_trace=0|5; Huiskin=default; thinkphp_show_page_trace=0|0; pgv_pvi=8775854080; pgv_si=s3407113216; PHPSESSID=77p5amr4v6k3e1lamq7056tm14; thinkphp_show_page_trace=0|0; Hm_lvt_080836300300be57b7f34f4b3e97d911=1509430665; Hm_lpvt_080836300300be57b7f34f4b3e97d911=1511363698',
  'accept-language' => 'zh-CN,zh;q=0.9',
  'accept-encoding' => 'gzip, deflate',
  'referer' => 'http://www.phoneapp.com/index.php/admin/login/check.html',
  'accept' => 'text/html,application/xhtml+xml,application/xml;q=0.9,image/webp,image/apng,*/*;q=0.8',
  'user-agent' => 'Mozilla/5.0 (Windows NT 10.0; Win64; x64) AppleWebKit/537.36 (KHTML, like Gecko) Chrome/63.0.3218.0 Safari/537.36',
  'upgrade-insecure-requests' => '1',
  'cache-control' => 'max-age=0',
  'connection' => 'close',
  'host' => 'www.phoneapp.com',
)
[ info ] [ PARAM ] array (
)
[ info ] [ SESSION ] INIT array (
  'id' => '',
  'var_session_id' => '',
  'prefix' => 'think',
  'type' => '',
  'auto_start' => true,
)
[ info ] [ RUN ] app\admin\controller\Index->index[ D:\phpStudy\WWW\phone_app\application\admin\controller\Index.php ]
[ info ] [ VIEW ] D:\phpStudy\WWW\phone_app\public/../application/admin\view\index\index.html [ array (
) ]
[ info ] [ LOG ] INIT File
---------------------------------------------------------------
[ 2017-11-22T23:50:35+08:00 ] 127.0.0.1 127.0.0.1 GET /index.php/admin/index/welcome.html
[ info ] www.phoneapp.com/index.php/admin/index/welcome.html [运行时间：0.039893s][吞吐率：25.07req/s] [内存消耗：1,742.29kb] [文件加载：57]
[ info ] [ LANG ] D:\phpStudy\WWW\phone_app\thinkphp\lang\zh-cn.php
[ info ] [ ROUTE ] array (
  'type' => 'module',
  'module' => 
  array (
    0 => 'admin',
    1 => 'index',
    2 => 'welcome',
  ),
)
[ info ] [ HEADER ] array (
  'cookie' => 'Huiskin=default; thinkphp_show_page_trace=0|0; thinkphp_show_page_trace=0|5; Huiskin=default; thinkphp_show_page_trace=0|0; pgv_pvi=8775854080; pgv_si=s3407113216; PHPSESSID=77p5amr4v6k3e1lamq7056tm14; thinkphp_show_page_trace=0|0; Hm_lvt_080836300300be57b7f34f4b3e97d911=1509430665; Hm_lpvt_080836300300be57b7f34f4b3e97d911=1511363698',
  'accept-language' => 'zh-CN,zh;q=0.9',
  'accept-encoding' => 'gzip, deflate',
  'referer' => 'http://www.phoneapp.com/index.php/admin/index/index.html',
  'accept' => 'text/html,application/xhtml+xml,application/xml;q=0.9,image/webp,image/apng,*/*;q=0.8',
  'user-agent' => 'Mozilla/5.0 (Windows NT 10.0; Win64; x64) AppleWebKit/537.36 (KHTML, like Gecko) Chrome/63.0.3218.0 Safari/537.36',
  'upgrade-insecure-requests' => '1',
  'connection' => 'close',
  'host' => 'www.phoneapp.com',
)
[ info ] [ PARAM ] array (
)
[ info ] [ SESSION ] INIT array (
  'id' => '',
  'var_session_id' => '',
  'prefix' => 'think',
  'type' => '',
  'auto_start' => true,
)
[ info ] [ RUN ] app\admin\controller\Index->welcome[ D:\phpStudy\WWW\phone_app\application\admin\controller\Index.php ]
[ info ] [ LOG ] INIT File
---------------------------------------------------------------
[ 2017-11-22T23:50:38+08:00 ] 127.0.0.1 127.0.0.1 GET /index.php/admin/news/add.html
[ info ] www.phoneapp.com/index.php/admin/news/add.html [运行时间：0.080401s][吞吐率：12.44req/s] [内存消耗：1,917.72kb] [文件加载：61]
[ info ] [ LANG ] D:\phpStudy\WWW\phone_app\thinkphp\lang\zh-cn.php
[ info ] [ ROUTE ] array (
  'type' => 'module',
  'module' => 
  array (
    0 => 'admin',
    1 => 'news',
    2 => 'add',
  ),
)
[ info ] [ HEADER ] array (
  'cookie' => 'thinkphp_show_page_trace=0|5; thinkphp_show_page_trace=0|5; Huiskin=default; thinkphp_show_page_trace=0|0; pgv_pvi=8775854080; pgv_si=s3407113216; PHPSESSID=77p5amr4v6k3e1lamq7056tm14; thinkphp_show_page_trace=0|0; Hm_lvt_080836300300be57b7f34f4b3e97d911=1509430665; Hm_lpvt_080836300300be57b7f34f4b3e97d911=1511365837',
  'accept-language' => 'zh-CN,zh;q=0.9',
  'accept-encoding' => 'gzip, deflate',
  'referer' => 'http://www.phoneapp.com/index.php/admin/index/index.html',
  'accept' => 'text/html,application/xhtml+xml,application/xml;q=0.9,image/webp,image/apng,*/*;q=0.8',
  'user-agent' => 'Mozilla/5.0 (Windows NT 10.0; Win64; x64) AppleWebKit/537.36 (KHTML, like Gecko) Chrome/63.0.3218.0 Safari/537.36',
  'upgrade-insecure-requests' => '1',
  'connection' => 'close',
  'host' => 'www.phoneapp.com',
)
[ info ] [ PARAM ] array (
)
[ info ] [ SESSION ] INIT array (
  'id' => '',
  'var_session_id' => '',
  'prefix' => 'think',
  'type' => '',
  'auto_start' => true,
)
[ info ] [ RUN ] app\admin\controller\News->add[ D:\phpStudy\WWW\phone_app\application\admin\controller\News.php ]
[ info ] [ VIEW ] D:\phpStudy\WWW\phone_app\public/../application/admin\view\news\add.html [ array (
) ]
[ info ] [ LOG ] INIT File
---------------------------------------------------------------
[ 2017-11-22T23:50:39+08:00 ] 127.0.0.1 127.0.0.1 GET /index.php/admin/news/
[ info ] www.phoneapp.com/index.php/admin/news/ [运行时间：0.150535s][吞吐率：6.64req/s] [内存消耗：1,751.68kb] [文件加载：60]
[ info ] [ LANG ] D:\phpStudy\WWW\phone_app\thinkphp\lang\zh-cn.php
[ info ] [ ROUTE ] array (
  'type' => 'module',
  'module' => 
  array (
    0 => 'admin',
    1 => 'news',
    2 => NULL,
  ),
)
[ info ] [ HEADER ] array (
  'cookie' => 'thinkphp_show_page_trace=0|5; thinkphp_show_page_trace=0|5; Huiskin=default; thinkphp_show_page_trace=0|0; pgv_pvi=8775854080; pgv_si=s3407113216; PHPSESSID=77p5amr4v6k3e1lamq7056tm14; thinkphp_show_page_trace=0|0; Hm_lvt_080836300300be57b7f34f4b3e97d911=1509430665; Hm_lpvt_080836300300be57b7f34f4b3e97d911=1511365837',
  'accept-language' => 'zh-CN,zh;q=0.9',
  'accept-encoding' => 'gzip, deflate',
  'referer' => 'http://www.phoneapp.com/index.php/admin/news/add.html',
  'accept' => '*/*',
  'user-agent' => 'Mozilla/5.0 (Windows NT 10.0; Win64; x64) AppleWebKit/537.36 (KHTML, like Gecko) Chrome/63.0.3218.0 Safari/537.36',
  'x-requested-with' => 'ShockwaveFlash/27.0.0.187',
  'connection' => 'close',
  'host' => 'www.phoneapp.com',
)
[ info ] [ PARAM ] array (
)
[ info ] [ SESSION ] INIT array (
  'id' => '',
  'var_session_id' => '',
  'prefix' => 'think',
  'type' => '',
  'auto_start' => true,
)
[ info ] [ LOG ] INIT File
---------------------------------------------------------------
[ 2017-11-22T23:50:45+08:00 ] 127.0.0.1 127.0.0.1 POST /index.php/admin/image/qiniuupload.html
[ info ] www.phoneapp.com/index.php/admin/image/qiniuupload.html [运行时间：0.052871s][吞吐率：18.91req/s] [内存消耗：1,750.82kb] [文件加载：59]
[ info ] [ LANG ] D:\phpStudy\WWW\phone_app\thinkphp\lang\zh-cn.php
[ info ] [ ROUTE ] array (
  'type' => 'module',
  'module' => 
  array (
    0 => 'admin',
    1 => 'image',
    2 => 'qiniuupload',
  ),
)
[ info ] [ HEADER ] array (
  'cookie' => 'thinkphp_show_page_trace=0|5; Huiskin=default; thinkphp_show_page_trace=0|0; pgv_pvi=8775854080; pgv_si=s3407113216; PHPSESSID=77p5amr4v6k3e1lamq7056tm14; thinkphp_show_page_trace=0|0; Hm_lvt_080836300300be57b7f34f4b3e97d911=1509430665; Hm_lpvt_080836300300be57b7f34f4b3e97d911=1511365837',
  'accept-language' => 'zh-CN,zh;q=0.9',
  'accept-encoding' => 'gzip, deflate',
  'referer' => 'http://www.phoneapp.com/index.php/admin/news/add.html',
  'accept' => '*/*',
  'content-type' => 'multipart/form-data; boundary=----------ae0GI3Ef1cH2gL6ae0KM7cH2Ef1GI3',
  'user-agent' => 'Mozilla/5.0 (Windows NT 10.0; Win64; x64) AppleWebKit/537.36 (KHTML, like Gecko) Chrome/63.0.3218.0 Safari/537.36',
  'x-requested-with' => 'ShockwaveFlash/27.0.0.187',
  'origin' => 'http://www.phoneapp.com',
  'content-length' => '1706051',
  'connection' => 'close',
  'host' => 'www.phoneapp.com',
)
[ info ] [ PARAM ] array (
  'Filename' => '屏幕截图(1).png',
  'Upload' => 'Submit Query',
)
[ info ] [ SESSION ] INIT array (
  'id' => '',
  'var_session_id' => '',
  'prefix' => 'think',
  'type' => '',
  'auto_start' => true,
)
[ info ] [ RUN ] app\admin\controller\Image->qiniuUpload[ D:\phpStudy\WWW\phone_app\application\admin\controller\Image.php ]
[ info ] [ LOG ] INIT File
