---------------------------------------------------------------
[ 2017-11-23T00:06:00+08:00 ] 127.0.0.1 127.0.0.1 POST /index.php/admin/image/qiniuupload.html
[ info ] www.phoneapp.com/index.php/admin/image/qiniuupload.html [运行时间：0.569983s][吞吐率：1.75req/s] [内存消耗：1,755.96kb] [文件加载：61]
[ info ] [ LANG ] D:\phpStudy\WWW\phone_app\thinkphp\lang\zh-cn.php
[ info ] [ ROUTE ] array (
  'type' => 'module',
  'module' => 
  array (
    0 => 'admin',
    1 => 'image',
    2 => 'qiniuupload',
  ),
)
[ info ] [ HEADER ] array (
  'cookie' => 'thinkphp_show_page_trace=0|5; Huiskin=default; thinkphp_show_page_trace=0|0; pgv_pvi=8775854080; pgv_si=s3407113216; PHPSESSID=77p5amr4v6k3e1lamq7056tm14; thinkphp_show_page_trace=0|0; Hm_lvt_080836300300be57b7f34f4b3e97d911=1509430665; Hm_lpvt_080836300300be57b7f34f4b3e97d911=1511365837',
  'accept-language' => 'zh-CN,zh;q=0.9',
  'accept-encoding' => 'gzip, deflate',
  'referer' => 'http://www.phoneapp.com/index.php/admin/news/add.html',
  'accept' => '*/*',
  'content-type' => 'multipart/form-data; boundary=----------Ef1gL6ei4GI3ae0KM7Ij5ae0GI3GI3',
  'user-agent' => 'Mozilla/5.0 (Windows NT 10.0; Win64; x64) AppleWebKit/537.36 (KHTML, like Gecko) Chrome/63.0.3218.0 Safari/537.36',
  'x-requested-with' => 'ShockwaveFlash/27.0.0.187',
  'origin' => 'http://www.phoneapp.com',
  'content-length' => '1706051',
  'connection' => 'close',
  'host' => 'www.phoneapp.com',
)
[ info ] [ PARAM ] array (
  'Filename' => '屏幕截图(1).png',
  'Upload' => 'Submit Query',
)
[ info ] [ SESSION ] INIT array (
  'id' => '',
  'var_session_id' => '',
  'prefix' => 'think',
  'type' => '',
  'auto_start' => true,
)
[ info ] [ RUN ] app\admin\controller\Image->qiniuUpload[ D:\phpStudy\WWW\phone_app\application\admin\controller\Image.php ]
[ info ] [ LOG ] INIT File
[ error ] [404]您提交的图片数据不合法[D:\phpStudy\WWW\phone_app\thinkphp\helper.php:59]
---------------------------------------------------------------
[ 2017-11-23T00:06:07+08:00 ] 127.0.0.1 127.0.0.1 POST /index.php/admin/image/qiniuupload.html
[ info ] www.phoneapp.com/index.php/admin/image/qiniuupload.html [运行时间：0.056803s][吞吐率：17.60req/s] [内存消耗：1,756.11kb] [文件加载：61]
[ info ] [ LANG ] D:\phpStudy\WWW\phone_app\thinkphp\lang\zh-cn.php
[ info ] [ ROUTE ] array (
  'type' => 'module',
  'module' => 
  array (
    0 => 'admin',
    1 => 'image',
    2 => 'qiniuupload',
  ),
)
[ info ] [ HEADER ] array (
  'cookie' => 'thinkphp_show_page_trace=0|5; Huiskin=default; thinkphp_show_page_trace=0|0; pgv_pvi=8775854080; pgv_si=s3407113216; PHPSESSID=77p5amr4v6k3e1lamq7056tm14; thinkphp_show_page_trace=0|0; Hm_lvt_080836300300be57b7f34f4b3e97d911=1509430665; Hm_lpvt_080836300300be57b7f34f4b3e97d911=1511365837',
  'accept-language' => 'zh-CN,zh;q=0.9',
  'accept-encoding' => 'gzip, deflate',
  'referer' => 'http://www.phoneapp.com/index.php/admin/news/add.html',
  'accept' => '*/*',
  'content-type' => 'multipart/form-data; boundary=----------Ij5gL6cH2ei4ei4ei4gL6ei4KM7GI3',
  'user-agent' => 'Mozilla/5.0 (Windows NT 10.0; Win64; x64) AppleWebKit/537.36 (KHTML, like Gecko) Chrome/63.0.3218.0 Safari/537.36',
  'x-requested-with' => 'ShockwaveFlash/27.0.0.187',
  'origin' => 'http://www.phoneapp.com',
  'content-length' => '66128',
  'connection' => 'close',
  'host' => 'www.phoneapp.com',
)
[ info ] [ PARAM ] array (
  'Filename' => '屏幕截图(3).png',
  'Upload' => 'Submit Query',
)
[ info ] [ SESSION ] INIT array (
  'id' => '',
  'var_session_id' => '',
  'prefix' => 'think',
  'type' => '',
  'auto_start' => true,
)
[ info ] [ RUN ] app\admin\controller\Image->qiniuUpload[ D:\phpStudy\WWW\phone_app\application\admin\controller\Image.php ]
[ info ] [ LOG ] INIT File
[ error ] [404]您提交的图片数据不合法[D:\phpStudy\WWW\phone_app\thinkphp\helper.php:59]
---------------------------------------------------------------
[ 2017-11-23T00:06:51+08:00 ] 127.0.0.1 127.0.0.1 POST /index.php/admin/image/qiniuupload.html
[ info ] www.phoneapp.com/index.php/admin/image/qiniuupload.html [运行时间：0.065627s][吞吐率：15.24req/s] [内存消耗：1,628.58kb] [文件加载：52]
[ info ] [ LANG ] D:\phpStudy\WWW\phone_app\thinkphp\lang\zh-cn.php
[ info ] [ ROUTE ] array (
  'type' => 'module',
  'module' => 
  array (
    0 => 'admin',
    1 => 'image',
    2 => 'qiniuupload',
  ),
)
[ info ] [ HEADER ] array (
  'cookie' => 'thinkphp_show_page_trace=0|5; Huiskin=default; thinkphp_show_page_trace=0|0; pgv_pvi=8775854080; pgv_si=s3407113216; PHPSESSID=77p5amr4v6k3e1lamq7056tm14; thinkphp_show_page_trace=0|0; Hm_lvt_080836300300be57b7f34f4b3e97d911=1509430665; Hm_lpvt_080836300300be57b7f34f4b3e97d911=1511365837',
  'accept-language' => 'zh-CN,zh;q=0.9',
  'accept-encoding' => 'gzip, deflate',
  'referer' => 'http://www.phoneapp.com/index.php/admin/news/add.html',
  'accept' => '*/*',
  'content-type' => 'multipart/form-data; boundary=----------gL6Ef1GI3Ij5ei4gL6cH2cH2KM7gL6',
  'user-agent' => 'Mozilla/5.0 (Windows NT 10.0; Win64; x64) AppleWebKit/537.36 (KHTML, like Gecko) Chrome/63.0.3218.0 Safari/537.36',
  'x-requested-with' => 'ShockwaveFlash/27.0.0.187',
  'origin' => 'http://www.phoneapp.com',
  'content-length' => '66128',
  'connection' => 'close',
  'host' => 'www.phoneapp.com',
)
[ info ] [ PARAM ] array (
  'Filename' => '屏幕截图(3).png',
  'Upload' => 'Submit Query',
)
[ info ] [ SESSION ] INIT array (
  'id' => '',
  'var_session_id' => '',
  'prefix' => 'think',
  'type' => '',
  'auto_start' => true,
)
[ info ] [ RUN ] app\admin\controller\Image->qiniuUpload[ D:\phpStudy\WWW\phone_app\application\admin\controller\Image.php ]
[ info ] [ LOG ] INIT File
---------------------------------------------------------------
[ 2017-11-23T00:07:48+08:00 ] 127.0.0.1 127.0.0.1 GET /index.php/admin/news/add.html
[ info ] www.phoneapp.com/index.php/admin/news/add.html [运行时间：0.115528s][吞吐率：8.66req/s] [内存消耗：1,791.87kb] [文件加载：59]
[ info ] [ LANG ] D:\phpStudy\WWW\phone_app\thinkphp\lang\zh-cn.php
[ info ] [ ROUTE ] array (
  'type' => 'module',
  'module' => 
  array (
    0 => 'admin',
    1 => 'news',
    2 => 'add',
  ),
)
[ info ] [ HEADER ] array (
  'cookie' => 'thinkphp_show_page_trace=0|5; thinkphp_show_page_trace=0|5; Huiskin=default; thinkphp_show_page_trace=0|0; pgv_pvi=8775854080; pgv_si=s3407113216; PHPSESSID=77p5amr4v6k3e1lamq7056tm14; thinkphp_show_page_trace=0|0; Hm_lvt_080836300300be57b7f34f4b3e97d911=1509430665; Hm_lpvt_080836300300be57b7f34f4b3e97d911=1511365837',
  'accept-language' => 'zh-CN,zh;q=0.9',
  'accept-encoding' => 'gzip, deflate',
  'referer' => 'http://www.phoneapp.com/index.php/admin/index/index.html',
  'accept' => 'text/html,application/xhtml+xml,application/xml;q=0.9,image/webp,image/apng,*/*;q=0.8',
  'user-agent' => 'Mozilla/5.0 (Windows NT 10.0; Win64; x64) AppleWebKit/537.36 (KHTML, like Gecko) Chrome/63.0.3218.0 Safari/537.36',
  'upgrade-insecure-requests' => '1',
  'connection' => 'close',
  'host' => 'www.phoneapp.com',
)
[ info ] [ PARAM ] array (
)
[ info ] [ SESSION ] INIT array (
  'id' => '',
  'var_session_id' => '',
  'prefix' => 'think',
  'type' => '',
  'auto_start' => true,
)
[ info ] [ RUN ] app\admin\controller\News->add[ D:\phpStudy\WWW\phone_app\application\admin\controller\News.php ]
[ info ] [ VIEW ] D:\phpStudy\WWW\phone_app\public/../application/admin\view\news\add.html [ array (
) ]
[ info ] [ LOG ] INIT File
---------------------------------------------------------------
[ 2017-11-23T00:07:49+08:00 ] 127.0.0.1 127.0.0.1 GET /index.php/admin/news/
[ info ] www.phoneapp.com/index.php/admin/news/ [运行时间：0.083759s][吞吐率：11.94req/s] [内存消耗：1,751.68kb] [文件加载：60]
[ info ] [ LANG ] D:\phpStudy\WWW\phone_app\thinkphp\lang\zh-cn.php
[ info ] [ ROUTE ] array (
  'type' => 'module',
  'module' => 
  array (
    0 => 'admin',
    1 => 'news',
    2 => NULL,
  ),
)
[ info ] [ HEADER ] array (
  'cookie' => 'thinkphp_show_page_trace=0|5; thinkphp_show_page_trace=0|5; Huiskin=default; thinkphp_show_page_trace=0|0; pgv_pvi=8775854080; pgv_si=s3407113216; PHPSESSID=77p5amr4v6k3e1lamq7056tm14; thinkphp_show_page_trace=0|0; Hm_lvt_080836300300be57b7f34f4b3e97d911=1509430665; Hm_lpvt_080836300300be57b7f34f4b3e97d911=1511365837',
  'accept-language' => 'zh-CN,zh;q=0.9',
  'accept-encoding' => 'gzip, deflate',
  'referer' => 'http://www.phoneapp.com/index.php/admin/news/add.html',
  'accept' => '*/*',
  'user-agent' => 'Mozilla/5.0 (Windows NT 10.0; Win64; x64) AppleWebKit/537.36 (KHTML, like Gecko) Chrome/63.0.3218.0 Safari/537.36',
  'x-requested-with' => 'ShockwaveFlash/27.0.0.187',
  'connection' => 'close',
  'host' => 'www.phoneapp.com',
)
[ info ] [ PARAM ] array (
)
[ info ] [ SESSION ] INIT array (
  'id' => '',
  'var_session_id' => '',
  'prefix' => 'think',
  'type' => '',
  'auto_start' => true,
)
[ info ] [ LOG ] INIT File
---------------------------------------------------------------
[ 2017-11-23T00:07:55+08:00 ] 127.0.0.1 127.0.0.1 POST /index.php/admin/image/qiniuupload.html
[ info ] www.phoneapp.com/index.php/admin/image/qiniuupload.html [运行时间：0.051647s][吞吐率：19.36req/s] [内存消耗：1,628.56kb] [文件加载：52]
[ info ] [ LANG ] D:\phpStudy\WWW\phone_app\thinkphp\lang\zh-cn.php
[ info ] [ ROUTE ] array (
  'type' => 'module',
  'module' => 
  array (
    0 => 'admin',
    1 => 'image',
    2 => 'qiniuupload',
  ),
)
[ info ] [ HEADER ] array (
  'cookie' => 'thinkphp_show_page_trace=0|5; Huiskin=default; thinkphp_show_page_trace=0|0; pgv_pvi=8775854080; pgv_si=s3407113216; PHPSESSID=77p5amr4v6k3e1lamq7056tm14; thinkphp_show_page_trace=0|0; Hm_lvt_080836300300be57b7f34f4b3e97d911=1509430665; Hm_lpvt_080836300300be57b7f34f4b3e97d911=1511365837',
  'accept-language' => 'zh-CN,zh;q=0.9',
  'accept-encoding' => 'gzip, deflate',
  'referer' => 'http://www.phoneapp.com/index.php/admin/news/add.html',
  'accept' => '*/*',
  'content-type' => 'multipart/form-data; boundary=----------GI3Ef1ei4Ef1ei4ei4gL6ae0cH2ei4',
  'user-agent' => 'Mozilla/5.0 (Windows NT 10.0; Win64; x64) AppleWebKit/537.36 (KHTML, like Gecko) Chrome/63.0.3218.0 Safari/537.36',
  'x-requested-with' => 'ShockwaveFlash/27.0.0.187',
  'origin' => 'http://www.phoneapp.com',
  'content-length' => '1706051',
  'connection' => 'close',
  'host' => 'www.phoneapp.com',
)
[ info ] [ PARAM ] array (
  'Filename' => '屏幕截图(2).png',
  'Upload' => 'Submit Query',
)
[ info ] [ SESSION ] INIT array (
  'id' => '',
  'var_session_id' => '',
  'prefix' => 'think',
  'type' => '',
  'auto_start' => true,
)
[ info ] [ RUN ] app\admin\controller\Image->qiniuUpload[ D:\phpStudy\WWW\phone_app\application\admin\controller\Image.php ]
[ info ] [ LOG ] INIT File
---------------------------------------------------------------
[ 2017-11-23T00:08:03+08:00 ] 127.0.0.1 127.0.0.1 POST /index.php/admin/image/qiniuupload.html
[ info ] www.phoneapp.com/index.php/admin/image/qiniuupload.html [运行时间：0.075630s][吞吐率：13.22req/s] [内存消耗：1,628.56kb] [文件加载：52]
[ info ] [ LANG ] D:\phpStudy\WWW\phone_app\thinkphp\lang\zh-cn.php
[ info ] [ ROUTE ] array (
  'type' => 'module',
  'module' => 
  array (
    0 => 'admin',
    1 => 'image',
    2 => 'qiniuupload',
  ),
)
[ info ] [ HEADER ] array (
  'cookie' => 'thinkphp_show_page_trace=0|5; Huiskin=default; thinkphp_show_page_trace=0|0; pgv_pvi=8775854080; pgv_si=s3407113216; PHPSESSID=77p5amr4v6k3e1lamq7056tm14; thinkphp_show_page_trace=0|0; Hm_lvt_080836300300be57b7f34f4b3e97d911=1509430665; Hm_lpvt_080836300300be57b7f34f4b3e97d911=1511365837',
  'accept-language' => 'zh-CN,zh;q=0.9',
  'accept-encoding' => 'gzip, deflate',
  'referer' => 'http://www.phoneapp.com/index.php/admin/news/add.html',
  'accept' => '*/*',
  'content-type' => 'multipart/form-data; boundary=----------Ef1ae0cH2ei4ei4cH2gL6cH2gL6KM7',
  'user-agent' => 'Mozilla/5.0 (Windows NT 10.0; Win64; x64) AppleWebKit/537.36 (KHTML, like Gecko) Chrome/63.0.3218.0 Safari/537.36',
  'x-requested-with' => 'ShockwaveFlash/27.0.0.187',
  'origin' => 'http://www.phoneapp.com',
  'content-length' => '1706051',
  'connection' => 'close',
  'host' => 'www.phoneapp.com',
)
[ info ] [ PARAM ] array (
  'Filename' => '屏幕截图(2).png',
  'Upload' => 'Submit Query',
)
[ info ] [ SESSION ] INIT array (
  'id' => '',
  'var_session_id' => '',
  'prefix' => 'think',
  'type' => '',
  'auto_start' => true,
)
[ info ] [ RUN ] app\admin\controller\Image->qiniuUpload[ D:\phpStudy\WWW\phone_app\application\admin\controller\Image.php ]
[ info ] [ LOG ] INIT File
---------------------------------------------------------------
[ 2017-11-23T00:08:36+08:00 ] 127.0.0.1 127.0.0.1 GET /index.php/admin/index/index.html
[ info ] www.phoneapp.com/index.php/admin/index/index.html [运行时间：0.108416s][吞吐率：9.22req/s] [内存消耗：1,791.75kb] [文件加载：59]
[ info ] [ LANG ] D:\phpStudy\WWW\phone_app\thinkphp\lang\zh-cn.php
[ info ] [ ROUTE ] array (
  'type' => 'module',
  'module' => 
  array (
    0 => 'admin',
    1 => 'index',
    2 => 'index',
  ),
)
[ info ] [ HEADER ] array (
  'cookie' => 'Huiskin=default; Huiskin=default; pgv_pvi=8775854080; pgv_si=s3407113216; PHPSESSID=77p5amr4v6k3e1lamq7056tm14; thinkphp_show_page_trace=0|0',
  'accept-language' => 'zh-CN,zh;q=0.9',
  'accept-encoding' => 'gzip, deflate',
  'referer' => 'http://www.phoneapp.com/index.php/admin/login/check.html',
  'accept' => 'text/html,application/xhtml+xml,application/xml;q=0.9,image/webp,image/apng,*/*;q=0.8',
  'user-agent' => 'Mozilla/5.0 (Windows NT 10.0; Win64; x64) AppleWebKit/537.36 (KHTML, like Gecko) Chrome/63.0.3218.0 Safari/537.36',
  'upgrade-insecure-requests' => '1',
  'cache-control' => 'max-age=0',
  'connection' => 'close',
  'host' => 'www.phoneapp.com',
)
[ info ] [ PARAM ] array (
)
[ info ] [ SESSION ] INIT array (
  'id' => '',
  'var_session_id' => '',
  'prefix' => 'think',
  'type' => '',
  'auto_start' => true,
)
[ info ] [ RUN ] app\admin\controller\Index->index[ D:\phpStudy\WWW\phone_app\application\admin\controller\Index.php ]
[ info ] [ VIEW ] D:\phpStudy\WWW\phone_app\public/../application/admin\view\index\index.html [ array (
) ]
[ info ] [ LOG ] INIT File
---------------------------------------------------------------
[ 2017-11-23T00:08:36+08:00 ] 127.0.0.1 127.0.0.1 GET /index.php/admin/index/welcome.html
[ info ] www.phoneapp.com/index.php/admin/index/welcome.html [运行时间：0.063469s][吞吐率：15.76req/s] [内存消耗：1,741.34kb] [文件加载：57]
[ info ] [ LANG ] D:\phpStudy\WWW\phone_app\thinkphp\lang\zh-cn.php
[ info ] [ ROUTE ] array (
  'type' => 'module',
  'module' => 
  array (
    0 => 'admin',
    1 => 'index',
    2 => 'welcome',
  ),
)
[ info ] [ HEADER ] array (
  'cookie' => 'Huiskin=default; Huiskin=default; pgv_pvi=8775854080; pgv_si=s3407113216; PHPSESSID=77p5amr4v6k3e1lamq7056tm14; thinkphp_show_page_trace=0|0',
  'accept-language' => 'zh-CN,zh;q=0.9',
  'accept-encoding' => 'gzip, deflate',
  'referer' => 'http://www.phoneapp.com/index.php/admin/index/index.html',
  'accept' => 'text/html,application/xhtml+xml,application/xml;q=0.9,image/webp,image/apng,*/*;q=0.8',
  'user-agent' => 'Mozilla/5.0 (Windows NT 10.0; Win64; x64) AppleWebKit/537.36 (KHTML, like Gecko) Chrome/63.0.3218.0 Safari/537.36',
  'upgrade-insecure-requests' => '1',
  'connection' => 'close',
  'host' => 'www.phoneapp.com',
)
[ info ] [ PARAM ] array (
)
[ info ] [ SESSION ] INIT array (
  'id' => '',
  'var_session_id' => '',
  'prefix' => 'think',
  'type' => '',
  'auto_start' => true,
)
[ info ] [ RUN ] app\admin\controller\Index->welcome[ D:\phpStudy\WWW\phone_app\application\admin\controller\Index.php ]
[ info ] [ LOG ] INIT File
---------------------------------------------------------------
[ 2017-11-23T00:08:38+08:00 ] 127.0.0.1 127.0.0.1 GET /index.php/admin/news/add.html
[ info ] www.phoneapp.com/index.php/admin/news/add.html [运行时间：0.057344s][吞吐率：17.44req/s] [内存消耗：1,791.48kb] [文件加载：59]
[ info ] [ LANG ] D:\phpStudy\WWW\phone_app\thinkphp\lang\zh-cn.php
[ info ] [ ROUTE ] array (
  'type' => 'module',
  'module' => 
  array (
    0 => 'admin',
    1 => 'news',
    2 => 'add',
  ),
)
[ info ] [ HEADER ] array (
  'cookie' => 'Huiskin=default; pgv_pvi=8775854080; pgv_si=s3407113216; PHPSESSID=77p5amr4v6k3e1lamq7056tm14; thinkphp_show_page_trace=0|0; Hm_lvt_080836300300be57b7f34f4b3e97d911=1511366918; Hm_lpvt_080836300300be57b7f34f4b3e97d911=1511366918',
  'accept-language' => 'zh-CN,zh;q=0.9',
  'accept-encoding' => 'gzip, deflate',
  'referer' => 'http://www.phoneapp.com/index.php/admin/index/index.html',
  'accept' => 'text/html,application/xhtml+xml,application/xml;q=0.9,image/webp,image/apng,*/*;q=0.8',
  'user-agent' => 'Mozilla/5.0 (Windows NT 10.0; Win64; x64) AppleWebKit/537.36 (KHTML, like Gecko) Chrome/63.0.3218.0 Safari/537.36',
  'upgrade-insecure-requests' => '1',
  'connection' => 'close',
  'host' => 'www.phoneapp.com',
)
[ info ] [ PARAM ] array (
)
[ info ] [ SESSION ] INIT array (
  'id' => '',
  'var_session_id' => '',
  'prefix' => 'think',
  'type' => '',
  'auto_start' => true,
)
[ info ] [ RUN ] app\admin\controller\News->add[ D:\phpStudy\WWW\phone_app\application\admin\controller\News.php ]
[ info ] [ VIEW ] D:\phpStudy\WWW\phone_app\public/../application/admin\view\news\add.html [ array (
) ]
[ info ] [ LOG ] INIT File
---------------------------------------------------------------
[ 2017-11-23T00:08:39+08:00 ] 127.0.0.1 127.0.0.1 GET /index.php/admin/news/
[ info ] www.phoneapp.com/index.php/admin/news/ [运行时间：0.066310s][吞吐率：15.08req/s] [内存消耗：1,751.51kb] [文件加载：60]
[ info ] [ LANG ] D:\phpStudy\WWW\phone_app\thinkphp\lang\zh-cn.php
[ info ] [ ROUTE ] array (
  'type' => 'module',
  'module' => 
  array (
    0 => 'admin',
    1 => 'news',
    2 => NULL,
  ),
)
[ info ] [ HEADER ] array (
  'cookie' => 'thinkphp_show_page_trace=0|0; Huiskin=default; pgv_pvi=8775854080; pgv_si=s3407113216; PHPSESSID=77p5amr4v6k3e1lamq7056tm14; thinkphp_show_page_trace=0|0; Hm_lvt_080836300300be57b7f34f4b3e97d911=1511366918; Hm_lpvt_080836300300be57b7f34f4b3e97d911=1511366918',
  'accept-language' => 'zh-CN,zh;q=0.9',
  'accept-encoding' => 'gzip, deflate',
  'referer' => 'http://www.phoneapp.com/index.php/admin/news/add.html',
  'accept' => '*/*',
  'user-agent' => 'Mozilla/5.0 (Windows NT 10.0; Win64; x64) AppleWebKit/537.36 (KHTML, like Gecko) Chrome/63.0.3218.0 Safari/537.36',
  'x-requested-with' => 'ShockwaveFlash/27.0.0.187',
  'connection' => 'close',
  'host' => 'www.phoneapp.com',
)
[ info ] [ PARAM ] array (
)
[ info ] [ SESSION ] INIT array (
  'id' => '',
  'var_session_id' => '',
  'prefix' => 'think',
  'type' => '',
  'auto_start' => true,
)
[ info ] [ LOG ] INIT File
---------------------------------------------------------------
[ 2017-11-23T00:08:46+08:00 ] 127.0.0.1 127.0.0.1 POST /index.php/admin/image/qiniuupload.html
[ info ] www.phoneapp.com/index.php/admin/image/qiniuupload.html [运行时间：0.072779s][吞吐率：13.74req/s] [内存消耗：1,628.17kb] [文件加载：52]
[ info ] [ LANG ] D:\phpStudy\WWW\phone_app\thinkphp\lang\zh-cn.php
[ info ] [ ROUTE ] array (
  'type' => 'module',
  'module' => 
  array (
    0 => 'admin',
    1 => 'image',
    2 => 'qiniuupload',
  ),
)
[ info ] [ HEADER ] array (
  'cookie' => 'Huiskin=default; pgv_pvi=8775854080; pgv_si=s3407113216; PHPSESSID=77p5amr4v6k3e1lamq7056tm14; thinkphp_show_page_trace=0|0; Hm_lvt_080836300300be57b7f34f4b3e97d911=1511366918; Hm_lpvt_080836300300be57b7f34f4b3e97d911=1511366918',
  'accept-language' => 'zh-CN,zh;q=0.9',
  'accept-encoding' => 'gzip, deflate',
  'referer' => 'http://www.phoneapp.com/index.php/admin/news/add.html',
  'accept' => '*/*',
  'content-type' => 'multipart/form-data; boundary=----------ae0KM7cH2gL6ei4GI3KM7cH2KM7Ef1',
  'user-agent' => 'Mozilla/5.0 (Windows NT 10.0; Win64; x64) AppleWebKit/537.36 (KHTML, like Gecko) Chrome/63.0.3218.0 Safari/537.36',
  'x-requested-with' => 'ShockwaveFlash/27.0.0.187',
  'origin' => 'http://www.phoneapp.com',
  'content-length' => '1706046',
  'connection' => 'close',
  'host' => 'www.phoneapp.com',
)
[ info ] [ PARAM ] array (
  'Filename' => '屏幕截图(2).png',
  'Upload' => 'Submit Query',
)
[ info ] [ SESSION ] INIT array (
  'id' => '',
  'var_session_id' => '',
  'prefix' => 'think',
  'type' => '',
  'auto_start' => true,
)
[ info ] [ RUN ] app\admin\controller\Image->qiniuUpload[ D:\phpStudy\WWW\phone_app\application\admin\controller\Image.php ]
[ info ] [ LOG ] INIT File
---------------------------------------------------------------
[ 2017-11-23T00:09:03+08:00 ] 127.0.0.1 127.0.0.1 POST /index.php/admin/image/qiniuupload.html
[ info ] www.phoneapp.com/index.php/admin/image/qiniuupload.html [运行时间：0.040577s][吞吐率：24.64req/s] [内存消耗：1,627.98kb] [文件加载：52]
[ info ] [ LANG ] D:\phpStudy\WWW\phone_app\thinkphp\lang\zh-cn.php
[ info ] [ ROUTE ] array (
  'type' => 'module',
  'module' => 
  array (
    0 => 'admin',
    1 => 'image',
    2 => 'qiniuupload',
  ),
)
[ info ] [ HEADER ] array (
  'cookie' => 'Huiskin=default; pgv_pvi=8775854080; pgv_si=s3407113216; PHPSESSID=77p5amr4v6k3e1lamq7056tm14; thinkphp_show_page_trace=0|0; Hm_lvt_080836300300be57b7f34f4b3e97d911=1511366918; Hm_lpvt_080836300300be57b7f34f4b3e97d911=1511366918',
  'accept-language' => 'zh-CN,zh;q=0.9',
  'accept-encoding' => 'gzip, deflate',
  'referer' => 'http://www.phoneapp.com/index.php/admin/news/add.html',
  'accept' => '*/*',
  'content-type' => 'multipart/form-data; boundary=----------GI3GI3Ij5GI3Ij5cH2Ij5gL6ae0GI3',
  'user-agent' => 'Mozilla/5.0 (Windows NT 10.0; Win64; x64) AppleWebKit/537.36 (KHTML, like Gecko) Chrome/63.0.3218.0 Safari/537.36',
  'x-requested-with' => 'ShockwaveFlash/27.0.0.187',
  'origin' => 'http://www.phoneapp.com',
  'content-length' => '1706046',
  'connection' => 'close',
  'host' => 'www.phoneapp.com',
)
[ info ] [ PARAM ] array (
  'Filename' => '屏幕截图(2).png',
  'Upload' => 'Submit Query',
)
[ info ] [ SESSION ] INIT array (
  'id' => '',
  'var_session_id' => '',
  'prefix' => 'think',
  'type' => '',
  'auto_start' => true,
)
[ info ] [ RUN ] app\admin\controller\Image->qiniuUpload[ D:\phpStudy\WWW\phone_app\application\admin\controller\Image.php ]
[ info ] [ LOG ] INIT File
---------------------------------------------------------------
[ 2017-11-23T00:14:36+08:00 ] 127.0.0.1 127.0.0.1 POST /index.php/admin/image/qiniuupload.html
[ info ] www.phoneapp.com/index.php/admin/image/qiniuupload.html [运行时间：0.050271s][吞吐率：19.89req/s] [内存消耗：1,628.69kb] [文件加载：53]
[ info ] [ LANG ] D:\phpStudy\WWW\phone_app\thinkphp\lang\zh-cn.php
[ info ] [ ROUTE ] array (
  'type' => 'module',
  'module' => 
  array (
    0 => 'admin',
    1 => 'image',
    2 => 'qiniuupload',
  ),
)
[ info ] [ HEADER ] array (
  'cookie' => 'Huiskin=default; pgv_pvi=8775854080; pgv_si=s3407113216; PHPSESSID=77p5amr4v6k3e1lamq7056tm14; thinkphp_show_page_trace=0|0; Hm_lvt_080836300300be57b7f34f4b3e97d911=1511366918; Hm_lpvt_080836300300be57b7f34f4b3e97d911=1511366918',
  'accept-language' => 'zh-CN,zh;q=0.9',
  'accept-encoding' => 'gzip, deflate',
  'referer' => 'http://www.phoneapp.com/index.php/admin/news/add.html',
  'accept' => '*/*',
  'content-type' => 'multipart/form-data; boundary=----------GI3ae0Ef1Ef1Ij5ae0Ef1ae0cH2GI3',
  'user-agent' => 'Mozilla/5.0 (Windows NT 10.0; Win64; x64) AppleWebKit/537.36 (KHTML, like Gecko) Chrome/63.0.3218.0 Safari/537.36',
  'x-requested-with' => 'ShockwaveFlash/27.0.0.187',
  'origin' => 'http://www.phoneapp.com',
  'content-length' => '1706046',
  'connection' => 'close',
  'host' => 'www.phoneapp.com',
)
[ info ] [ PARAM ] array (
  'Filename' => '屏幕截图(2).png',
  'Upload' => 'Submit Query',
)
[ info ] [ SESSION ] INIT array (
  'id' => '',
  'var_session_id' => '',
  'prefix' => 'think',
  'type' => '',
  'auto_start' => true,
)
[ info ] [ RUN ] app\admin\controller\Image->qiniuUpload[ D:\phpStudy\WWW\phone_app\application\admin\controller\Image.php ]
[ info ] [ LOG ] INIT File
