---------------------------------------------------------------
[ 2017-09-30T17:21:18+08:00 ] 127.0.0.1 127.0.0.1 GET /index.php/index/mysql/get
[ info ] www.phoneapp.com/index.php/index/mysql/get [运行时间：0.325106s][吞吐率：3.08req/s] [内存消耗：1,057.30kb] [文件加载：36]
[ info ] [ LANG ] D:\phpStudy\WWW\phone_app\thinkphp\lang\zh-cn.php
[ info ] [ ROUTE ] array (
  'type' => 'module',
  'module' => 
  array (
    0 => 'index',
    1 => 'mysql',
    2 => 'get',
  ),
)
[ info ] [ HEADER ] array (
  'cookie' => 'thinkphp_show_page_trace=0|0; thinkphp_show_page_trace=0|0; Huiskin=default; thinkphp_show_page_trace=0|0; pgv_pvi=8775854080; pgv_si=s3407113216; Hm_lvt_080836300300be57b7f34f4b3e97d911=1506614411; Hm_lpvt_080836300300be57b7f34f4b3e97d911=1506648405; thinkphp_show_page_trace=0|0',
  'accept-language' => 'zh-CN,zh;q=0.9',
  'accept-encoding' => 'gzip, deflate',
  'accept' => 'text/html,application/xhtml+xml,application/xml;q=0.9,image/webp,image/apng,*/*;q=0.8',
  'upgrade-insecure-requests' => '1',
  'user-agent' => 'Mozilla/5.0 (Windows NT 10.0; Win64; x64) AppleWebKit/537.36 (KHTML, like Gecko) Chrome/63.0.3218.0 Safari/537.36',
  'connection' => 'close',
  'host' => 'www.phoneapp.com',
)
[ info ] [ PARAM ] array (
)
[ info ] [ RUN ] app\index\controller\Mysql->get[ D:\phpStudy\WWW\phone_app\application\index\controller\Mysql.php ]
[ info ] [ LOG ] INIT File
---------------------------------------------------------------
[ 2017-09-30T17:21:30+08:00 ] 127.0.0.1 127.0.0.1 GET /index.php/index/news/hello.html
[ info ] www.phoneapp.com/index.php/index/news/hello.html [运行时间：0.150228s][吞吐率：6.66req/s] [内存消耗：1,441.98kb] [文件加载：49]
[ info ] [ LANG ] D:\phpStudy\WWW\phone_app\thinkphp\lang\zh-cn.php
[ info ] [ ROUTE ] array (
  'type' => 'module',
  'module' => 
  array (
    0 => 'index',
    1 => 'news',
    2 => 'hello',
  ),
)
[ info ] [ HEADER ] array (
  'cookie' => 'thinkphp_show_page_trace=0|0; thinkphp_show_page_trace=0|0; Huiskin=default; thinkphp_show_page_trace=0|0; pgv_pvi=8775854080; pgv_si=s3407113216; Hm_lvt_080836300300be57b7f34f4b3e97d911=1506614411; Hm_lpvt_080836300300be57b7f34f4b3e97d911=1506648405; thinkphp_show_page_trace=0|0',
  'accept-language' => 'zh-CN,zh;q=0.9',
  'accept-encoding' => 'gzip, deflate',
  'accept' => 'text/html,application/xhtml+xml,application/xml;q=0.9,image/webp,image/apng,*/*;q=0.8',
  'upgrade-insecure-requests' => '1',
  'user-agent' => 'Mozilla/5.0 (Windows NT 10.0; Win64; x64) AppleWebKit/537.36 (KHTML, like Gecko) Chrome/63.0.3218.0 Safari/537.36',
  'connection' => 'close',
  'host' => 'www.phoneapp.com',
)
[ info ] [ PARAM ] array (
)
[ info ] [ RUN ] app\index\controller\News->hello[ D:\phpStudy\WWW\phone_app\application\index\controller\News.php ]
[ info ] [ LOG ] INIT File
---------------------------------------------------------------
[ 2017-09-30T22:51:00+08:00 ] 127.0.0.1 127.0.0.1 GET /index.php/admin/
[ info ] www.phoneapp.com/index.php/admin/ [运行时间：0.377481s][吞吐率：2.65req/s] [内存消耗：1,608.30kb] [文件加载：53]
[ info ] [ LANG ] D:\phpStudy\WWW\phone_app\thinkphp\lang\zh-cn.php
[ info ] [ ROUTE ] array (
  'type' => 'module',
  'module' => 
  array (
    0 => 'admin',
    1 => NULL,
    2 => NULL,
  ),
)
[ info ] [ HEADER ] array (
  'cookie' => 'Huiskin=default; thinkphp_show_page_trace=0|0; pgv_pvi=8775854080; pgv_si=s3407113216; Hm_lvt_080836300300be57b7f34f4b3e97d911=1506614411; Hm_lpvt_080836300300be57b7f34f4b3e97d911=1506648405; thinkphp_show_page_trace=0|0',
  'accept-language' => 'zh-CN,zh;q=0.9',
  'accept-encoding' => 'gzip, deflate',
  'accept' => 'text/html,application/xhtml+xml,application/xml;q=0.9,image/webp,image/apng,*/*;q=0.8',
  'upgrade-insecure-requests' => '1',
  'user-agent' => 'Mozilla/5.0 (Windows NT 10.0; Win64; x64) AppleWebKit/537.36 (KHTML, like Gecko) Chrome/63.0.3218.0 Safari/537.36',
  'connection' => 'close',
  'host' => 'www.phoneapp.com',
)
[ info ] [ PARAM ] array (
)
[ info ] [ RUN ] app\admin\controller\Index->index[ D:\phpStudy\WWW\phone_app\application\admin\controller\Index.php ]
[ info ] [ VIEW ] D:\phpStudy\WWW\phone_app\public/../application/admin\view\index\index.html [ array (
) ]
[ info ] [ LOG ] INIT File
---------------------------------------------------------------
[ 2017-09-30T22:51:00+08:00 ] 127.0.0.1 127.0.0.1 GET /index.php/admin/index/welcome.html
[ info ] www.phoneapp.com/index.php/admin/index/welcome.html [运行时间：0.093457s][吞吐率：10.70req/s] [内存消耗：1,433.02kb] [文件加载：49]
[ info ] [ LANG ] D:\phpStudy\WWW\phone_app\thinkphp\lang\zh-cn.php
[ info ] [ ROUTE ] array (
  'type' => 'module',
  'module' => 
  array (
    0 => 'admin',
    1 => 'index',
    2 => 'welcome',
  ),
)
[ info ] [ HEADER ] array (
  'cookie' => 'thinkphp_show_page_trace=0|0; Huiskin=default; thinkphp_show_page_trace=0|0; pgv_pvi=8775854080; pgv_si=s3407113216; Hm_lvt_080836300300be57b7f34f4b3e97d911=1506614411; Hm_lpvt_080836300300be57b7f34f4b3e97d911=1506648405; thinkphp_show_page_trace=0|0',
  'accept-language' => 'zh-CN,zh;q=0.9',
  'accept-encoding' => 'gzip, deflate',
  'referer' => 'http://www.phoneapp.com/index.php/admin/',
  'accept' => 'text/html,application/xhtml+xml,application/xml;q=0.9,image/webp,image/apng,*/*;q=0.8',
  'user-agent' => 'Mozilla/5.0 (Windows NT 10.0; Win64; x64) AppleWebKit/537.36 (KHTML, like Gecko) Chrome/63.0.3218.0 Safari/537.36',
  'upgrade-insecure-requests' => '1',
  'connection' => 'close',
  'host' => 'www.phoneapp.com',
)
[ info ] [ PARAM ] array (
)
[ info ] [ RUN ] app\admin\controller\Index->welcome[ D:\phpStudy\WWW\phone_app\application\admin\controller\Index.php ]
[ info ] [ LOG ] INIT File
---------------------------------------------------------------
[ 2017-09-30T22:51:06+08:00 ] 127.0.0.1 127.0.0.1 GET /index.php/admin/admin/add.html
[ info ] www.phoneapp.com/index.php/admin/admin/add.html [运行时间：0.076001s][吞吐率：13.16req/s] [内存消耗：1,442.25kb] [文件加载：52]
[ info ] [ LANG ] D:\phpStudy\WWW\phone_app\thinkphp\lang\zh-cn.php
[ info ] [ ROUTE ] array (
  'type' => 'module',
  'module' => 
  array (
    0 => 'admin',
    1 => 'admin',
    2 => 'add',
  ),
)
[ info ] [ HEADER ] array (
  'cookie' => 'thinkphp_show_page_trace=0|0; Huiskin=default; thinkphp_show_page_trace=0|0; pgv_pvi=8775854080; pgv_si=s3407113216; Hm_lvt_080836300300be57b7f34f4b3e97d911=1506614411; Hm_lpvt_080836300300be57b7f34f4b3e97d911=1506648405; thinkphp_show_page_trace=0|0',
  'accept-language' => 'zh-CN,zh;q=0.9',
  'accept-encoding' => 'gzip, deflate',
  'referer' => 'http://www.phoneapp.com/index.php/admin/',
  'accept' => 'text/html,application/xhtml+xml,application/xml;q=0.9,image/webp,image/apng,*/*;q=0.8',
  'user-agent' => 'Mozilla/5.0 (Windows NT 10.0; Win64; x64) AppleWebKit/537.36 (KHTML, like Gecko) Chrome/63.0.3218.0 Safari/537.36',
  'upgrade-insecure-requests' => '1',
  'connection' => 'close',
  'host' => 'www.phoneapp.com',
)
[ info ] [ PARAM ] array (
)
[ info ] [ LOG ] INIT File
---------------------------------------------------------------
[ 2017-09-30T22:51:43+08:00 ] 127.0.0.1 127.0.0.1 GET /index.php/admin/
[ info ] www.phoneapp.com/index.php/admin/ [运行时间：0.038425s][吞吐率：26.02req/s] [内存消耗：1,482.89kb] [文件加载：51]
[ info ] [ LANG ] D:\phpStudy\WWW\phone_app\thinkphp\lang\zh-cn.php
[ info ] [ ROUTE ] array (
  'type' => 'module',
  'module' => 
  array (
    0 => 'admin',
    1 => NULL,
    2 => NULL,
  ),
)
[ info ] [ HEADER ] array (
  'cookie' => 'thinkphp_show_page_trace=0|0; Huiskin=default; thinkphp_show_page_trace=0|0; pgv_pvi=8775854080; pgv_si=s3407113216; Hm_lvt_080836300300be57b7f34f4b3e97d911=1506614411; Hm_lpvt_080836300300be57b7f34f4b3e97d911=1506648405; thinkphp_show_page_trace=0|0',
  'accept-language' => 'zh-CN,zh;q=0.9',
  'accept-encoding' => 'gzip, deflate',
  'accept' => 'text/html,application/xhtml+xml,application/xml;q=0.9,image/webp,image/apng,*/*;q=0.8',
  'upgrade-insecure-requests' => '1',
  'user-agent' => 'Mozilla/5.0 (Windows NT 10.0; Win64; x64) AppleWebKit/537.36 (KHTML, like Gecko) Chrome/63.0.3218.0 Safari/537.36',
  'cache-control' => 'max-age=0',
  'connection' => 'close',
  'host' => 'www.phoneapp.com',
)
[ info ] [ PARAM ] array (
)
[ info ] [ RUN ] app\admin\controller\Index->index[ D:\phpStudy\WWW\phone_app\application\admin\controller\Index.php ]
[ info ] [ VIEW ] D:\phpStudy\WWW\phone_app\public/../application/admin\view\index\index.html [ array (
) ]
[ info ] [ LOG ] INIT File
---------------------------------------------------------------
[ 2017-09-30T22:51:43+08:00 ] 127.0.0.1 127.0.0.1 GET /index.php/admin/index/welcome.html
[ info ] www.phoneapp.com/index.php/admin/index/welcome.html [运行时间：0.042209s][吞吐率：23.69req/s] [内存消耗：1,433.06kb] [文件加载：49]
[ info ] [ LANG ] D:\phpStudy\WWW\phone_app\thinkphp\lang\zh-cn.php
[ info ] [ ROUTE ] array (
  'type' => 'module',
  'module' => 
  array (
    0 => 'admin',
    1 => 'index',
    2 => 'welcome',
  ),
)
[ info ] [ HEADER ] array (
  'cookie' => 'thinkphp_show_page_trace=0|0; thinkphp_show_page_trace=0|0; Huiskin=default; thinkphp_show_page_trace=0|0; pgv_pvi=8775854080; pgv_si=s3407113216; Hm_lvt_080836300300be57b7f34f4b3e97d911=1506614411; Hm_lpvt_080836300300be57b7f34f4b3e97d911=1506648405; thinkphp_show_page_trace=0|0',
  'accept-language' => 'zh-CN,zh;q=0.9',
  'accept-encoding' => 'gzip, deflate',
  'referer' => 'http://www.phoneapp.com/index.php/admin/',
  'accept' => 'text/html,application/xhtml+xml,application/xml;q=0.9,image/webp,image/apng,*/*;q=0.8',
  'user-agent' => 'Mozilla/5.0 (Windows NT 10.0; Win64; x64) AppleWebKit/537.36 (KHTML, like Gecko) Chrome/63.0.3218.0 Safari/537.36',
  'upgrade-insecure-requests' => '1',
  'connection' => 'close',
  'host' => 'www.phoneapp.com',
)
[ info ] [ PARAM ] array (
)
[ info ] [ RUN ] app\admin\controller\Index->welcome[ D:\phpStudy\WWW\phone_app\application\admin\controller\Index.php ]
[ info ] [ LOG ] INIT File
---------------------------------------------------------------
[ 2017-09-30T22:51:50+08:00 ] 127.0.0.1 127.0.0.1 GET /index.php/admin/admin/add.html
[ info ] www.phoneapp.com/index.php/admin/admin/add.html [运行时间：0.073870s][吞吐率：13.54req/s] [内存消耗：1,453.19kb] [文件加载：53]
[ info ] [ LANG ] D:\phpStudy\WWW\phone_app\thinkphp\lang\zh-cn.php
[ info ] [ ROUTE ] array (
  'type' => 'module',
  'module' => 
  array (
    0 => 'admin',
    1 => 'admin',
    2 => 'add',
  ),
)
[ info ] [ HEADER ] array (
  'cookie' => 'thinkphp_show_page_trace=0|0; thinkphp_show_page_trace=0|0; Huiskin=default; thinkphp_show_page_trace=0|0; pgv_pvi=8775854080; pgv_si=s3407113216; Hm_lvt_080836300300be57b7f34f4b3e97d911=1506614411; Hm_lpvt_080836300300be57b7f34f4b3e97d911=1506648405; thinkphp_show_page_trace=0|0',
  'accept-language' => 'zh-CN,zh;q=0.9',
  'accept-encoding' => 'gzip, deflate',
  'referer' => 'http://www.phoneapp.com/index.php/admin/',
  'accept' => 'text/html,application/xhtml+xml,application/xml;q=0.9,image/webp,image/apng,*/*;q=0.8',
  'user-agent' => 'Mozilla/5.0 (Windows NT 10.0; Win64; x64) AppleWebKit/537.36 (KHTML, like Gecko) Chrome/63.0.3218.0 Safari/537.36',
  'upgrade-insecure-requests' => '1',
  'connection' => 'close',
  'host' => 'www.phoneapp.com',
)
[ info ] [ PARAM ] array (
)
[ info ] [ RUN ] app\admin\controller\Admin->add[ D:\phpStudy\WWW\phone_app\application\admin\controller\Admin.php ]
[ info ] [ LOG ] INIT File
[ error ] [1]Call to undefined method app\admin\controller\Admin::fatch()[D:\phpStudy\WWW\phone_app\application\admin\controller\Admin.php:9]
---------------------------------------------------------------
[ 2017-09-30T22:52:16+08:00 ] 127.0.0.1 127.0.0.1 GET /index.php/admin/
[ info ] www.phoneapp.com/index.php/admin/ [运行时间：0.034881s][吞吐率：28.67req/s] [内存消耗：1,482.89kb] [文件加载：51]
[ info ] [ LANG ] D:\phpStudy\WWW\phone_app\thinkphp\lang\zh-cn.php
[ info ] [ ROUTE ] array (
  'type' => 'module',
  'module' => 
  array (
    0 => 'admin',
    1 => NULL,
    2 => NULL,
  ),
)
[ info ] [ HEADER ] array (
  'cookie' => 'thinkphp_show_page_trace=0|0; Huiskin=default; thinkphp_show_page_trace=0|0; pgv_pvi=8775854080; pgv_si=s3407113216; Hm_lvt_080836300300be57b7f34f4b3e97d911=1506614411; Hm_lpvt_080836300300be57b7f34f4b3e97d911=1506648405; thinkphp_show_page_trace=0|0',
  'accept-language' => 'zh-CN,zh;q=0.9',
  'accept-encoding' => 'gzip, deflate',
  'accept' => 'text/html,application/xhtml+xml,application/xml;q=0.9,image/webp,image/apng,*/*;q=0.8',
  'upgrade-insecure-requests' => '1',
  'user-agent' => 'Mozilla/5.0 (Windows NT 10.0; Win64; x64) AppleWebKit/537.36 (KHTML, like Gecko) Chrome/63.0.3218.0 Safari/537.36',
  'cache-control' => 'max-age=0',
  'connection' => 'close',
  'host' => 'www.phoneapp.com',
)
[ info ] [ PARAM ] array (
)
[ info ] [ RUN ] app\admin\controller\Index->index[ D:\phpStudy\WWW\phone_app\application\admin\controller\Index.php ]
[ info ] [ VIEW ] D:\phpStudy\WWW\phone_app\public/../application/admin\view\index\index.html [ array (
) ]
[ info ] [ LOG ] INIT File
---------------------------------------------------------------
[ 2017-09-30T22:52:16+08:00 ] 127.0.0.1 127.0.0.1 GET /index.php/admin/index/welcome.html
[ info ] www.phoneapp.com/index.php/admin/index/welcome.html [运行时间：0.041485s][吞吐率：24.11req/s] [内存消耗：1,433.06kb] [文件加载：49]
[ info ] [ LANG ] D:\phpStudy\WWW\phone_app\thinkphp\lang\zh-cn.php
[ info ] [ ROUTE ] array (
  'type' => 'module',
  'module' => 
  array (
    0 => 'admin',
    1 => 'index',
    2 => 'welcome',
  ),
)
[ info ] [ HEADER ] array (
  'cookie' => 'thinkphp_show_page_trace=0|0; thinkphp_show_page_trace=0|0; Huiskin=default; thinkphp_show_page_trace=0|0; pgv_pvi=8775854080; pgv_si=s3407113216; Hm_lvt_080836300300be57b7f34f4b3e97d911=1506614411; Hm_lpvt_080836300300be57b7f34f4b3e97d911=1506648405; thinkphp_show_page_trace=0|0',
  'accept-language' => 'zh-CN,zh;q=0.9',
  'accept-encoding' => 'gzip, deflate',
  'referer' => 'http://www.phoneapp.com/index.php/admin/',
  'accept' => 'text/html,application/xhtml+xml,application/xml;q=0.9,image/webp,image/apng,*/*;q=0.8',
  'user-agent' => 'Mozilla/5.0 (Windows NT 10.0; Win64; x64) AppleWebKit/537.36 (KHTML, like Gecko) Chrome/63.0.3218.0 Safari/537.36',
  'upgrade-insecure-requests' => '1',
  'connection' => 'close',
  'host' => 'www.phoneapp.com',
)
[ info ] [ PARAM ] array (
)
[ info ] [ RUN ] app\admin\controller\Index->welcome[ D:\phpStudy\WWW\phone_app\application\admin\controller\Index.php ]
[ info ] [ LOG ] INIT File
---------------------------------------------------------------
[ 2017-09-30T22:52:18+08:00 ] 127.0.0.1 127.0.0.1 GET /index.php/admin/admin/add.html
[ info ] www.phoneapp.com/index.php/admin/admin/add.html [运行时间：0.041363s][吞吐率：24.18req/s] [内存消耗：1,434.70kb] [文件加载：50]
[ info ] [ LANG ] D:\phpStudy\WWW\phone_app\thinkphp\lang\zh-cn.php
[ info ] [ ROUTE ] array (
  'type' => 'module',
  'module' => 
  array (
    0 => 'admin',
    1 => 'admin',
    2 => 'add',
  ),
)
[ info ] [ HEADER ] array (
  'cookie' => 'thinkphp_show_page_trace=0|0; thinkphp_show_page_trace=0|0; Huiskin=default; thinkphp_show_page_trace=0|0; pgv_pvi=8775854080; pgv_si=s3407113216; Hm_lvt_080836300300be57b7f34f4b3e97d911=1506614411; Hm_lpvt_080836300300be57b7f34f4b3e97d911=1506648405; thinkphp_show_page_trace=0|0',
  'accept-language' => 'zh-CN,zh;q=0.9',
  'accept-encoding' => 'gzip, deflate',
  'referer' => 'http://www.phoneapp.com/index.php/admin/',
  'accept' => 'text/html,application/xhtml+xml,application/xml;q=0.9,image/webp,image/apng,*/*;q=0.8',
  'user-agent' => 'Mozilla/5.0 (Windows NT 10.0; Win64; x64) AppleWebKit/537.36 (KHTML, like Gecko) Chrome/63.0.3218.0 Safari/537.36',
  'upgrade-insecure-requests' => '1',
  'connection' => 'close',
  'host' => 'www.phoneapp.com',
)
[ info ] [ PARAM ] array (
)
[ info ] [ RUN ] app\admin\controller\Admin->add[ D:\phpStudy\WWW\phone_app\application\admin\controller\Admin.php ]
[ info ] [ VIEW ] D:\phpStudy\WWW\phone_app\public/../application/admin\view\admin\add.html [ array (
) ]
[ info ] [ LOG ] INIT File
---------------------------------------------------------------
[ 2017-09-30T23:21:17+08:00 ] 127.0.0.1 127.0.0.1 GET /index.php/admin/
[ info ] www.phoneapp.com/index.php/admin/ [运行时间：0.041791s][吞吐率：23.93req/s] [内存消耗：1,482.81kb] [文件加载：51]
[ info ] [ LANG ] D:\phpStudy\WWW\phone_app\thinkphp\lang\zh-cn.php
[ info ] [ ROUTE ] array (
  'type' => 'module',
  'module' => 
  array (
    0 => 'admin',
    1 => NULL,
    2 => NULL,
  ),
)
[ info ] [ HEADER ] array (
  'cookie' => 'thinkphp_show_page_trace=0|0; Huiskin=default; thinkphp_show_page_trace=0|0; pgv_pvi=8775854080; pgv_si=s3407113216; Hm_lvt_080836300300be57b7f34f4b3e97d911=1506614411; Hm_lpvt_080836300300be57b7f34f4b3e97d911=1506648405; thinkphp_show_page_trace=0|0',
  'accept-language' => 'zh-CN,zh;q=0.9',
  'accept-encoding' => 'gzip, deflate',
  'accept' => 'text/html,application/xhtml+xml,application/xml;q=0.9,image/webp,image/apng,*/*;q=0.8',
  'upgrade-insecure-requests' => '1',
  'user-agent' => 'Mozilla/5.0 (Windows NT 10.0; Win64; x64) AppleWebKit/537.36 (KHTML, like Gecko) Chrome/63.0.3218.0 Safari/537.36',
  'cache-control' => 'max-age=0',
  'connection' => 'close',
  'host' => 'www.phoneapp.com',
)
[ info ] [ PARAM ] array (
)
[ info ] [ RUN ] app\admin\controller\Index->index[ D:\phpStudy\WWW\phone_app\application\admin\controller\Index.php ]
[ info ] [ VIEW ] D:\phpStudy\WWW\phone_app\public/../application/admin\view\index\index.html [ array (
) ]
[ info ] [ LOG ] INIT File
---------------------------------------------------------------
[ 2017-09-30T23:21:17+08:00 ] 127.0.0.1 127.0.0.1 GET /index.php/admin/index/welcome.html
[ info ] www.phoneapp.com/index.php/admin/index/welcome.html [运行时间：0.038342s][吞吐率：26.08req/s] [内存消耗：1,433.06kb] [文件加载：49]
[ info ] [ LANG ] D:\phpStudy\WWW\phone_app\thinkphp\lang\zh-cn.php
[ info ] [ ROUTE ] array (
  'type' => 'module',
  'module' => 
  array (
    0 => 'admin',
    1 => 'index',
    2 => 'welcome',
  ),
)
[ info ] [ HEADER ] array (
  'cookie' => 'thinkphp_show_page_trace=0|0; thinkphp_show_page_trace=0|0; Huiskin=default; thinkphp_show_page_trace=0|0; pgv_pvi=8775854080; pgv_si=s3407113216; Hm_lvt_080836300300be57b7f34f4b3e97d911=1506614411; Hm_lpvt_080836300300be57b7f34f4b3e97d911=1506648405; thinkphp_show_page_trace=0|0',
  'accept-language' => 'zh-CN,zh;q=0.9',
  'accept-encoding' => 'gzip, deflate',
  'referer' => 'http://www.phoneapp.com/index.php/admin/',
  'accept' => 'text/html,application/xhtml+xml,application/xml;q=0.9,image/webp,image/apng,*/*;q=0.8',
  'user-agent' => 'Mozilla/5.0 (Windows NT 10.0; Win64; x64) AppleWebKit/537.36 (KHTML, like Gecko) Chrome/63.0.3218.0 Safari/537.36',
  'upgrade-insecure-requests' => '1',
  'connection' => 'close',
  'host' => 'www.phoneapp.com',
)
[ info ] [ PARAM ] array (
)
[ info ] [ RUN ] app\admin\controller\Index->welcome[ D:\phpStudy\WWW\phone_app\application\admin\controller\Index.php ]
[ info ] [ LOG ] INIT File
---------------------------------------------------------------
[ 2017-09-30T23:21:19+08:00 ] 127.0.0.1 127.0.0.1 GET /index.php/admin/admin/add.html
[ info ] www.phoneapp.com/index.php/admin/admin/add.html [运行时间：0.043407s][吞吐率：23.04req/s] [内存消耗：1,560.80kb] [文件加载：52]
[ info ] [ LANG ] D:\phpStudy\WWW\phone_app\thinkphp\lang\zh-cn.php
[ info ] [ ROUTE ] array (
  'type' => 'module',
  'module' => 
  array (
    0 => 'admin',
    1 => 'admin',
    2 => 'add',
  ),
)
[ info ] [ HEADER ] array (
  'cookie' => 'thinkphp_show_page_trace=0|0; thinkphp_show_page_trace=0|0; Huiskin=default; thinkphp_show_page_trace=0|0; pgv_pvi=8775854080; pgv_si=s3407113216; Hm_lvt_080836300300be57b7f34f4b3e97d911=1506614411; Hm_lpvt_080836300300be57b7f34f4b3e97d911=1506648405; thinkphp_show_page_trace=0|0',
  'accept-language' => 'zh-CN,zh;q=0.9',
  'accept-encoding' => 'gzip, deflate',
  'referer' => 'http://www.phoneapp.com/index.php/admin/',
  'accept' => 'text/html,application/xhtml+xml,application/xml;q=0.9,image/webp,image/apng,*/*;q=0.8',
  'user-agent' => 'Mozilla/5.0 (Windows NT 10.0; Win64; x64) AppleWebKit/537.36 (KHTML, like Gecko) Chrome/63.0.3218.0 Safari/537.36',
  'upgrade-insecure-requests' => '1',
  'connection' => 'close',
  'host' => 'www.phoneapp.com',
)
[ info ] [ PARAM ] array (
)
[ info ] [ RUN ] app\admin\controller\Admin->add[ D:\phpStudy\WWW\phone_app\application\admin\controller\Admin.php ]
[ info ] [ VIEW ] D:\phpStudy\WWW\phone_app\public/../application/admin\view\admin\add.html [ array (
) ]
[ info ] [ LOG ] INIT File
---------------------------------------------------------------
[ 2017-09-30T23:31:25+08:00 ] 127.0.0.1 127.0.0.1 GET /index.php/admin/
[ info ] www.phoneapp.com/index.php/admin/ [运行时间：0.051255s][吞吐率：19.51req/s] [内存消耗：1,482.81kb] [文件加载：51]
[ info ] [ LANG ] D:\phpStudy\WWW\phone_app\thinkphp\lang\zh-cn.php
[ info ] [ ROUTE ] array (
  'type' => 'module',
  'module' => 
  array (
    0 => 'admin',
    1 => NULL,
    2 => NULL,
  ),
)
[ info ] [ HEADER ] array (
  'cookie' => 'thinkphp_show_page_trace=0|0; Huiskin=default; thinkphp_show_page_trace=0|0; pgv_pvi=8775854080; pgv_si=s3407113216; Hm_lvt_080836300300be57b7f34f4b3e97d911=1506614411; Hm_lpvt_080836300300be57b7f34f4b3e97d911=1506648405; thinkphp_show_page_trace=0|0',
  'accept-language' => 'zh-CN,zh;q=0.9',
  'accept-encoding' => 'gzip, deflate',
  'accept' => 'text/html,application/xhtml+xml,application/xml;q=0.9,image/webp,image/apng,*/*;q=0.8',
  'upgrade-insecure-requests' => '1',
  'user-agent' => 'Mozilla/5.0 (Windows NT 10.0; Win64; x64) AppleWebKit/537.36 (KHTML, like Gecko) Chrome/63.0.3218.0 Safari/537.36',
  'cache-control' => 'max-age=0',
  'connection' => 'close',
  'host' => 'www.phoneapp.com',
)
[ info ] [ PARAM ] array (
)
[ info ] [ RUN ] app\admin\controller\Index->index[ D:\phpStudy\WWW\phone_app\application\admin\controller\Index.php ]
[ info ] [ VIEW ] D:\phpStudy\WWW\phone_app\public/../application/admin\view\index\index.html [ array (
) ]
[ info ] [ LOG ] INIT File
---------------------------------------------------------------
[ 2017-09-30T23:31:26+08:00 ] 127.0.0.1 127.0.0.1 GET /index.php/admin/index/welcome.html
[ info ] www.phoneapp.com/index.php/admin/index/welcome.html [运行时间：0.047654s][吞吐率：20.98req/s] [内存消耗：1,433.06kb] [文件加载：49]
[ info ] [ LANG ] D:\phpStudy\WWW\phone_app\thinkphp\lang\zh-cn.php
[ info ] [ ROUTE ] array (
  'type' => 'module',
  'module' => 
  array (
    0 => 'admin',
    1 => 'index',
    2 => 'welcome',
  ),
)
[ info ] [ HEADER ] array (
  'cookie' => 'thinkphp_show_page_trace=0|0; thinkphp_show_page_trace=0|0; Huiskin=default; thinkphp_show_page_trace=0|0; pgv_pvi=8775854080; pgv_si=s3407113216; Hm_lvt_080836300300be57b7f34f4b3e97d911=1506614411; Hm_lpvt_080836300300be57b7f34f4b3e97d911=1506648405; thinkphp_show_page_trace=0|0',
  'accept-language' => 'zh-CN,zh;q=0.9',
  'accept-encoding' => 'gzip, deflate',
  'referer' => 'http://www.phoneapp.com/index.php/admin/',
  'accept' => 'text/html,application/xhtml+xml,application/xml;q=0.9,image/webp,image/apng,*/*;q=0.8',
  'user-agent' => 'Mozilla/5.0 (Windows NT 10.0; Win64; x64) AppleWebKit/537.36 (KHTML, like Gecko) Chrome/63.0.3218.0 Safari/537.36',
  'upgrade-insecure-requests' => '1',
  'connection' => 'close',
  'host' => 'www.phoneapp.com',
)
[ info ] [ PARAM ] array (
)
[ info ] [ RUN ] app\admin\controller\Index->welcome[ D:\phpStudy\WWW\phone_app\application\admin\controller\Index.php ]
[ info ] [ LOG ] INIT File
---------------------------------------------------------------
[ 2017-09-30T23:31:28+08:00 ] 127.0.0.1 127.0.0.1 GET /index.php/admin/admin/add.html
[ info ] www.phoneapp.com/index.php/admin/admin/add.html [运行时间：0.045247s][吞吐率：22.10req/s] [内存消耗：1,434.62kb] [文件加载：50]
[ info ] [ LANG ] D:\phpStudy\WWW\phone_app\thinkphp\lang\zh-cn.php
[ info ] [ ROUTE ] array (
  'type' => 'module',
  'module' => 
  array (
    0 => 'admin',
    1 => 'admin',
    2 => 'add',
  ),
)
[ info ] [ HEADER ] array (
  'cookie' => 'thinkphp_show_page_trace=0|0; thinkphp_show_page_trace=0|0; Huiskin=default; thinkphp_show_page_trace=0|0; pgv_pvi=8775854080; pgv_si=s3407113216; Hm_lvt_080836300300be57b7f34f4b3e97d911=1506614411; Hm_lpvt_080836300300be57b7f34f4b3e97d911=1506648405; thinkphp_show_page_trace=0|0',
  'accept-language' => 'zh-CN,zh;q=0.9',
  'accept-encoding' => 'gzip, deflate',
  'referer' => 'http://www.phoneapp.com/index.php/admin/',
  'accept' => 'text/html,application/xhtml+xml,application/xml;q=0.9,image/webp,image/apng,*/*;q=0.8',
  'user-agent' => 'Mozilla/5.0 (Windows NT 10.0; Win64; x64) AppleWebKit/537.36 (KHTML, like Gecko) Chrome/63.0.3218.0 Safari/537.36',
  'upgrade-insecure-requests' => '1',
  'connection' => 'close',
  'host' => 'www.phoneapp.com',
)
[ info ] [ PARAM ] array (
)
[ info ] [ RUN ] app\admin\controller\Admin->add[ D:\phpStudy\WWW\phone_app\application\admin\controller\Admin.php ]
[ info ] [ VIEW ] D:\phpStudy\WWW\phone_app\public/../application/admin\view\admin\add.html [ array (
) ]
[ info ] [ LOG ] INIT File
---------------------------------------------------------------
[ 2017-09-30T23:34:38+08:00 ] 127.0.0.1 127.0.0.1 GET /index.php/admin/
[ info ] www.phoneapp.com/index.php/admin/ [运行时间：0.037787s][吞吐率：26.46req/s] [内存消耗：1,482.89kb] [文件加载：51]
[ info ] [ LANG ] D:\phpStudy\WWW\phone_app\thinkphp\lang\zh-cn.php
[ info ] [ ROUTE ] array (
  'type' => 'module',
  'module' => 
  array (
    0 => 'admin',
    1 => NULL,
    2 => NULL,
  ),
)
[ info ] [ HEADER ] array (
  'cookie' => 'thinkphp_show_page_trace=0|0; Huiskin=default; thinkphp_show_page_trace=0|0; pgv_pvi=8775854080; pgv_si=s3407113216; Hm_lvt_080836300300be57b7f34f4b3e97d911=1506614411; Hm_lpvt_080836300300be57b7f34f4b3e97d911=1506648405; thinkphp_show_page_trace=0|0',
  'accept-language' => 'zh-CN,zh;q=0.9',
  'accept-encoding' => 'gzip, deflate',
  'accept' => 'text/html,application/xhtml+xml,application/xml;q=0.9,image/webp,image/apng,*/*;q=0.8',
  'upgrade-insecure-requests' => '1',
  'user-agent' => 'Mozilla/5.0 (Windows NT 10.0; Win64; x64) AppleWebKit/537.36 (KHTML, like Gecko) Chrome/63.0.3218.0 Safari/537.36',
  'cache-control' => 'max-age=0',
  'connection' => 'close',
  'host' => 'www.phoneapp.com',
)
[ info ] [ PARAM ] array (
)
[ info ] [ RUN ] app\admin\controller\Index->index[ D:\phpStudy\WWW\phone_app\application\admin\controller\Index.php ]
[ info ] [ VIEW ] D:\phpStudy\WWW\phone_app\public/../application/admin\view\index\index.html [ array (
) ]
[ info ] [ LOG ] INIT File
---------------------------------------------------------------
[ 2017-09-30T23:34:38+08:00 ] 127.0.0.1 127.0.0.1 GET /index.php/admin/index/welcome.html
[ info ] www.phoneapp.com/index.php/admin/index/welcome.html [运行时间：0.040514s][吞吐率：24.68req/s] [内存消耗：1,433.06kb] [文件加载：49]
[ info ] [ LANG ] D:\phpStudy\WWW\phone_app\thinkphp\lang\zh-cn.php
[ info ] [ ROUTE ] array (
  'type' => 'module',
  'module' => 
  array (
    0 => 'admin',
    1 => 'index',
    2 => 'welcome',
  ),
)
[ info ] [ HEADER ] array (
  'cookie' => 'thinkphp_show_page_trace=0|0; thinkphp_show_page_trace=0|0; Huiskin=default; thinkphp_show_page_trace=0|0; pgv_pvi=8775854080; pgv_si=s3407113216; Hm_lvt_080836300300be57b7f34f4b3e97d911=1506614411; Hm_lpvt_080836300300be57b7f34f4b3e97d911=1506648405; thinkphp_show_page_trace=0|0',
  'accept-language' => 'zh-CN,zh;q=0.9',
  'accept-encoding' => 'gzip, deflate',
  'referer' => 'http://www.phoneapp.com/index.php/admin/',
  'accept' => 'text/html,application/xhtml+xml,application/xml;q=0.9,image/webp,image/apng,*/*;q=0.8',
  'user-agent' => 'Mozilla/5.0 (Windows NT 10.0; Win64; x64) AppleWebKit/537.36 (KHTML, like Gecko) Chrome/63.0.3218.0 Safari/537.36',
  'upgrade-insecure-requests' => '1',
  'connection' => 'close',
  'host' => 'www.phoneapp.com',
)
[ info ] [ PARAM ] array (
)
[ info ] [ RUN ] app\admin\controller\Index->welcome[ D:\phpStudy\WWW\phone_app\application\admin\controller\Index.php ]
[ info ] [ LOG ] INIT File
---------------------------------------------------------------
[ 2017-09-30T23:34:40+08:00 ] 127.0.0.1 127.0.0.1 GET /index.php/admin/admin/add.html
[ info ] www.phoneapp.com/index.php/admin/admin/add.html [运行时间：0.045774s][吞吐率：21.85req/s] [内存消耗：1,604.12kb] [文件加载：53]
[ info ] [ LANG ] D:\phpStudy\WWW\phone_app\thinkphp\lang\zh-cn.php
[ info ] [ ROUTE ] array (
  'type' => 'module',
  'module' => 
  array (
    0 => 'admin',
    1 => 'admin',
    2 => 'add',
  ),
)
[ info ] [ HEADER ] array (
  'cookie' => 'thinkphp_show_page_trace=0|0; thinkphp_show_page_trace=0|0; Huiskin=default; thinkphp_show_page_trace=0|0; pgv_pvi=8775854080; pgv_si=s3407113216; Hm_lvt_080836300300be57b7f34f4b3e97d911=1506614411; Hm_lpvt_080836300300be57b7f34f4b3e97d911=1506648405; thinkphp_show_page_trace=0|0',
  'accept-language' => 'zh-CN,zh;q=0.9',
  'accept-encoding' => 'gzip, deflate',
  'referer' => 'http://www.phoneapp.com/index.php/admin/',
  'accept' => 'text/html,application/xhtml+xml,application/xml;q=0.9,image/webp,image/apng,*/*;q=0.8',
  'user-agent' => 'Mozilla/5.0 (Windows NT 10.0; Win64; x64) AppleWebKit/537.36 (KHTML, like Gecko) Chrome/63.0.3218.0 Safari/537.36',
  'upgrade-insecure-requests' => '1',
  'connection' => 'close',
  'host' => 'www.phoneapp.com',
)
[ info ] [ PARAM ] array (
)
[ info ] [ RUN ] app\admin\controller\Admin->add[ D:\phpStudy\WWW\phone_app\application\admin\controller\Admin.php ]
[ info ] [ VIEW ] D:\phpStudy\WWW\phone_app\public/../application/admin\view\admin\add.html [ array (
) ]
[ info ] [ LOG ] INIT File
---------------------------------------------------------------
[ 2017-09-30T23:35:54+08:00 ] 127.0.0.1 127.0.0.1 GET /index.php/admin/
[ info ] www.phoneapp.com/index.php/admin/ [运行时间：0.033422s][吞吐率：29.92req/s] [内存消耗：1,482.89kb] [文件加载：51]
[ info ] [ LANG ] D:\phpStudy\WWW\phone_app\thinkphp\lang\zh-cn.php
[ info ] [ ROUTE ] array (
  'type' => 'module',
  'module' => 
  array (
    0 => 'admin',
    1 => NULL,
    2 => NULL,
  ),
)
[ info ] [ HEADER ] array (
  'cookie' => 'thinkphp_show_page_trace=0|0; Huiskin=default; thinkphp_show_page_trace=0|0; pgv_pvi=8775854080; pgv_si=s3407113216; Hm_lvt_080836300300be57b7f34f4b3e97d911=1506614411; Hm_lpvt_080836300300be57b7f34f4b3e97d911=1506648405; thinkphp_show_page_trace=0|0',
  'accept-language' => 'zh-CN,zh;q=0.9',
  'accept-encoding' => 'gzip, deflate',
  'accept' => 'text/html,application/xhtml+xml,application/xml;q=0.9,image/webp,image/apng,*/*;q=0.8',
  'upgrade-insecure-requests' => '1',
  'user-agent' => 'Mozilla/5.0 (Windows NT 10.0; Win64; x64) AppleWebKit/537.36 (KHTML, like Gecko) Chrome/63.0.3218.0 Safari/537.36',
  'cache-control' => 'max-age=0',
  'connection' => 'close',
  'host' => 'www.phoneapp.com',
)
[ info ] [ PARAM ] array (
)
[ info ] [ RUN ] app\admin\controller\Index->index[ D:\phpStudy\WWW\phone_app\application\admin\controller\Index.php ]
[ info ] [ VIEW ] D:\phpStudy\WWW\phone_app\public/../application/admin\view\index\index.html [ array (
) ]
[ info ] [ LOG ] INIT File
---------------------------------------------------------------
[ 2017-09-30T23:35:54+08:00 ] 127.0.0.1 127.0.0.1 GET /index.php/admin/index/welcome.html
[ info ] www.phoneapp.com/index.php/admin/index/welcome.html [运行时间：0.032629s][吞吐率：30.65req/s] [内存消耗：1,433.06kb] [文件加载：49]
[ info ] [ LANG ] D:\phpStudy\WWW\phone_app\thinkphp\lang\zh-cn.php
[ info ] [ ROUTE ] array (
  'type' => 'module',
  'module' => 
  array (
    0 => 'admin',
    1 => 'index',
    2 => 'welcome',
  ),
)
[ info ] [ HEADER ] array (
  'cookie' => 'thinkphp_show_page_trace=0|0; thinkphp_show_page_trace=0|0; Huiskin=default; thinkphp_show_page_trace=0|0; pgv_pvi=8775854080; pgv_si=s3407113216; Hm_lvt_080836300300be57b7f34f4b3e97d911=1506614411; Hm_lpvt_080836300300be57b7f34f4b3e97d911=1506648405; thinkphp_show_page_trace=0|0',
  'accept-language' => 'zh-CN,zh;q=0.9',
  'accept-encoding' => 'gzip, deflate',
  'referer' => 'http://www.phoneapp.com/index.php/admin/',
  'accept' => 'text/html,application/xhtml+xml,application/xml;q=0.9,image/webp,image/apng,*/*;q=0.8',
  'user-agent' => 'Mozilla/5.0 (Windows NT 10.0; Win64; x64) AppleWebKit/537.36 (KHTML, like Gecko) Chrome/63.0.3218.0 Safari/537.36',
  'upgrade-insecure-requests' => '1',
  'connection' => 'close',
  'host' => 'www.phoneapp.com',
)
[ info ] [ PARAM ] array (
)
[ info ] [ RUN ] app\admin\controller\Index->welcome[ D:\phpStudy\WWW\phone_app\application\admin\controller\Index.php ]
[ info ] [ LOG ] INIT File
---------------------------------------------------------------
[ 2017-09-30T23:35:56+08:00 ] 127.0.0.1 127.0.0.1 GET /index.php/admin/admin/add.html
[ info ] www.phoneapp.com/index.php/admin/admin/add.html [运行时间：0.041638s][吞吐率：24.02req/s] [内存消耗：1,604.12kb] [文件加载：53]
[ info ] [ LANG ] D:\phpStudy\WWW\phone_app\thinkphp\lang\zh-cn.php
[ info ] [ ROUTE ] array (
  'type' => 'module',
  'module' => 
  array (
    0 => 'admin',
    1 => 'admin',
    2 => 'add',
  ),
)
[ info ] [ HEADER ] array (
  'cookie' => 'thinkphp_show_page_trace=0|0; thinkphp_show_page_trace=0|0; Huiskin=default; thinkphp_show_page_trace=0|0; pgv_pvi=8775854080; pgv_si=s3407113216; Hm_lvt_080836300300be57b7f34f4b3e97d911=1506614411; Hm_lpvt_080836300300be57b7f34f4b3e97d911=1506648405; thinkphp_show_page_trace=0|0',
  'accept-language' => 'zh-CN,zh;q=0.9',
  'accept-encoding' => 'gzip, deflate',
  'referer' => 'http://www.phoneapp.com/index.php/admin/',
  'accept' => 'text/html,application/xhtml+xml,application/xml;q=0.9,image/webp,image/apng,*/*;q=0.8',
  'user-agent' => 'Mozilla/5.0 (Windows NT 10.0; Win64; x64) AppleWebKit/537.36 (KHTML, like Gecko) Chrome/63.0.3218.0 Safari/537.36',
  'upgrade-insecure-requests' => '1',
  'connection' => 'close',
  'host' => 'www.phoneapp.com',
)
[ info ] [ PARAM ] array (
)
[ info ] [ RUN ] app\admin\controller\Admin->add[ D:\phpStudy\WWW\phone_app\application\admin\controller\Admin.php ]
[ info ] [ VIEW ] D:\phpStudy\WWW\phone_app\public/../application/admin\view\admin\add.html [ array (
) ]
[ info ] [ LOG ] INIT File
---------------------------------------------------------------
[ 2017-09-30T23:35:58+08:00 ] 127.0.0.1 127.0.0.1 POST /index.php/admin/admin/add.html
[ info ] www.phoneapp.com/index.php/admin/admin/add.html [运行时间：0.027545s][吞吐率：36.30req/s] [内存消耗：1,483.42kb] [文件加载：51]
[ info ] [ LANG ] D:\phpStudy\WWW\phone_app\thinkphp\lang\zh-cn.php
[ info ] [ ROUTE ] array (
  'type' => 'module',
  'module' => 
  array (
    0 => 'admin',
    1 => 'admin',
    2 => 'add',
  ),
)
[ info ] [ HEADER ] array (
  'cookie' => 'thinkphp_show_page_trace=0|0; thinkphp_show_page_trace=0|0; Huiskin=default; thinkphp_show_page_trace=0|0; pgv_pvi=8775854080; pgv_si=s3407113216; Hm_lvt_080836300300be57b7f34f4b3e97d911=1506614411; Hm_lpvt_080836300300be57b7f34f4b3e97d911=1506648405; thinkphp_show_page_trace=0|0',
  'accept-language' => 'zh-CN,zh;q=0.9',
  'accept-encoding' => 'gzip, deflate',
  'referer' => 'http://www.phoneapp.com/index.php/admin/admin/add.html',
  'accept' => 'text/html,application/xhtml+xml,application/xml;q=0.9,image/webp,image/apng,*/*;q=0.8',
  'user-agent' => 'Mozilla/5.0 (Windows NT 10.0; Win64; x64) AppleWebKit/537.36 (KHTML, like Gecko) Chrome/63.0.3218.0 Safari/537.36',
  'content-type' => 'application/x-www-form-urlencoded',
  'upgrade-insecure-requests' => '1',
  'origin' => 'http://www.phoneapp.com',
  'cache-control' => 'max-age=0',
  'content-length' => '19',
  'connection' => 'close',
  'host' => 'www.phoneapp.com',
)
[ info ] [ PARAM ] array (
  'username' => '',
  'password' => '',
)
[ info ] [ RUN ] app\admin\controller\Admin->add[ D:\phpStudy\WWW\phone_app\application\admin\controller\Admin.php ]
[ info ] [ VIEW ] D:\phpStudy\WWW\phone_app\public/../application/admin\view\admin\add.html [ array (
) ]
[ info ] [ LOG ] INIT File
---------------------------------------------------------------
[ 2017-09-30T23:35:59+08:00 ] 127.0.0.1 127.0.0.1 POST /index.php/admin/admin/add.html
[ info ] www.phoneapp.com/index.php/admin/admin/add.html [运行时间：0.028162s][吞吐率：35.51req/s] [内存消耗：1,483.45kb] [文件加载：51]
[ info ] [ LANG ] D:\phpStudy\WWW\phone_app\thinkphp\lang\zh-cn.php
[ info ] [ ROUTE ] array (
  'type' => 'module',
  'module' => 
  array (
    0 => 'admin',
    1 => 'admin',
    2 => 'add',
  ),
)
[ info ] [ HEADER ] array (
  'cookie' => 'thinkphp_show_page_trace=0|0; thinkphp_show_page_trace=0|0; Huiskin=default; thinkphp_show_page_trace=0|0; pgv_pvi=8775854080; pgv_si=s3407113216; Hm_lvt_080836300300be57b7f34f4b3e97d911=1506614411; Hm_lpvt_080836300300be57b7f34f4b3e97d911=1506648405; thinkphp_show_page_trace=0|0',
  'accept-language' => 'zh-CN,zh;q=0.9',
  'accept-encoding' => 'gzip, deflate',
  'referer' => 'http://www.phoneapp.com/index.php/admin/admin/add.html',
  'accept' => 'text/html,application/xhtml+xml,application/xml;q=0.9,image/webp,image/apng,*/*;q=0.8',
  'user-agent' => 'Mozilla/5.0 (Windows NT 10.0; Win64; x64) AppleWebKit/537.36 (KHTML, like Gecko) Chrome/63.0.3218.0 Safari/537.36',
  'content-type' => 'application/x-www-form-urlencoded',
  'upgrade-insecure-requests' => '1',
  'origin' => 'http://www.phoneapp.com',
  'cache-control' => 'max-age=0',
  'content-length' => '19',
  'connection' => 'close',
  'host' => 'www.phoneapp.com',
)
[ info ] [ PARAM ] array (
  'username' => '',
  'password' => '',
)
[ info ] [ RUN ] app\admin\controller\Admin->add[ D:\phpStudy\WWW\phone_app\application\admin\controller\Admin.php ]
[ info ] [ VIEW ] D:\phpStudy\WWW\phone_app\public/../application/admin\view\admin\add.html [ array (
) ]
[ info ] [ LOG ] INIT File
---------------------------------------------------------------
[ 2017-09-30T23:35:59+08:00 ] 127.0.0.1 127.0.0.1 POST /index.php/admin/admin/add.html
[ info ] www.phoneapp.com/index.php/admin/admin/add.html [运行时间：0.028676s][吞吐率：34.87req/s] [内存消耗：1,483.45kb] [文件加载：51]
[ info ] [ LANG ] D:\phpStudy\WWW\phone_app\thinkphp\lang\zh-cn.php
[ info ] [ ROUTE ] array (
  'type' => 'module',
  'module' => 
  array (
    0 => 'admin',
    1 => 'admin',
    2 => 'add',
  ),
)
[ info ] [ HEADER ] array (
  'cookie' => 'thinkphp_show_page_trace=0|0; thinkphp_show_page_trace=0|0; Huiskin=default; thinkphp_show_page_trace=0|0; pgv_pvi=8775854080; pgv_si=s3407113216; Hm_lvt_080836300300be57b7f34f4b3e97d911=1506614411; Hm_lpvt_080836300300be57b7f34f4b3e97d911=1506648405; thinkphp_show_page_trace=0|0',
  'accept-language' => 'zh-CN,zh;q=0.9',
  'accept-encoding' => 'gzip, deflate',
  'referer' => 'http://www.phoneapp.com/index.php/admin/admin/add.html',
  'accept' => 'text/html,application/xhtml+xml,application/xml;q=0.9,image/webp,image/apng,*/*;q=0.8',
  'user-agent' => 'Mozilla/5.0 (Windows NT 10.0; Win64; x64) AppleWebKit/537.36 (KHTML, like Gecko) Chrome/63.0.3218.0 Safari/537.36',
  'content-type' => 'application/x-www-form-urlencoded',
  'upgrade-insecure-requests' => '1',
  'origin' => 'http://www.phoneapp.com',
  'cache-control' => 'max-age=0',
  'content-length' => '19',
  'connection' => 'close',
  'host' => 'www.phoneapp.com',
)
[ info ] [ PARAM ] array (
  'username' => '',
  'password' => '',
)
[ info ] [ RUN ] app\admin\controller\Admin->add[ D:\phpStudy\WWW\phone_app\application\admin\controller\Admin.php ]
[ info ] [ VIEW ] D:\phpStudy\WWW\phone_app\public/../application/admin\view\admin\add.html [ array (
) ]
[ info ] [ LOG ] INIT File
---------------------------------------------------------------
[ 2017-09-30T23:36:00+08:00 ] 127.0.0.1 127.0.0.1 POST /index.php/admin/admin/add.html
[ info ] www.phoneapp.com/index.php/admin/admin/add.html [运行时间：0.029044s][吞吐率：34.43req/s] [内存消耗：1,483.45kb] [文件加载：51]
[ info ] [ LANG ] D:\phpStudy\WWW\phone_app\thinkphp\lang\zh-cn.php
[ info ] [ ROUTE ] array (
  'type' => 'module',
  'module' => 
  array (
    0 => 'admin',
    1 => 'admin',
    2 => 'add',
  ),
)
[ info ] [ HEADER ] array (
  'cookie' => 'thinkphp_show_page_trace=0|0; thinkphp_show_page_trace=0|0; Huiskin=default; thinkphp_show_page_trace=0|0; pgv_pvi=8775854080; pgv_si=s3407113216; Hm_lvt_080836300300be57b7f34f4b3e97d911=1506614411; Hm_lpvt_080836300300be57b7f34f4b3e97d911=1506648405; thinkphp_show_page_trace=0|0',
  'accept-language' => 'zh-CN,zh;q=0.9',
  'accept-encoding' => 'gzip, deflate',
  'referer' => 'http://www.phoneapp.com/index.php/admin/admin/add.html',
  'accept' => 'text/html,application/xhtml+xml,application/xml;q=0.9,image/webp,image/apng,*/*;q=0.8',
  'user-agent' => 'Mozilla/5.0 (Windows NT 10.0; Win64; x64) AppleWebKit/537.36 (KHTML, like Gecko) Chrome/63.0.3218.0 Safari/537.36',
  'content-type' => 'application/x-www-form-urlencoded',
  'upgrade-insecure-requests' => '1',
  'origin' => 'http://www.phoneapp.com',
  'cache-control' => 'max-age=0',
  'content-length' => '19',
  'connection' => 'close',
  'host' => 'www.phoneapp.com',
)
[ info ] [ PARAM ] array (
  'username' => '',
  'password' => '',
)
[ info ] [ RUN ] app\admin\controller\Admin->add[ D:\phpStudy\WWW\phone_app\application\admin\controller\Admin.php ]
[ info ] [ VIEW ] D:\phpStudy\WWW\phone_app\public/../application/admin\view\admin\add.html [ array (
) ]
[ info ] [ LOG ] INIT File
---------------------------------------------------------------
[ 2017-09-30T23:36:00+08:00 ] 127.0.0.1 127.0.0.1 POST /index.php/admin/admin/add.html
[ info ] www.phoneapp.com/index.php/admin/admin/add.html [运行时间：0.025666s][吞吐率：38.96req/s] [内存消耗：1,483.45kb] [文件加载：51]
[ info ] [ LANG ] D:\phpStudy\WWW\phone_app\thinkphp\lang\zh-cn.php
[ info ] [ ROUTE ] array (
  'type' => 'module',
  'module' => 
  array (
    0 => 'admin',
    1 => 'admin',
    2 => 'add',
  ),
)
[ info ] [ HEADER ] array (
  'cookie' => 'thinkphp_show_page_trace=0|0; thinkphp_show_page_trace=0|0; Huiskin=default; thinkphp_show_page_trace=0|0; pgv_pvi=8775854080; pgv_si=s3407113216; Hm_lvt_080836300300be57b7f34f4b3e97d911=1506614411; Hm_lpvt_080836300300be57b7f34f4b3e97d911=1506648405; thinkphp_show_page_trace=0|0',
  'accept-language' => 'zh-CN,zh;q=0.9',
  'accept-encoding' => 'gzip, deflate',
  'referer' => 'http://www.phoneapp.com/index.php/admin/admin/add.html',
  'accept' => 'text/html,application/xhtml+xml,application/xml;q=0.9,image/webp,image/apng,*/*;q=0.8',
  'user-agent' => 'Mozilla/5.0 (Windows NT 10.0; Win64; x64) AppleWebKit/537.36 (KHTML, like Gecko) Chrome/63.0.3218.0 Safari/537.36',
  'content-type' => 'application/x-www-form-urlencoded',
  'upgrade-insecure-requests' => '1',
  'origin' => 'http://www.phoneapp.com',
  'cache-control' => 'max-age=0',
  'content-length' => '19',
  'connection' => 'close',
  'host' => 'www.phoneapp.com',
)
[ info ] [ PARAM ] array (
  'username' => '',
  'password' => '',
)
[ info ] [ RUN ] app\admin\controller\Admin->add[ D:\phpStudy\WWW\phone_app\application\admin\controller\Admin.php ]
[ info ] [ VIEW ] D:\phpStudy\WWW\phone_app\public/../application/admin\view\admin\add.html [ array (
) ]
[ info ] [ LOG ] INIT File
---------------------------------------------------------------
[ 2017-09-30T23:36:00+08:00 ] 127.0.0.1 127.0.0.1 POST /index.php/admin/admin/add.html
[ info ] www.phoneapp.com/index.php/admin/admin/add.html [运行时间：0.027341s][吞吐率：36.58req/s] [内存消耗：1,483.45kb] [文件加载：51]
[ info ] [ LANG ] D:\phpStudy\WWW\phone_app\thinkphp\lang\zh-cn.php
[ info ] [ ROUTE ] array (
  'type' => 'module',
  'module' => 
  array (
    0 => 'admin',
    1 => 'admin',
    2 => 'add',
  ),
)
[ info ] [ HEADER ] array (
  'cookie' => 'thinkphp_show_page_trace=0|0; thinkphp_show_page_trace=0|0; Huiskin=default; thinkphp_show_page_trace=0|0; pgv_pvi=8775854080; pgv_si=s3407113216; Hm_lvt_080836300300be57b7f34f4b3e97d911=1506614411; Hm_lpvt_080836300300be57b7f34f4b3e97d911=1506648405; thinkphp_show_page_trace=0|0',
  'accept-language' => 'zh-CN,zh;q=0.9',
  'accept-encoding' => 'gzip, deflate',
  'referer' => 'http://www.phoneapp.com/index.php/admin/admin/add.html',
  'accept' => 'text/html,application/xhtml+xml,application/xml;q=0.9,image/webp,image/apng,*/*;q=0.8',
  'user-agent' => 'Mozilla/5.0 (Windows NT 10.0; Win64; x64) AppleWebKit/537.36 (KHTML, like Gecko) Chrome/63.0.3218.0 Safari/537.36',
  'content-type' => 'application/x-www-form-urlencoded',
  'upgrade-insecure-requests' => '1',
  'origin' => 'http://www.phoneapp.com',
  'cache-control' => 'max-age=0',
  'content-length' => '19',
  'connection' => 'close',
  'host' => 'www.phoneapp.com',
)
[ info ] [ PARAM ] array (
  'username' => '',
  'password' => '',
)
[ info ] [ RUN ] app\admin\controller\Admin->add[ D:\phpStudy\WWW\phone_app\application\admin\controller\Admin.php ]
[ info ] [ VIEW ] D:\phpStudy\WWW\phone_app\public/../application/admin\view\admin\add.html [ array (
) ]
[ info ] [ LOG ] INIT File
---------------------------------------------------------------
[ 2017-09-30T23:39:20+08:00 ] 127.0.0.1 127.0.0.1 GET /index.php/admin/
[ info ] www.phoneapp.com/index.php/admin/ [运行时间：0.041914s][吞吐率：23.86req/s] [内存消耗：1,482.81kb] [文件加载：51]
[ info ] [ LANG ] D:\phpStudy\WWW\phone_app\thinkphp\lang\zh-cn.php
[ info ] [ ROUTE ] array (
  'type' => 'module',
  'module' => 
  array (
    0 => 'admin',
    1 => NULL,
    2 => NULL,
  ),
)
[ info ] [ HEADER ] array (
  'cookie' => 'thinkphp_show_page_trace=0|0; Huiskin=default; thinkphp_show_page_trace=0|0; pgv_pvi=8775854080; pgv_si=s3407113216; Hm_lvt_080836300300be57b7f34f4b3e97d911=1506614411; Hm_lpvt_080836300300be57b7f34f4b3e97d911=1506648405; thinkphp_show_page_trace=0|0',
  'accept-language' => 'zh-CN,zh;q=0.9',
  'accept-encoding' => 'gzip, deflate',
  'accept' => 'text/html,application/xhtml+xml,application/xml;q=0.9,image/webp,image/apng,*/*;q=0.8',
  'upgrade-insecure-requests' => '1',
  'user-agent' => 'Mozilla/5.0 (Windows NT 10.0; Win64; x64) AppleWebKit/537.36 (KHTML, like Gecko) Chrome/63.0.3218.0 Safari/537.36',
  'cache-control' => 'max-age=0',
  'connection' => 'close',
  'host' => 'www.phoneapp.com',
)
[ info ] [ PARAM ] array (
)
[ info ] [ RUN ] app\admin\controller\Index->index[ D:\phpStudy\WWW\phone_app\application\admin\controller\Index.php ]
[ info ] [ VIEW ] D:\phpStudy\WWW\phone_app\public/../application/admin\view\index\index.html [ array (
) ]
[ info ] [ LOG ] INIT File
---------------------------------------------------------------
[ 2017-09-30T23:39:20+08:00 ] 127.0.0.1 127.0.0.1 GET /index.php/admin/index/welcome.html
[ info ] www.phoneapp.com/index.php/admin/index/welcome.html [运行时间：0.041980s][吞吐率：23.82req/s] [内存消耗：1,433.06kb] [文件加载：49]
[ info ] [ LANG ] D:\phpStudy\WWW\phone_app\thinkphp\lang\zh-cn.php
[ info ] [ ROUTE ] array (
  'type' => 'module',
  'module' => 
  array (
    0 => 'admin',
    1 => 'index',
    2 => 'welcome',
  ),
)
[ info ] [ HEADER ] array (
  'cookie' => 'thinkphp_show_page_trace=0|0; thinkphp_show_page_trace=0|0; Huiskin=default; thinkphp_show_page_trace=0|0; pgv_pvi=8775854080; pgv_si=s3407113216; Hm_lvt_080836300300be57b7f34f4b3e97d911=1506614411; Hm_lpvt_080836300300be57b7f34f4b3e97d911=1506648405; thinkphp_show_page_trace=0|0',
  'accept-language' => 'zh-CN,zh;q=0.9',
  'accept-encoding' => 'gzip, deflate',
  'referer' => 'http://www.phoneapp.com/index.php/admin/',
  'accept' => 'text/html,application/xhtml+xml,application/xml;q=0.9,image/webp,image/apng,*/*;q=0.8',
  'user-agent' => 'Mozilla/5.0 (Windows NT 10.0; Win64; x64) AppleWebKit/537.36 (KHTML, like Gecko) Chrome/63.0.3218.0 Safari/537.36',
  'upgrade-insecure-requests' => '1',
  'connection' => 'close',
  'host' => 'www.phoneapp.com',
)
[ info ] [ PARAM ] array (
)
[ info ] [ RUN ] app\admin\controller\Index->welcome[ D:\phpStudy\WWW\phone_app\application\admin\controller\Index.php ]
[ info ] [ LOG ] INIT File
---------------------------------------------------------------
[ 2017-09-30T23:39:21+08:00 ] 127.0.0.1 127.0.0.1 GET /index.php/admin/admin/add.html
[ info ] www.phoneapp.com/index.php/admin/admin/add.html [运行时间：0.036800s][吞吐率：27.17req/s] [内存消耗：1,483.30kb] [文件加载：51]
[ info ] [ LANG ] D:\phpStudy\WWW\phone_app\thinkphp\lang\zh-cn.php
[ info ] [ ROUTE ] array (
  'type' => 'module',
  'module' => 
  array (
    0 => 'admin',
    1 => 'admin',
    2 => 'add',
  ),
)
[ info ] [ HEADER ] array (
  'cookie' => 'thinkphp_show_page_trace=0|0; thinkphp_show_page_trace=0|0; Huiskin=default; thinkphp_show_page_trace=0|0; pgv_pvi=8775854080; pgv_si=s3407113216; Hm_lvt_080836300300be57b7f34f4b3e97d911=1506614411; Hm_lpvt_080836300300be57b7f34f4b3e97d911=1506648405; thinkphp_show_page_trace=0|0',
  'accept-language' => 'zh-CN,zh;q=0.9',
  'accept-encoding' => 'gzip, deflate',
  'referer' => 'http://www.phoneapp.com/index.php/admin/',
  'accept' => 'text/html,application/xhtml+xml,application/xml;q=0.9,image/webp,image/apng,*/*;q=0.8',
  'user-agent' => 'Mozilla/5.0 (Windows NT 10.0; Win64; x64) AppleWebKit/537.36 (KHTML, like Gecko) Chrome/63.0.3218.0 Safari/537.36',
  'upgrade-insecure-requests' => '1',
  'connection' => 'close',
  'host' => 'www.phoneapp.com',
)
[ info ] [ PARAM ] array (
)
[ info ] [ RUN ] app\admin\controller\Admin->add[ D:\phpStudy\WWW\phone_app\application\admin\controller\Admin.php ]
[ info ] [ VIEW ] D:\phpStudy\WWW\phone_app\public/../application/admin\view\admin\add.html [ array (
) ]
[ info ] [ LOG ] INIT File
---------------------------------------------------------------
[ 2017-09-30T23:39:22+08:00 ] 127.0.0.1 127.0.0.1 POST /index.php/admin/admin/add.html
[ info ] www.phoneapp.com/index.php/admin/admin/add.html [运行时间：0.021908s][吞吐率：45.65req/s] [内存消耗：1,276.03kb] [文件加载：42]
[ info ] [ LANG ] D:\phpStudy\WWW\phone_app\thinkphp\lang\zh-cn.php
[ info ] [ ROUTE ] array (
  'type' => 'module',
  'module' => 
  array (
    0 => 'admin',
    1 => 'admin',
    2 => 'add',
  ),
)
[ info ] [ HEADER ] array (
  'cookie' => 'thinkphp_show_page_trace=0|0; thinkphp_show_page_trace=0|0; Huiskin=default; thinkphp_show_page_trace=0|0; pgv_pvi=8775854080; pgv_si=s3407113216; Hm_lvt_080836300300be57b7f34f4b3e97d911=1506614411; Hm_lpvt_080836300300be57b7f34f4b3e97d911=1506648405; thinkphp_show_page_trace=0|0',
  'accept-language' => 'zh-CN,zh;q=0.9',
  'accept-encoding' => 'gzip, deflate',
  'referer' => 'http://www.phoneapp.com/index.php/admin/admin/add.html',
  'accept' => 'text/html,application/xhtml+xml,application/xml;q=0.9,image/webp,image/apng,*/*;q=0.8',
  'user-agent' => 'Mozilla/5.0 (Windows NT 10.0; Win64; x64) AppleWebKit/537.36 (KHTML, like Gecko) Chrome/63.0.3218.0 Safari/537.36',
  'content-type' => 'application/x-www-form-urlencoded',
  'upgrade-insecure-requests' => '1',
  'origin' => 'http://www.phoneapp.com',
  'cache-control' => 'max-age=0',
  'content-length' => '19',
  'connection' => 'close',
  'host' => 'www.phoneapp.com',
)
[ info ] [ PARAM ] array (
  'username' => '',
  'password' => '',
)
[ info ] [ RUN ] app\admin\controller\Admin->add[ D:\phpStudy\WWW\phone_app\application\admin\controller\Admin.php ]
[ info ] [ LOG ] INIT File
---------------------------------------------------------------
[ 2017-09-30T23:40:59+08:00 ] 127.0.0.1 127.0.0.1 GET /index.php/admin/admin/add.html
[ info ] www.phoneapp.com/index.php/admin/admin/add.html [运行时间：0.026721s][吞吐率：37.42req/s] [内存消耗：1,483.33kb] [文件加载：51]
[ info ] [ LANG ] D:\phpStudy\WWW\phone_app\thinkphp\lang\zh-cn.php
[ info ] [ ROUTE ] array (
  'type' => 'module',
  'module' => 
  array (
    0 => 'admin',
    1 => 'admin',
    2 => 'add',
  ),
)
[ info ] [ HEADER ] array (
  'cookie' => 'thinkphp_show_page_trace=0|0; thinkphp_show_page_trace=0|0; Huiskin=default; thinkphp_show_page_trace=0|0; pgv_pvi=8775854080; pgv_si=s3407113216; Hm_lvt_080836300300be57b7f34f4b3e97d911=1506614411; Hm_lpvt_080836300300be57b7f34f4b3e97d911=1506648405; thinkphp_show_page_trace=0|0',
  'accept-language' => 'zh-CN,zh;q=0.9',
  'accept-encoding' => 'gzip, deflate',
  'referer' => 'http://www.phoneapp.com/index.php/admin/',
  'accept' => 'text/html,application/xhtml+xml,application/xml;q=0.9,image/webp,image/apng,*/*;q=0.8',
  'user-agent' => 'Mozilla/5.0 (Windows NT 10.0; Win64; x64) AppleWebKit/537.36 (KHTML, like Gecko) Chrome/63.0.3218.0 Safari/537.36',
  'upgrade-insecure-requests' => '1',
  'connection' => 'close',
  'host' => 'www.phoneapp.com',
)
[ info ] [ PARAM ] array (
)
[ info ] [ RUN ] app\admin\controller\Admin->add[ D:\phpStudy\WWW\phone_app\application\admin\controller\Admin.php ]
[ info ] [ VIEW ] D:\phpStudy\WWW\phone_app\public/../application/admin\view\admin\add.html [ array (
) ]
[ info ] [ LOG ] INIT File
---------------------------------------------------------------
[ 2017-09-30T23:41:00+08:00 ] 127.0.0.1 127.0.0.1 POST /index.php/admin/admin/add.html
[ info ] www.phoneapp.com/index.php/admin/admin/add.html [运行时间：0.021722s][吞吐率：46.04req/s] [内存消耗：1,276.03kb] [文件加载：42]
[ info ] [ LANG ] D:\phpStudy\WWW\phone_app\thinkphp\lang\zh-cn.php
[ info ] [ ROUTE ] array (
  'type' => 'module',
  'module' => 
  array (
    0 => 'admin',
    1 => 'admin',
    2 => 'add',
  ),
)
[ info ] [ HEADER ] array (
  'cookie' => 'thinkphp_show_page_trace=0|0; thinkphp_show_page_trace=0|0; Huiskin=default; thinkphp_show_page_trace=0|0; pgv_pvi=8775854080; pgv_si=s3407113216; Hm_lvt_080836300300be57b7f34f4b3e97d911=1506614411; Hm_lpvt_080836300300be57b7f34f4b3e97d911=1506648405; thinkphp_show_page_trace=0|0',
  'accept-language' => 'zh-CN,zh;q=0.9',
  'accept-encoding' => 'gzip, deflate',
  'referer' => 'http://www.phoneapp.com/index.php/admin/admin/add.html',
  'accept' => 'text/html,application/xhtml+xml,application/xml;q=0.9,image/webp,image/apng,*/*;q=0.8',
  'user-agent' => 'Mozilla/5.0 (Windows NT 10.0; Win64; x64) AppleWebKit/537.36 (KHTML, like Gecko) Chrome/63.0.3218.0 Safari/537.36',
  'content-type' => 'application/x-www-form-urlencoded',
  'upgrade-insecure-requests' => '1',
  'origin' => 'http://www.phoneapp.com',
  'cache-control' => 'max-age=0',
  'content-length' => '19',
  'connection' => 'close',
  'host' => 'www.phoneapp.com',
)
[ info ] [ PARAM ] array (
  'username' => '',
  'password' => '',
)
[ info ] [ RUN ] app\admin\controller\Admin->add[ D:\phpStudy\WWW\phone_app\application\admin\controller\Admin.php ]
[ info ] [ LOG ] INIT File
---------------------------------------------------------------
[ 2017-09-30T23:44:26+08:00 ] 127.0.0.1 127.0.0.1 GET /index.php/admin/admin/add.html
[ info ] www.phoneapp.com/index.php/admin/admin/add.html [运行时间：0.032661s][吞吐率：30.62req/s] [内存消耗：1,483.55kb] [文件加载：51]
[ info ] [ LANG ] D:\phpStudy\WWW\phone_app\thinkphp\lang\zh-cn.php
[ info ] [ ROUTE ] array (
  'type' => 'module',
  'module' => 
  array (
    0 => 'admin',
    1 => 'admin',
    2 => 'add',
  ),
)
[ info ] [ HEADER ] array (
  'cookie' => 'thinkphp_show_page_trace=0|0; thinkphp_show_page_trace=0|0; Huiskin=default; thinkphp_show_page_trace=0|0; pgv_pvi=8775854080; pgv_si=s3407113216; Hm_lvt_080836300300be57b7f34f4b3e97d911=1506614411; Hm_lpvt_080836300300be57b7f34f4b3e97d911=1506648405; thinkphp_show_page_trace=0|0',
  'accept-language' => 'zh-CN,zh;q=0.9',
  'accept-encoding' => 'gzip, deflate',
  'referer' => 'http://www.phoneapp.com/index.php/admin/',
  'accept' => 'text/html,application/xhtml+xml,application/xml;q=0.9,image/webp,image/apng,*/*;q=0.8',
  'user-agent' => 'Mozilla/5.0 (Windows NT 10.0; Win64; x64) AppleWebKit/537.36 (KHTML, like Gecko) Chrome/63.0.3218.0 Safari/537.36',
  'upgrade-insecure-requests' => '1',
  'connection' => 'close',
  'host' => 'www.phoneapp.com',
)
[ info ] [ PARAM ] array (
)
[ info ] [ RUN ] app\admin\controller\Admin->add[ D:\phpStudy\WWW\phone_app\application\admin\controller\Admin.php ]
[ info ] [ VIEW ] D:\phpStudy\WWW\phone_app\public/../application/admin\view\admin\add.html [ array (
) ]
[ info ] [ LOG ] INIT File
---------------------------------------------------------------
[ 2017-09-30T23:44:28+08:00 ] 127.0.0.1 127.0.0.1 POST /index.php/admin/admin/add.html
[ info ] www.phoneapp.com/index.php/admin/admin/add.html [运行时间：0.048596s][吞吐率：20.58req/s] [内存消耗：1,434.30kb] [文件加载：49]
[ info ] [ LANG ] D:\phpStudy\WWW\phone_app\thinkphp\lang\zh-cn.php
[ info ] [ ROUTE ] array (
  'type' => 'module',
  'module' => 
  array (
    0 => 'admin',
    1 => 'admin',
    2 => 'add',
  ),
)
[ info ] [ HEADER ] array (
  'cookie' => 'thinkphp_show_page_trace=0|0; thinkphp_show_page_trace=0|0; Huiskin=default; thinkphp_show_page_trace=0|0; pgv_pvi=8775854080; pgv_si=s3407113216; Hm_lvt_080836300300be57b7f34f4b3e97d911=1506614411; Hm_lpvt_080836300300be57b7f34f4b3e97d911=1506648405; thinkphp_show_page_trace=0|0',
  'accept-language' => 'zh-CN,zh;q=0.9',
  'accept-encoding' => 'gzip, deflate',
  'referer' => 'http://www.phoneapp.com/index.php/admin/admin/add.html',
  'accept' => 'text/html,application/xhtml+xml,application/xml;q=0.9,image/webp,image/apng,*/*;q=0.8',
  'user-agent' => 'Mozilla/5.0 (Windows NT 10.0; Win64; x64) AppleWebKit/537.36 (KHTML, like Gecko) Chrome/63.0.3218.0 Safari/537.36',
  'content-type' => 'application/x-www-form-urlencoded',
  'upgrade-insecure-requests' => '1',
  'origin' => 'http://www.phoneapp.com',
  'cache-control' => 'max-age=0',
  'content-length' => '29',
  'connection' => 'close',
  'host' => 'www.phoneapp.com',
)
[ info ] [ PARAM ] array (
  'username' => 'adsda',
  'password' => 'dasda',
)
[ info ] [ RUN ] app\admin\controller\Admin->add[ D:\phpStudy\WWW\phone_app\application\admin\controller\Admin.php ]
[ info ] [ LOG ] INIT File
