---------------------------------------------------------------
[ 2017-10-12T09:10:44+08:00 ] 127.0.0.1 127.0.0.1 GET /index.php/admin/login
[ info ] www.phoneapp.com/index.php/admin/login [运行时间：0.080431s][吞吐率：12.43req/s] [内存消耗：1,501.02kb] [文件加载：53]
[ info ] [ LANG ] D:\phpStudy\WWW\phone_app\thinkphp\lang\zh-cn.php
[ info ] [ ROUTE ] array (
  'type' => 'module',
  'module' => 
  array (
    0 => 'admin',
    1 => 'login',
    2 => NULL,
  ),
)
[ info ] [ HEADER ] array (
  'cookie' => 'thinkphp_show_page_trace=0|5; thinkphp_show_page_trace=0|5; Huiskin=default; thinkphp_show_page_trace=0|5; pgv_pvi=8775854080; pgv_si=s3407113216; PHPSESSID=77p5amr4v6k3e1lamq7056tm14; thinkphp_show_page_trace=0|0; Hm_lvt_080836300300be57b7f34f4b3e97d911=1506614411; Hm_lpvt_080836300300be57b7f34f4b3e97d911=1507770626',
  'accept-language' => 'zh-CN,zh;q=0.9',
  'accept-encoding' => 'gzip, deflate',
  'accept' => 'text/html,application/xhtml+xml,application/xml;q=0.9,image/webp,image/apng,*/*;q=0.8',
  'upgrade-insecure-requests' => '1',
  'user-agent' => 'Mozilla/5.0 (Windows NT 10.0; Win64; x64) AppleWebKit/537.36 (KHTML, like Gecko) Chrome/63.0.3218.0 Safari/537.36',
  'connection' => 'close',
  'host' => 'www.phoneapp.com',
)
[ info ] [ PARAM ] array (
)
[ info ] [ RUN ] app\admin\controller\Login->index[ D:\phpStudy\WWW\phone_app\application\admin\controller\Login.php ]
[ info ] [ VIEW ] D:\phpStudy\WWW\phone_app\public/../application/admin\view\login\index.html [ array (
) ]
[ info ] [ LOG ] INIT File
---------------------------------------------------------------
[ 2017-10-12T09:10:45+08:00 ] 127.0.0.1 127.0.0.1 GET /index.php/captcha
[ info ] www.phoneapp.com/index.php/captcha [运行时间：0.689976s][吞吐率：1.45req/s] [内存消耗：1,473.72kb] [文件加载：45]
[ info ] [ LANG ] D:\phpStudy\WWW\phone_app\thinkphp\lang\zh-cn.php
[ info ] [ ROUTE ] array (
  'type' => 'method',
  'method' => 
  array (
    0 => '\\think\\captcha\\CaptchaController',
    1 => 'index',
  ),
  'var' => 
  array (
  ),
)
[ info ] [ HEADER ] array (
  'cookie' => 'Huiskin=default; thinkphp_show_page_trace=0|5; pgv_pvi=8775854080; pgv_si=s3407113216; PHPSESSID=77p5amr4v6k3e1lamq7056tm14; thinkphp_show_page_trace=0|0; Hm_lvt_080836300300be57b7f34f4b3e97d911=1506614411; Hm_lpvt_080836300300be57b7f34f4b3e97d911=1507770626',
  'accept-language' => 'zh-CN,zh;q=0.9',
  'accept-encoding' => 'gzip, deflate',
  'referer' => 'http://www.phoneapp.com/index.php/admin/login',
  'accept' => 'image/webp,image/apng,image/*,*/*;q=0.8',
  'user-agent' => 'Mozilla/5.0 (Windows NT 10.0; Win64; x64) AppleWebKit/537.36 (KHTML, like Gecko) Chrome/63.0.3218.0 Safari/537.36',
  'connection' => 'close',
  'host' => 'www.phoneapp.com',
)
[ info ] [ PARAM ] array (
  'id' => NULL,
)
[ info ] [ RUN ] think\captcha\CaptchaController->index[ D:\phpStudy\WWW\phone_app\vendor\topthink\think-captcha\src\CaptchaController.php ]
[ info ] [ SESSION ] INIT array (
  'id' => '',
  'var_session_id' => '',
  'prefix' => 'think',
  'type' => '',
  'auto_start' => true,
)
[ info ] [ LOG ] INIT File
