---------------------------------------------------------------
[ 2017-12-10T02:34:06+08:00 ] ::1 ::1 GET /demo/htdocs/project/public/
[ info ] localhost/demo/htdocs/project/public/ [运行时间：0.274144s][吞吐率：3.65req/s] [内存消耗：2,786.95kb] [文件加载：48]
[ info ] [ LANG ] D:\wamp\www\demo\htdocs\project\thinkphp\lang\zh-cn.php
[ info ] [ ROUTE ] array (
  'type' => 'function',
  'function' => 
  Closure::__set_state(array(
  )),
)
[ info ] [ HEADER ] array (
  'host' => 'localhost',
  'connection' => 'keep-alive',
  'cache-control' => 'max-age=0',
  'user-agent' => 'Mozilla/5.0 (Windows NT 10.0; WOW64) AppleWebKit/537.36 (KHTML, like Gecko) Chrome/63.0.3236.0 Safari/537.36',
  'upgrade-insecure-requests' => '1',
  'accept' => 'text/html,application/xhtml+xml,application/xml;q=0.9,image/webp,image/apng,*/*;q=0.8',
  'accept-encoding' => 'gzip, deflate, br',
  'accept-language' => 'zh-CN,zh;q=0.9',
  'cookie' => 'wmkavk4bhjL8backinfos=1; pgv_pvi=7048500224; Hm_lvt_e9e114d958ea263de46e080563e254c4=1500210050; PHPSESSID=e0e3h4ajp8dmfebq2b4vdghf93; pgv_si=s1465298944',
)
[ info ] [ PARAM ] array (
)
[ info ] [ RUN ] Closure [ <user> static public method {closure} ] {
  @@ D:\wamp\www\demo\htdocs\project\application\route.php 26 - 28
}

[ info ] [ LOG ] INIT File
---------------------------------------------------------------
[ 2017-12-10T02:38:45+08:00 ] ::1 ::1 GET /demo/htdocs/project/public/admin.php
[ info ] localhost/demo/htdocs/project/public/admin.php [运行时间：0.083211s][吞吐率：12.02req/s] [内存消耗：2,857.63kb] [文件加载：51]
[ info ] [ LANG ] D:\wamp\www\demo\htdocs\project\thinkphp\lang\zh-cn.php
[ info ] [ ROUTE ] array (
  'type' => 'module',
  'module' => 
  array (
    0 => 'admin.php',
    1 => NULL,
    2 => NULL,
  ),
)
[ info ] [ HEADER ] array (
  'host' => 'localhost',
  'connection' => 'keep-alive',
  'user-agent' => 'Mozilla/5.0 (Windows NT 10.0; WOW64) AppleWebKit/537.36 (KHTML, like Gecko) Chrome/63.0.3236.0 Safari/537.36',
  'upgrade-insecure-requests' => '1',
  'accept' => 'text/html,application/xhtml+xml,application/xml;q=0.9,image/webp,image/apng,*/*;q=0.8',
  'accept-encoding' => 'gzip, deflate, br',
  'accept-language' => 'zh-CN,zh;q=0.9',
  'cookie' => 'thinkphp_show_page_trace=0|0; wmkavk4bhjL8backinfos=1; pgv_pvi=7048500224; Hm_lvt_e9e114d958ea263de46e080563e254c4=1500210050; PHPSESSID=e0e3h4ajp8dmfebq2b4vdghf93; pgv_si=s1465298944',
)
[ info ] [ PARAM ] array (
)
[ info ] [ LOG ] INIT File
---------------------------------------------------------------
[ 2017-12-10T02:38:54+08:00 ] ::1 ::1 GET /demo/htdocs/project/public/index.php
[ info ] localhost/demo/htdocs/project/public/index.php [运行时间：0.059571s][吞吐率：16.79req/s] [内存消耗：2,786.59kb] [文件加载：48]
[ info ] [ LANG ] D:\wamp\www\demo\htdocs\project\thinkphp\lang\zh-cn.php
[ info ] [ ROUTE ] array (
  'type' => 'function',
  'function' => 
  Closure::__set_state(array(
  )),
)
[ info ] [ HEADER ] array (
  'host' => 'localhost',
  'connection' => 'keep-alive',
  'user-agent' => 'Mozilla/5.0 (Windows NT 10.0; WOW64) AppleWebKit/537.36 (KHTML, like Gecko) Chrome/63.0.3236.0 Safari/537.36',
  'upgrade-insecure-requests' => '1',
  'accept' => 'text/html,application/xhtml+xml,application/xml;q=0.9,image/webp,image/apng,*/*;q=0.8',
  'accept-encoding' => 'gzip, deflate, br',
  'accept-language' => 'zh-CN,zh;q=0.9',
  'cookie' => 'thinkphp_show_page_trace=0|0; wmkavk4bhjL8backinfos=1; pgv_pvi=7048500224; Hm_lvt_e9e114d958ea263de46e080563e254c4=1500210050; PHPSESSID=e0e3h4ajp8dmfebq2b4vdghf93; pgv_si=s1465298944',
)
[ info ] [ PARAM ] array (
)
[ info ] [ RUN ] Closure [ <user> static public method {closure} ] {
  @@ D:\wamp\www\demo\htdocs\project\application\route.php 26 - 28
}

[ info ] [ LOG ] INIT File
---------------------------------------------------------------
[ 2017-12-10T02:39:03+08:00 ] ::1 ::1 GET /demo/htdocs/project/public/index.php?admin
[ info ] localhost/demo/htdocs/project/public/index.php?admin [运行时间：0.060952s][吞吐率：16.41req/s] [内存消耗：2,786.84kb] [文件加载：48]
[ info ] [ LANG ] D:\wamp\www\demo\htdocs\project\thinkphp\lang\zh-cn.php
[ info ] [ ROUTE ] array (
  'type' => 'function',
  'function' => 
  Closure::__set_state(array(
  )),
)
[ info ] [ HEADER ] array (
  'host' => 'localhost',
  'connection' => 'keep-alive',
  'user-agent' => 'Mozilla/5.0 (Windows NT 10.0; WOW64) AppleWebKit/537.36 (KHTML, like Gecko) Chrome/63.0.3236.0 Safari/537.36',
  'upgrade-insecure-requests' => '1',
  'accept' => 'text/html,application/xhtml+xml,application/xml;q=0.9,image/webp,image/apng,*/*;q=0.8',
  'accept-encoding' => 'gzip, deflate, br',
  'accept-language' => 'zh-CN,zh;q=0.9',
  'cookie' => 'thinkphp_show_page_trace=0|0; wmkavk4bhjL8backinfos=1; pgv_pvi=7048500224; Hm_lvt_e9e114d958ea263de46e080563e254c4=1500210050; PHPSESSID=e0e3h4ajp8dmfebq2b4vdghf93; pgv_si=s1465298944',
)
[ info ] [ PARAM ] array (
  'admin' => '',
)
[ info ] [ RUN ] Closure [ <user> static public method {closure} ] {
  @@ D:\wamp\www\demo\htdocs\project\application\route.php 26 - 28
}

[ info ] [ LOG ] INIT File
---------------------------------------------------------------
[ 2017-12-10T02:42:21+08:00 ] ::1 ::1 GET /demo/htdocs/project/public/index.php/admin
[ info ] localhost/demo/htdocs/project/public/index.php/admin [运行时间：1.822587s][吞吐率：0.55req/s] [内存消耗：3,379.29kb] [文件加载：56]
[ info ] [ LANG ] D:\wamp\www\demo\htdocs\project\thinkphp\lang\zh-cn.php
[ info ] [ ROUTE ] array (
  'type' => 'module',
  'module' => 
  array (
    0 => 'admin',
    1 => NULL,
    2 => NULL,
  ),
)
[ info ] [ HEADER ] array (
  'host' => 'localhost',
  'connection' => 'keep-alive',
  'user-agent' => 'Mozilla/5.0 (Windows NT 10.0; WOW64) AppleWebKit/537.36 (KHTML, like Gecko) Chrome/63.0.3236.0 Safari/537.36',
  'upgrade-insecure-requests' => '1',
  'accept' => 'text/html,application/xhtml+xml,application/xml;q=0.9,image/webp,image/apng,*/*;q=0.8',
  'accept-encoding' => 'gzip, deflate, br',
  'accept-language' => 'zh-CN,zh;q=0.9',
  'cookie' => 'thinkphp_show_page_trace=0|0; wmkavk4bhjL8backinfos=1; pgv_pvi=7048500224; Hm_lvt_e9e114d958ea263de46e080563e254c4=1500210050; PHPSESSID=e0e3h4ajp8dmfebq2b4vdghf93; pgv_si=s1465298944',
)
[ info ] [ PARAM ] array (
)
[ info ] [ SESSION ] INIT array (
  'id' => '',
  'var_session_id' => '',
  'prefix' => 'think',
  'type' => '',
  'auto_start' => true,
)
[ info ] [ LOG ] INIT File
---------------------------------------------------------------
[ 2017-12-10T02:42:21+08:00 ] ::1 ::1 GET /demo/htdocs/project/public/index.php/admin/login/index.html
[ info ] localhost/demo/htdocs/project/public/index.php/admin/login/index.html [运行时间：0.177920s][吞吐率：5.62req/s] [内存消耗：3,716.54kb] [文件加载：60]
[ info ] [ LANG ] D:\wamp\www\demo\htdocs\project\thinkphp\lang\zh-cn.php
[ info ] [ ROUTE ] array (
  'type' => 'module',
  'module' => 
  array (
    0 => 'admin',
    1 => 'login',
    2 => 'index',
  ),
)
[ info ] [ HEADER ] array (
  'host' => 'localhost',
  'connection' => 'keep-alive',
  'user-agent' => 'Mozilla/5.0 (Windows NT 10.0; WOW64) AppleWebKit/537.36 (KHTML, like Gecko) Chrome/63.0.3236.0 Safari/537.36',
  'upgrade-insecure-requests' => '1',
  'accept' => 'text/html,application/xhtml+xml,application/xml;q=0.9,image/webp,image/apng,*/*;q=0.8',
  'accept-encoding' => 'gzip, deflate, br',
  'accept-language' => 'zh-CN,zh;q=0.9',
  'cookie' => 'thinkphp_show_page_trace=0|0; wmkavk4bhjL8backinfos=1; pgv_pvi=7048500224; Hm_lvt_e9e114d958ea263de46e080563e254c4=1500210050; PHPSESSID=e0e3h4ajp8dmfebq2b4vdghf93; pgv_si=s1465298944',
)
[ info ] [ PARAM ] array (
)
[ info ] [ RUN ] app\admin\controller\Login->index[ D:\wamp\www\demo\htdocs\project\application\admin\controller\Login.php ]
[ info ] [ SESSION ] INIT array (
  'id' => '',
  'var_session_id' => '',
  'prefix' => 'think',
  'type' => '',
  'auto_start' => true,
)
[ info ] [ VIEW ] D:\wamp\www\demo\htdocs\project\public/../application/admin\view\login\index.html [ array (
) ]
[ info ] [ LOG ] INIT File
---------------------------------------------------------------
[ 2017-12-10T02:42:21+08:00 ] ::1 ::1 GET /demo/htdocs/project/public/static/hui_admin/static/h-ui/css/H-ui.min.css
[ info ] localhost/demo/htdocs/project/public/static/hui_admin/static/h-ui/css/H-ui.min.css [运行时间：0.092965s][吞吐率：10.76req/s] [内存消耗：2,858.51kb] [文件加载：51]
[ info ] [ LANG ] D:\wamp\www\demo\htdocs\project\thinkphp\lang\zh-cn.php
[ info ] [ ROUTE ] array (
  'type' => 'module',
  'module' => 
  array (
    0 => 'static',
    1 => 'hui_admin',
    2 => 'static',
  ),
)
[ info ] [ HEADER ] array (
  'host' => 'localhost',
  'connection' => 'keep-alive',
  'user-agent' => 'Mozilla/5.0 (Windows NT 10.0; WOW64) AppleWebKit/537.36 (KHTML, like Gecko) Chrome/63.0.3236.0 Safari/537.36',
  'accept' => 'text/css,*/*;q=0.1',
  'referer' => 'http://localhost/demo/htdocs/project/public/index.php/admin/login/index.html',
  'accept-encoding' => 'gzip, deflate, br',
  'accept-language' => 'zh-CN,zh;q=0.9',
  'cookie' => 'thinkphp_show_page_trace=0|0; wmkavk4bhjL8backinfos=1; pgv_pvi=7048500224; Hm_lvt_e9e114d958ea263de46e080563e254c4=1500210050; PHPSESSID=e0e3h4ajp8dmfebq2b4vdghf93; pgv_si=s1465298944',
)
[ info ] [ PARAM ] array (
  'ui' => 'css',
)
[ info ] [ LOG ] INIT File
---------------------------------------------------------------
[ 2017-12-10T02:42:21+08:00 ] ::1 ::1 GET /demo/htdocs/project/public/static/hui_admin/static/h-ui.admin/css/style.css
[ info ] localhost/demo/htdocs/project/public/static/hui_admin/static/h-ui.admin/css/style.css [运行时间：0.103868s][吞吐率：9.63req/s] [内存消耗：2,858.29kb] [文件加载：51]
[ info ] [ LANG ] D:\wamp\www\demo\htdocs\project\thinkphp\lang\zh-cn.php
[ info ] [ ROUTE ] array (
  'type' => 'module',
  'module' => 
  array (
    0 => 'static',
    1 => 'hui_admin',
    2 => 'static',
  ),
)
[ info ] [ HEADER ] array (
  'host' => 'localhost',
  'connection' => 'keep-alive',
  'user-agent' => 'Mozilla/5.0 (Windows NT 10.0; WOW64) AppleWebKit/537.36 (KHTML, like Gecko) Chrome/63.0.3236.0 Safari/537.36',
  'accept' => 'text/css,*/*;q=0.1',
  'referer' => 'http://localhost/demo/htdocs/project/public/index.php/admin/login/index.html',
  'accept-encoding' => 'gzip, deflate, br',
  'accept-language' => 'zh-CN,zh;q=0.9',
  'cookie' => 'thinkphp_show_page_trace=0|0; wmkavk4bhjL8backinfos=1; pgv_pvi=7048500224; Hm_lvt_e9e114d958ea263de46e080563e254c4=1500210050; PHPSESSID=e0e3h4ajp8dmfebq2b4vdghf93; pgv_si=s1465298944',
)
[ info ] [ PARAM ] array (
  'admin' => 'css',
)
[ info ] [ LOG ] INIT File
---------------------------------------------------------------
[ 2017-12-10T02:42:21+08:00 ] ::1 ::1 GET /demo/htdocs/project/public/static/hui_admin/static/h-ui.admin/css/H-ui.login.css
[ info ] localhost/demo/htdocs/project/public/static/hui_admin/static/h-ui.admin/css/H-ui.login.css [运行时间：0.104443s][吞吐率：9.57req/s] [内存消耗：2,858.34kb] [文件加载：51]
[ info ] [ LANG ] D:\wamp\www\demo\htdocs\project\thinkphp\lang\zh-cn.php
[ info ] [ ROUTE ] array (
  'type' => 'module',
  'module' => 
  array (
    0 => 'static',
    1 => 'hui_admin',
    2 => 'static',
  ),
)
[ info ] [ HEADER ] array (
  'host' => 'localhost',
  'connection' => 'keep-alive',
  'user-agent' => 'Mozilla/5.0 (Windows NT 10.0; WOW64) AppleWebKit/537.36 (KHTML, like Gecko) Chrome/63.0.3236.0 Safari/537.36',
  'accept' => 'text/css,*/*;q=0.1',
  'referer' => 'http://localhost/demo/htdocs/project/public/index.php/admin/login/index.html',
  'accept-encoding' => 'gzip, deflate, br',
  'accept-language' => 'zh-CN,zh;q=0.9',
  'cookie' => 'thinkphp_show_page_trace=0|0; wmkavk4bhjL8backinfos=1; pgv_pvi=7048500224; Hm_lvt_e9e114d958ea263de46e080563e254c4=1500210050; PHPSESSID=e0e3h4ajp8dmfebq2b4vdghf93; pgv_si=s1465298944',
)
[ info ] [ PARAM ] array (
  'admin' => 'css',
)
[ info ] [ LOG ] INIT File
---------------------------------------------------------------
[ 2017-12-10T02:42:21+08:00 ] ::1 ::1 GET /demo/htdocs/project/public/static/hui_admin/lib/Hui-iconfont/1.0.8/iconfont.css
[ info ] localhost/demo/htdocs/project/public/static/hui_admin/lib/Hui-iconfont/1.0.8/iconfont.css [运行时间：0.117336s][吞吐率：8.52req/s] [内存消耗：2,858.46kb] [文件加载：51]
[ info ] [ LANG ] D:\wamp\www\demo\htdocs\project\thinkphp\lang\zh-cn.php
[ info ] [ ROUTE ] array (
  'type' => 'module',
  'module' => 
  array (
    0 => 'static',
    1 => 'hui_admin',
    2 => 'lib',
  ),
)
[ info ] [ HEADER ] array (
  'host' => 'localhost',
  'connection' => 'keep-alive',
  'user-agent' => 'Mozilla/5.0 (Windows NT 10.0; WOW64) AppleWebKit/537.36 (KHTML, like Gecko) Chrome/63.0.3236.0 Safari/537.36',
  'accept' => 'text/css,*/*;q=0.1',
  'referer' => 'http://localhost/demo/htdocs/project/public/index.php/admin/login/index.html',
  'accept-encoding' => 'gzip, deflate, br',
  'accept-language' => 'zh-CN,zh;q=0.9',
  'cookie' => 'thinkphp_show_page_trace=0|0; wmkavk4bhjL8backinfos=1; pgv_pvi=7048500224; Hm_lvt_e9e114d958ea263de46e080563e254c4=1500210050; PHPSESSID=e0e3h4ajp8dmfebq2b4vdghf93; pgv_si=s1465298944',
)
[ info ] [ PARAM ] array (
  'iconfont' => '1.0.8',
)
[ info ] [ LOG ] INIT File
---------------------------------------------------------------
[ 2017-12-10T02:42:21+08:00 ] ::1 ::1 GET /demo/htdocs/project/public/static/hui_admin/lib/jquery/1.9.1/jquery.min.js
[ info ] localhost/demo/htdocs/project/public/static/hui_admin/lib/jquery/1.9.1/jquery.min.js [运行时间：0.117297s][吞吐率：8.53req/s] [内存消耗：2,858.26kb] [文件加载：51]
[ info ] [ LANG ] D:\wamp\www\demo\htdocs\project\thinkphp\lang\zh-cn.php
[ info ] [ ROUTE ] array (
  'type' => 'module',
  'module' => 
  array (
    0 => 'static',
    1 => 'hui_admin',
    2 => 'lib',
  ),
)
[ info ] [ HEADER ] array (
  'host' => 'localhost',
  'connection' => 'keep-alive',
  'user-agent' => 'Mozilla/5.0 (Windows NT 10.0; WOW64) AppleWebKit/537.36 (KHTML, like Gecko) Chrome/63.0.3236.0 Safari/537.36',
  'accept' => '*/*',
  'referer' => 'http://localhost/demo/htdocs/project/public/index.php/admin/login/index.html',
  'accept-encoding' => 'gzip, deflate, br',
  'accept-language' => 'zh-CN,zh;q=0.9',
  'cookie' => 'thinkphp_show_page_trace=0|0; wmkavk4bhjL8backinfos=1; pgv_pvi=7048500224; Hm_lvt_e9e114d958ea263de46e080563e254c4=1500210050; PHPSESSID=e0e3h4ajp8dmfebq2b4vdghf93; pgv_si=s1465298944',
)
[ info ] [ PARAM ] array (
  'jquery' => '1.9.1',
)
[ info ] [ LOG ] INIT File
---------------------------------------------------------------
[ 2017-12-10T02:42:21+08:00 ] ::1 ::1 GET /demo/htdocs/project/public/static/hui_admin/static/h-ui/js/H-ui.min.js
[ info ] localhost/demo/htdocs/project/public/static/hui_admin/static/h-ui/js/H-ui.min.js [运行时间：0.079668s][吞吐率：12.55req/s] [内存消耗：2,858.45kb] [文件加载：51]
[ info ] [ LANG ] D:\wamp\www\demo\htdocs\project\thinkphp\lang\zh-cn.php
[ info ] [ ROUTE ] array (
  'type' => 'module',
  'module' => 
  array (
    0 => 'static',
    1 => 'hui_admin',
    2 => 'static',
  ),
)
[ info ] [ HEADER ] array (
  'host' => 'localhost',
  'connection' => 'keep-alive',
  'user-agent' => 'Mozilla/5.0 (Windows NT 10.0; WOW64) AppleWebKit/537.36 (KHTML, like Gecko) Chrome/63.0.3236.0 Safari/537.36',
  'accept' => '*/*',
  'referer' => 'http://localhost/demo/htdocs/project/public/index.php/admin/login/index.html',
  'accept-encoding' => 'gzip, deflate, br',
  'accept-language' => 'zh-CN,zh;q=0.9',
  'cookie' => 'thinkphp_show_page_trace=0|0; wmkavk4bhjL8backinfos=1; pgv_pvi=7048500224; Hm_lvt_e9e114d958ea263de46e080563e254c4=1500210050; PHPSESSID=e0e3h4ajp8dmfebq2b4vdghf93; pgv_si=s1465298944',
)
[ info ] [ PARAM ] array (
  'ui' => 'js',
)
[ info ] [ LOG ] INIT File
---------------------------------------------------------------
[ 2017-12-10T02:49:14+08:00 ] ::1 ::1 GET /demo/htdocs/project/public/static/hui_admin/static/h-ui/css/H-ui.min.css
[ info ] localhost/demo/htdocs/project/public/static/hui_admin/static/h-ui/css/H-ui.min.css [运行时间：0.107789s][吞吐率：9.28req/s] [内存消耗：2,858.51kb] [文件加载：51]
[ info ] [ LANG ] D:\wamp\www\demo\htdocs\project\thinkphp\lang\zh-cn.php
[ info ] [ ROUTE ] array (
  'type' => 'module',
  'module' => 
  array (
    0 => 'static',
    1 => 'hui_admin',
    2 => 'static',
  ),
)
[ info ] [ HEADER ] array (
  'host' => 'localhost',
  'connection' => 'keep-alive',
  'user-agent' => 'Mozilla/5.0 (Windows NT 10.0; WOW64) AppleWebKit/537.36 (KHTML, like Gecko) Chrome/63.0.3236.0 Safari/537.36',
  'accept' => 'text/css,*/*;q=0.1',
  'referer' => 'http://localhost/demo/htdocs/project/public/index.php/admin/login/index.html',
  'accept-encoding' => 'gzip, deflate, br',
  'accept-language' => 'zh-CN,zh;q=0.9',
  'cookie' => 'thinkphp_show_page_trace=0|0; wmkavk4bhjL8backinfos=1; pgv_pvi=7048500224; Hm_lvt_e9e114d958ea263de46e080563e254c4=1500210050; PHPSESSID=e0e3h4ajp8dmfebq2b4vdghf93; pgv_si=s1465298944',
)
[ info ] [ PARAM ] array (
  'ui' => 'css',
)
[ info ] [ LOG ] INIT File
---------------------------------------------------------------
[ 2017-12-10T02:49:14+08:00 ] ::1 ::1 GET /demo/htdocs/project/public/static/hui_admin/static/h-ui.admin/css/H-ui.login.css
[ info ] localhost/demo/htdocs/project/public/static/hui_admin/static/h-ui.admin/css/H-ui.login.css [运行时间：0.116511s][吞吐率：8.58req/s] [内存消耗：2,858.34kb] [文件加载：51]
[ info ] [ LANG ] D:\wamp\www\demo\htdocs\project\thinkphp\lang\zh-cn.php
[ info ] [ ROUTE ] array (
  'type' => 'module',
  'module' => 
  array (
    0 => 'static',
    1 => 'hui_admin',
    2 => 'static',
  ),
)
[ info ] [ HEADER ] array (
  'host' => 'localhost',
  'connection' => 'keep-alive',
  'user-agent' => 'Mozilla/5.0 (Windows NT 10.0; WOW64) AppleWebKit/537.36 (KHTML, like Gecko) Chrome/63.0.3236.0 Safari/537.36',
  'accept' => 'text/css,*/*;q=0.1',
  'referer' => 'http://localhost/demo/htdocs/project/public/index.php/admin/login/index.html',
  'accept-encoding' => 'gzip, deflate, br',
  'accept-language' => 'zh-CN,zh;q=0.9',
  'cookie' => 'thinkphp_show_page_trace=0|0; wmkavk4bhjL8backinfos=1; pgv_pvi=7048500224; Hm_lvt_e9e114d958ea263de46e080563e254c4=1500210050; PHPSESSID=e0e3h4ajp8dmfebq2b4vdghf93; pgv_si=s1465298944',
)
[ info ] [ PARAM ] array (
  'admin' => 'css',
)
[ info ] [ LOG ] INIT File
---------------------------------------------------------------
[ 2017-12-10T02:49:14+08:00 ] ::1 ::1 GET /demo/htdocs/project/public/static/hui_admin/lib/Hui-iconfont/1.0.8/iconfont.css
[ info ] localhost/demo/htdocs/project/public/static/hui_admin/lib/Hui-iconfont/1.0.8/iconfont.css [运行时间：0.117729s][吞吐率：8.49req/s] [内存消耗：2,858.46kb] [文件加载：51]
[ info ] [ LANG ] D:\wamp\www\demo\htdocs\project\thinkphp\lang\zh-cn.php
[ info ] [ ROUTE ] array (
  'type' => 'module',
  'module' => 
  array (
    0 => 'static',
    1 => 'hui_admin',
    2 => 'lib',
  ),
)
[ info ] [ HEADER ] array (
  'host' => 'localhost',
  'connection' => 'keep-alive',
  'user-agent' => 'Mozilla/5.0 (Windows NT 10.0; WOW64) AppleWebKit/537.36 (KHTML, like Gecko) Chrome/63.0.3236.0 Safari/537.36',
  'accept' => 'text/css,*/*;q=0.1',
  'referer' => 'http://localhost/demo/htdocs/project/public/index.php/admin/login/index.html',
  'accept-encoding' => 'gzip, deflate, br',
  'accept-language' => 'zh-CN,zh;q=0.9',
  'cookie' => 'thinkphp_show_page_trace=0|0; wmkavk4bhjL8backinfos=1; pgv_pvi=7048500224; Hm_lvt_e9e114d958ea263de46e080563e254c4=1500210050; PHPSESSID=e0e3h4ajp8dmfebq2b4vdghf93; pgv_si=s1465298944',
)
[ info ] [ PARAM ] array (
  'iconfont' => '1.0.8',
)
[ info ] [ LOG ] INIT File
---------------------------------------------------------------
[ 2017-12-10T02:49:14+08:00 ] ::1 ::1 GET /demo/htdocs/project/public/static/hui_admin/static/h-ui.admin/css/style.css
[ info ] localhost/demo/htdocs/project/public/static/hui_admin/static/h-ui.admin/css/style.css [运行时间：0.121088s][吞吐率：8.26req/s] [内存消耗：2,858.29kb] [文件加载：51]
[ info ] [ LANG ] D:\wamp\www\demo\htdocs\project\thinkphp\lang\zh-cn.php
[ info ] [ ROUTE ] array (
  'type' => 'module',
  'module' => 
  array (
    0 => 'static',
    1 => 'hui_admin',
    2 => 'static',
  ),
)
[ info ] [ HEADER ] array (
  'host' => 'localhost',
  'connection' => 'keep-alive',
  'user-agent' => 'Mozilla/5.0 (Windows NT 10.0; WOW64) AppleWebKit/537.36 (KHTML, like Gecko) Chrome/63.0.3236.0 Safari/537.36',
  'accept' => 'text/css,*/*;q=0.1',
  'referer' => 'http://localhost/demo/htdocs/project/public/index.php/admin/login/index.html',
  'accept-encoding' => 'gzip, deflate, br',
  'accept-language' => 'zh-CN,zh;q=0.9',
  'cookie' => 'thinkphp_show_page_trace=0|0; wmkavk4bhjL8backinfos=1; pgv_pvi=7048500224; Hm_lvt_e9e114d958ea263de46e080563e254c4=1500210050; PHPSESSID=e0e3h4ajp8dmfebq2b4vdghf93; pgv_si=s1465298944',
)
[ info ] [ PARAM ] array (
  'admin' => 'css',
)
[ info ] [ LOG ] INIT File
---------------------------------------------------------------
[ 2017-12-10T02:49:19+08:00 ] ::1 ::1 GET /demo/htdocs/project/public/index.php/admin/login/index.html
[ info ] localhost/demo/htdocs/project/public/index.php/admin/login/index.html [运行时间：0.093487s][吞吐率：10.70req/s] [内存消耗：3,463.23kb] [文件加载：58]
[ info ] [ LANG ] D:\wamp\www\demo\htdocs\project\thinkphp\lang\zh-cn.php
[ info ] [ ROUTE ] array (
  'type' => 'module',
  'module' => 
  array (
    0 => 'admin',
    1 => 'login',
    2 => 'index',
  ),
)
[ info ] [ HEADER ] array (
  'host' => 'localhost',
  'connection' => 'keep-alive',
  'cache-control' => 'max-age=0',
  'upgrade-insecure-requests' => '1',
  'user-agent' => 'Mozilla/5.0 (Windows NT 10.0; WOW64) AppleWebKit/537.36 (KHTML, like Gecko) Chrome/63.0.3236.0 Safari/537.36',
  'accept' => 'text/html,application/xhtml+xml,application/xml;q=0.9,image/webp,image/apng,*/*;q=0.8',
  'accept-encoding' => 'gzip, deflate, br',
  'accept-language' => 'zh-CN,zh;q=0.9',
  'cookie' => 'thinkphp_show_page_trace=0|0; thinkphp_show_page_trace=0|0; wmkavk4bhjL8backinfos=1; pgv_pvi=7048500224; Hm_lvt_e9e114d958ea263de46e080563e254c4=1500210050; PHPSESSID=e0e3h4ajp8dmfebq2b4vdghf93; pgv_si=s1465298944',
)
[ info ] [ PARAM ] array (
)
[ info ] [ RUN ] app\admin\controller\Login->index[ D:\wamp\www\demo\htdocs\project\application\admin\controller\Login.php ]
[ info ] [ SESSION ] INIT array (
  'id' => '',
  'var_session_id' => '',
  'prefix' => 'think',
  'type' => '',
  'auto_start' => true,
)
[ info ] [ VIEW ] D:\wamp\www\demo\htdocs\project\public/../application/admin\view\login\index.html [ array (
) ]
[ info ] [ LOG ] INIT File
---------------------------------------------------------------
[ 2017-12-10T02:49:20+08:00 ] ::1 ::1 GET /demo/htdocs/project/public/static/hui_admin/static/h-ui/css/H-ui.min.css
[ info ] localhost/demo/htdocs/project/public/static/hui_admin/static/h-ui/css/H-ui.min.css [运行时间：0.097792s][吞吐率：10.23req/s] [内存消耗：2,858.51kb] [文件加载：51]
[ info ] [ LANG ] D:\wamp\www\demo\htdocs\project\thinkphp\lang\zh-cn.php
[ info ] [ ROUTE ] array (
  'type' => 'module',
  'module' => 
  array (
    0 => 'static',
    1 => 'hui_admin',
    2 => 'static',
  ),
)
[ info ] [ HEADER ] array (
  'host' => 'localhost',
  'connection' => 'keep-alive',
  'user-agent' => 'Mozilla/5.0 (Windows NT 10.0; WOW64) AppleWebKit/537.36 (KHTML, like Gecko) Chrome/63.0.3236.0 Safari/537.36',
  'accept' => 'text/css,*/*;q=0.1',
  'referer' => 'http://localhost/demo/htdocs/project/public/index.php/admin/login/index.html',
  'accept-encoding' => 'gzip, deflate, br',
  'accept-language' => 'zh-CN,zh;q=0.9',
  'cookie' => 'thinkphp_show_page_trace=0|0; wmkavk4bhjL8backinfos=1; pgv_pvi=7048500224; Hm_lvt_e9e114d958ea263de46e080563e254c4=1500210050; PHPSESSID=e0e3h4ajp8dmfebq2b4vdghf93; pgv_si=s1465298944',
)
[ info ] [ PARAM ] array (
  'ui' => 'css',
)
[ info ] [ LOG ] INIT File
---------------------------------------------------------------
[ 2017-12-10T02:49:20+08:00 ] ::1 ::1 GET /demo/htdocs/project/public/static/hui_admin/lib/Hui-iconfont/1.0.8/iconfont.css
[ info ] localhost/demo/htdocs/project/public/static/hui_admin/lib/Hui-iconfont/1.0.8/iconfont.css [运行时间：0.093153s][吞吐率：10.74req/s] [内存消耗：2,858.46kb] [文件加载：51]
[ info ] [ LANG ] D:\wamp\www\demo\htdocs\project\thinkphp\lang\zh-cn.php
[ info ] [ ROUTE ] array (
  'type' => 'module',
  'module' => 
  array (
    0 => 'static',
    1 => 'hui_admin',
    2 => 'lib',
  ),
)
[ info ] [ HEADER ] array (
  'host' => 'localhost',
  'connection' => 'keep-alive',
  'user-agent' => 'Mozilla/5.0 (Windows NT 10.0; WOW64) AppleWebKit/537.36 (KHTML, like Gecko) Chrome/63.0.3236.0 Safari/537.36',
  'accept' => 'text/css,*/*;q=0.1',
  'referer' => 'http://localhost/demo/htdocs/project/public/index.php/admin/login/index.html',
  'accept-encoding' => 'gzip, deflate, br',
  'accept-language' => 'zh-CN,zh;q=0.9',
  'cookie' => 'thinkphp_show_page_trace=0|0; wmkavk4bhjL8backinfos=1; pgv_pvi=7048500224; Hm_lvt_e9e114d958ea263de46e080563e254c4=1500210050; PHPSESSID=e0e3h4ajp8dmfebq2b4vdghf93; pgv_si=s1465298944',
)
[ info ] [ PARAM ] array (
  'iconfont' => '1.0.8',
)
[ info ] [ LOG ] INIT File
---------------------------------------------------------------
[ 2017-12-10T02:49:20+08:00 ] ::1 ::1 GET /demo/htdocs/project/public/static/hui_admin/static/h-ui.admin/css/style.css
[ info ] localhost/demo/htdocs/project/public/static/hui_admin/static/h-ui.admin/css/style.css [运行时间：0.113126s][吞吐率：8.84req/s] [内存消耗：2,858.29kb] [文件加载：51]
[ info ] [ LANG ] D:\wamp\www\demo\htdocs\project\thinkphp\lang\zh-cn.php
[ info ] [ ROUTE ] array (
  'type' => 'module',
  'module' => 
  array (
    0 => 'static',
    1 => 'hui_admin',
    2 => 'static',
  ),
)
[ info ] [ HEADER ] array (
  'host' => 'localhost',
  'connection' => 'keep-alive',
  'user-agent' => 'Mozilla/5.0 (Windows NT 10.0; WOW64) AppleWebKit/537.36 (KHTML, like Gecko) Chrome/63.0.3236.0 Safari/537.36',
  'accept' => 'text/css,*/*;q=0.1',
  'referer' => 'http://localhost/demo/htdocs/project/public/index.php/admin/login/index.html',
  'accept-encoding' => 'gzip, deflate, br',
  'accept-language' => 'zh-CN,zh;q=0.9',
  'cookie' => 'thinkphp_show_page_trace=0|0; wmkavk4bhjL8backinfos=1; pgv_pvi=7048500224; Hm_lvt_e9e114d958ea263de46e080563e254c4=1500210050; PHPSESSID=e0e3h4ajp8dmfebq2b4vdghf93; pgv_si=s1465298944',
)
[ info ] [ PARAM ] array (
  'admin' => 'css',
)
[ info ] [ LOG ] INIT File
---------------------------------------------------------------
[ 2017-12-10T02:49:20+08:00 ] ::1 ::1 GET /demo/htdocs/project/public/static/hui_admin/static/h-ui.admin/css/H-ui.login.css
[ info ] localhost/demo/htdocs/project/public/static/hui_admin/static/h-ui.admin/css/H-ui.login.css [运行时间：0.113217s][吞吐率：8.83req/s] [内存消耗：2,858.34kb] [文件加载：51]
[ info ] [ LANG ] D:\wamp\www\demo\htdocs\project\thinkphp\lang\zh-cn.php
[ info ] [ ROUTE ] array (
  'type' => 'module',
  'module' => 
  array (
    0 => 'static',
    1 => 'hui_admin',
    2 => 'static',
  ),
)
[ info ] [ HEADER ] array (
  'host' => 'localhost',
  'connection' => 'keep-alive',
  'user-agent' => 'Mozilla/5.0 (Windows NT 10.0; WOW64) AppleWebKit/537.36 (KHTML, like Gecko) Chrome/63.0.3236.0 Safari/537.36',
  'accept' => 'text/css,*/*;q=0.1',
  'referer' => 'http://localhost/demo/htdocs/project/public/index.php/admin/login/index.html',
  'accept-encoding' => 'gzip, deflate, br',
  'accept-language' => 'zh-CN,zh;q=0.9',
  'cookie' => 'thinkphp_show_page_trace=0|0; wmkavk4bhjL8backinfos=1; pgv_pvi=7048500224; Hm_lvt_e9e114d958ea263de46e080563e254c4=1500210050; PHPSESSID=e0e3h4ajp8dmfebq2b4vdghf93; pgv_si=s1465298944',
)
[ info ] [ PARAM ] array (
  'admin' => 'css',
)
[ info ] [ LOG ] INIT File
---------------------------------------------------------------
[ 2017-12-10T02:49:20+08:00 ] ::1 ::1 GET /demo/htdocs/project/public/static/hui_admin/lib/jquery/1.9.1/jquery.min.js
[ info ] localhost/demo/htdocs/project/public/static/hui_admin/lib/jquery/1.9.1/jquery.min.js [运行时间：0.131241s][吞吐率：7.62req/s] [内存消耗：2,858.34kb] [文件加载：51]
[ info ] [ LANG ] D:\wamp\www\demo\htdocs\project\thinkphp\lang\zh-cn.php
[ info ] [ ROUTE ] array (
  'type' => 'module',
  'module' => 
  array (
    0 => 'static',
    1 => 'hui_admin',
    2 => 'lib',
  ),
)
[ info ] [ HEADER ] array (
  'host' => 'localhost',
  'connection' => 'keep-alive',
  'user-agent' => 'Mozilla/5.0 (Windows NT 10.0; WOW64) AppleWebKit/537.36 (KHTML, like Gecko) Chrome/63.0.3236.0 Safari/537.36',
  'accept' => '*/*',
  'referer' => 'http://localhost/demo/htdocs/project/public/index.php/admin/login/index.html',
  'accept-encoding' => 'gzip, deflate, br',
  'accept-language' => 'zh-CN,zh;q=0.9',
  'cookie' => 'thinkphp_show_page_trace=0|0; wmkavk4bhjL8backinfos=1; pgv_pvi=7048500224; Hm_lvt_e9e114d958ea263de46e080563e254c4=1500210050; PHPSESSID=e0e3h4ajp8dmfebq2b4vdghf93; pgv_si=s1465298944',
)
[ info ] [ PARAM ] array (
  'jquery' => '1.9.1',
)
[ info ] [ LOG ] INIT File
---------------------------------------------------------------
[ 2017-12-10T02:49:20+08:00 ] ::1 ::1 GET /demo/htdocs/project/public/static/hui_admin/static/h-ui/js/H-ui.min.js
[ info ] localhost/demo/htdocs/project/public/static/hui_admin/static/h-ui/js/H-ui.min.js [运行时间：0.093677s][吞吐率：10.68req/s] [内存消耗：2,858.45kb] [文件加载：51]
[ info ] [ LANG ] D:\wamp\www\demo\htdocs\project\thinkphp\lang\zh-cn.php
[ info ] [ ROUTE ] array (
  'type' => 'module',
  'module' => 
  array (
    0 => 'static',
    1 => 'hui_admin',
    2 => 'static',
  ),
)
[ info ] [ HEADER ] array (
  'host' => 'localhost',
  'connection' => 'keep-alive',
  'user-agent' => 'Mozilla/5.0 (Windows NT 10.0; WOW64) AppleWebKit/537.36 (KHTML, like Gecko) Chrome/63.0.3236.0 Safari/537.36',
  'accept' => '*/*',
  'referer' => 'http://localhost/demo/htdocs/project/public/index.php/admin/login/index.html',
  'accept-encoding' => 'gzip, deflate, br',
  'accept-language' => 'zh-CN,zh;q=0.9',
  'cookie' => 'thinkphp_show_page_trace=0|0; wmkavk4bhjL8backinfos=1; pgv_pvi=7048500224; Hm_lvt_e9e114d958ea263de46e080563e254c4=1500210050; PHPSESSID=e0e3h4ajp8dmfebq2b4vdghf93; pgv_si=s1465298944',
)
[ info ] [ PARAM ] array (
  'ui' => 'js',
)
[ info ] [ LOG ] INIT File
---------------------------------------------------------------
[ 2017-12-10T02:49:39+08:00 ] ::1 ::1 GET /demo/htdocs/project/public/index.php/admin/login/index.html
[ info ] localhost/demo/htdocs/project/public/index.php/admin/login/index.html [运行时间：0.093658s][吞吐率：10.68req/s] [内存消耗：3,463.23kb] [文件加载：58]
[ info ] [ LANG ] D:\wamp\www\demo\htdocs\project\thinkphp\lang\zh-cn.php
[ info ] [ ROUTE ] array (
  'type' => 'module',
  'module' => 
  array (
    0 => 'admin',
    1 => 'login',
    2 => 'index',
  ),
)
[ info ] [ HEADER ] array (
  'host' => 'localhost',
  'connection' => 'keep-alive',
  'cache-control' => 'max-age=0',
  'upgrade-insecure-requests' => '1',
  'user-agent' => 'Mozilla/5.0 (Windows NT 10.0; WOW64) AppleWebKit/537.36 (KHTML, like Gecko) Chrome/63.0.3236.0 Safari/537.36',
  'accept' => 'text/html,application/xhtml+xml,application/xml;q=0.9,image/webp,image/apng,*/*;q=0.8',
  'accept-encoding' => 'gzip, deflate, br',
  'accept-language' => 'zh-CN,zh;q=0.9',
  'cookie' => 'thinkphp_show_page_trace=0|0; thinkphp_show_page_trace=0|0; wmkavk4bhjL8backinfos=1; pgv_pvi=7048500224; Hm_lvt_e9e114d958ea263de46e080563e254c4=1500210050; PHPSESSID=e0e3h4ajp8dmfebq2b4vdghf93; pgv_si=s1465298944',
)
[ info ] [ PARAM ] array (
)
[ info ] [ RUN ] app\admin\controller\Login->index[ D:\wamp\www\demo\htdocs\project\application\admin\controller\Login.php ]
[ info ] [ SESSION ] INIT array (
  'id' => '',
  'var_session_id' => '',
  'prefix' => 'think',
  'type' => '',
  'auto_start' => true,
)
[ info ] [ VIEW ] D:\wamp\www\demo\htdocs\project\public/../application/admin\view\login\index.html [ array (
) ]
[ info ] [ LOG ] INIT File
---------------------------------------------------------------
[ 2017-12-10T02:49:39+08:00 ] ::1 ::1 GET /demo/htdocs/project/public/static/hui_admin/lib/Hui-iconfont/1.0.8/iconfont.css
[ info ] localhost/demo/htdocs/project/public/static/hui_admin/lib/Hui-iconfont/1.0.8/iconfont.css [运行时间：0.117746s][吞吐率：8.49req/s] [内存消耗：2,858.46kb] [文件加载：51]
[ info ] [ LANG ] D:\wamp\www\demo\htdocs\project\thinkphp\lang\zh-cn.php
[ info ] [ ROUTE ] array (
  'type' => 'module',
  'module' => 
  array (
    0 => 'static',
    1 => 'hui_admin',
    2 => 'lib',
  ),
)
[ info ] [ HEADER ] array (
  'host' => 'localhost',
  'connection' => 'keep-alive',
  'user-agent' => 'Mozilla/5.0 (Windows NT 10.0; WOW64) AppleWebKit/537.36 (KHTML, like Gecko) Chrome/63.0.3236.0 Safari/537.36',
  'accept' => 'text/css,*/*;q=0.1',
  'referer' => 'http://localhost/demo/htdocs/project/public/index.php/admin/login/index.html',
  'accept-encoding' => 'gzip, deflate, br',
  'accept-language' => 'zh-CN,zh;q=0.9',
  'cookie' => 'thinkphp_show_page_trace=0|0; wmkavk4bhjL8backinfos=1; pgv_pvi=7048500224; Hm_lvt_e9e114d958ea263de46e080563e254c4=1500210050; PHPSESSID=e0e3h4ajp8dmfebq2b4vdghf93; pgv_si=s1465298944',
)
[ info ] [ PARAM ] array (
  'iconfont' => '1.0.8',
)
[ info ] [ LOG ] INIT File
---------------------------------------------------------------
[ 2017-12-10T02:49:39+08:00 ] ::1 ::1 GET /demo/htdocs/project/public/static/hui_admin/static/h-ui.admin/css/style.css
[ info ] localhost/demo/htdocs/project/public/static/hui_admin/static/h-ui.admin/css/style.css [运行时间：0.115163s][吞吐率：8.68req/s] [内存消耗：2,858.29kb] [文件加载：51]
[ info ] [ LANG ] D:\wamp\www\demo\htdocs\project\thinkphp\lang\zh-cn.php
[ info ] [ ROUTE ] array (
  'type' => 'module',
  'module' => 
  array (
    0 => 'static',
    1 => 'hui_admin',
    2 => 'static',
  ),
)
[ info ] [ HEADER ] array (
  'host' => 'localhost',
  'connection' => 'keep-alive',
  'user-agent' => 'Mozilla/5.0 (Windows NT 10.0; WOW64) AppleWebKit/537.36 (KHTML, like Gecko) Chrome/63.0.3236.0 Safari/537.36',
  'accept' => 'text/css,*/*;q=0.1',
  'referer' => 'http://localhost/demo/htdocs/project/public/index.php/admin/login/index.html',
  'accept-encoding' => 'gzip, deflate, br',
  'accept-language' => 'zh-CN,zh;q=0.9',
  'cookie' => 'thinkphp_show_page_trace=0|0; wmkavk4bhjL8backinfos=1; pgv_pvi=7048500224; Hm_lvt_e9e114d958ea263de46e080563e254c4=1500210050; PHPSESSID=e0e3h4ajp8dmfebq2b4vdghf93; pgv_si=s1465298944',
)
[ info ] [ PARAM ] array (
  'admin' => 'css',
)
[ info ] [ LOG ] INIT File
---------------------------------------------------------------
[ 2017-12-10T02:49:39+08:00 ] ::1 ::1 GET /demo/htdocs/project/public/static/hui_admin/lib/jquery/1.9.1/jquery.min.js
[ info ] localhost/demo/htdocs/project/public/static/hui_admin/lib/jquery/1.9.1/jquery.min.js [运行时间：0.120296s][吞吐率：8.31req/s] [内存消耗：2,858.34kb] [文件加载：51]
[ info ] [ LANG ] D:\wamp\www\demo\htdocs\project\thinkphp\lang\zh-cn.php
[ info ] [ ROUTE ] array (
  'type' => 'module',
  'module' => 
  array (
    0 => 'static',
    1 => 'hui_admin',
    2 => 'lib',
  ),
)
[ info ] [ HEADER ] array (
  'host' => 'localhost',
  'connection' => 'keep-alive',
  'user-agent' => 'Mozilla/5.0 (Windows NT 10.0; WOW64) AppleWebKit/537.36 (KHTML, like Gecko) Chrome/63.0.3236.0 Safari/537.36',
  'accept' => '*/*',
  'referer' => 'http://localhost/demo/htdocs/project/public/index.php/admin/login/index.html',
  'accept-encoding' => 'gzip, deflate, br',
  'accept-language' => 'zh-CN,zh;q=0.9',
  'cookie' => 'thinkphp_show_page_trace=0|0; wmkavk4bhjL8backinfos=1; pgv_pvi=7048500224; Hm_lvt_e9e114d958ea263de46e080563e254c4=1500210050; PHPSESSID=e0e3h4ajp8dmfebq2b4vdghf93; pgv_si=s1465298944',
)
[ info ] [ PARAM ] array (
  'jquery' => '1.9.1',
)
[ info ] [ LOG ] INIT File
---------------------------------------------------------------
[ 2017-12-10T02:49:39+08:00 ] ::1 ::1 GET /demo/htdocs/project/public/static/hui_admin/static/h-ui/css/H-ui.min.css
[ info ] localhost/demo/htdocs/project/public/static/hui_admin/static/h-ui/css/H-ui.min.css [运行时间：0.131499s][吞吐率：7.60req/s] [内存消耗：2,858.51kb] [文件加载：51]
[ info ] [ LANG ] D:\wamp\www\demo\htdocs\project\thinkphp\lang\zh-cn.php
[ info ] [ ROUTE ] array (
  'type' => 'module',
  'module' => 
  array (
    0 => 'static',
    1 => 'hui_admin',
    2 => 'static',
  ),
)
[ info ] [ HEADER ] array (
  'host' => 'localhost',
  'connection' => 'keep-alive',
  'user-agent' => 'Mozilla/5.0 (Windows NT 10.0; WOW64) AppleWebKit/537.36 (KHTML, like Gecko) Chrome/63.0.3236.0 Safari/537.36',
  'accept' => 'text/css,*/*;q=0.1',
  'referer' => 'http://localhost/demo/htdocs/project/public/index.php/admin/login/index.html',
  'accept-encoding' => 'gzip, deflate, br',
  'accept-language' => 'zh-CN,zh;q=0.9',
  'cookie' => 'thinkphp_show_page_trace=0|0; wmkavk4bhjL8backinfos=1; pgv_pvi=7048500224; Hm_lvt_e9e114d958ea263de46e080563e254c4=1500210050; PHPSESSID=e0e3h4ajp8dmfebq2b4vdghf93; pgv_si=s1465298944',
)
[ info ] [ PARAM ] array (
  'ui' => 'css',
)
[ info ] [ LOG ] INIT File
---------------------------------------------------------------
[ 2017-12-10T02:49:39+08:00 ] ::1 ::1 GET /demo/htdocs/project/public/static/hui_admin/static/h-ui.admin/css/H-ui.login.css
[ info ] localhost/demo/htdocs/project/public/static/hui_admin/static/h-ui.admin/css/H-ui.login.css [运行时间：0.138091s][吞吐率：7.24req/s] [内存消耗：2,858.27kb] [文件加载：51]
[ info ] [ LANG ] D:\wamp\www\demo\htdocs\project\thinkphp\lang\zh-cn.php
[ info ] [ ROUTE ] array (
  'type' => 'module',
  'module' => 
  array (
    0 => 'static',
    1 => 'hui_admin',
    2 => 'static',
  ),
)
[ info ] [ HEADER ] array (
  'host' => 'localhost',
  'connection' => 'keep-alive',
  'user-agent' => 'Mozilla/5.0 (Windows NT 10.0; WOW64) AppleWebKit/537.36 (KHTML, like Gecko) Chrome/63.0.3236.0 Safari/537.36',
  'accept' => 'text/css,*/*;q=0.1',
  'referer' => 'http://localhost/demo/htdocs/project/public/index.php/admin/login/index.html',
  'accept-encoding' => 'gzip, deflate, br',
  'accept-language' => 'zh-CN,zh;q=0.9',
  'cookie' => 'thinkphp_show_page_trace=0|0; wmkavk4bhjL8backinfos=1; pgv_pvi=7048500224; Hm_lvt_e9e114d958ea263de46e080563e254c4=1500210050; PHPSESSID=e0e3h4ajp8dmfebq2b4vdghf93; pgv_si=s1465298944',
)
[ info ] [ PARAM ] array (
  'admin' => 'css',
)
[ info ] [ LOG ] INIT File
---------------------------------------------------------------
[ 2017-12-10T02:49:39+08:00 ] ::1 ::1 GET /demo/htdocs/project/public/static/hui_admin/static/h-ui/js/H-ui.min.js
[ info ] localhost/demo/htdocs/project/public/static/hui_admin/static/h-ui/js/H-ui.min.js [运行时间：0.101892s][吞吐率：9.81req/s] [内存消耗：2,858.45kb] [文件加载：51]
[ info ] [ LANG ] D:\wamp\www\demo\htdocs\project\thinkphp\lang\zh-cn.php
[ info ] [ ROUTE ] array (
  'type' => 'module',
  'module' => 
  array (
    0 => 'static',
    1 => 'hui_admin',
    2 => 'static',
  ),
)
[ info ] [ HEADER ] array (
  'host' => 'localhost',
  'connection' => 'keep-alive',
  'user-agent' => 'Mozilla/5.0 (Windows NT 10.0; WOW64) AppleWebKit/537.36 (KHTML, like Gecko) Chrome/63.0.3236.0 Safari/537.36',
  'accept' => '*/*',
  'referer' => 'http://localhost/demo/htdocs/project/public/index.php/admin/login/index.html',
  'accept-encoding' => 'gzip, deflate, br',
  'accept-language' => 'zh-CN,zh;q=0.9',
  'cookie' => 'thinkphp_show_page_trace=0|0; wmkavk4bhjL8backinfos=1; pgv_pvi=7048500224; Hm_lvt_e9e114d958ea263de46e080563e254c4=1500210050; PHPSESSID=e0e3h4ajp8dmfebq2b4vdghf93; pgv_si=s1465298944',
)
[ info ] [ PARAM ] array (
  'ui' => 'js',
)
[ info ] [ LOG ] INIT File
---------------------------------------------------------------
[ 2017-12-10T03:12:26+08:00 ] ::1 ::1 GET /demo/htdocs/project/public/index.php/admin/login/index.html
[ info ] localhost/demo/htdocs/project/public/index.php/admin/login/index.html [运行时间：1.313224s][吞吐率：0.76req/s] [内存消耗：3,454.02kb] [文件加载：58]
[ info ] [ LANG ] D:\wamp\www\demo\htdocs\project\thinkphp\lang\zh-cn.php
[ info ] [ ROUTE ] array (
  'type' => 'module',
  'module' => 
  array (
    0 => 'admin',
    1 => 'login',
    2 => 'index',
  ),
)
[ info ] [ HEADER ] array (
  'host' => 'localhost',
  'connection' => 'keep-alive',
  'cache-control' => 'max-age=0',
  'upgrade-insecure-requests' => '1',
  'user-agent' => 'Mozilla/5.0 (Windows NT 10.0; WOW64) AppleWebKit/537.36 (KHTML, like Gecko) Chrome/63.0.3236.0 Safari/537.36',
  'accept' => 'text/html,application/xhtml+xml,application/xml;q=0.9,image/webp,image/apng,*/*;q=0.8',
  'accept-encoding' => 'gzip, deflate, br',
  'accept-language' => 'zh-CN,zh;q=0.9',
  'cookie' => 'thinkphp_show_page_trace=0|0; thinkphp_show_page_trace=0|0; wmkavk4bhjL8backinfos=1; pgv_pvi=7048500224; Hm_lvt_e9e114d958ea263de46e080563e254c4=1500210050; PHPSESSID=e0e3h4ajp8dmfebq2b4vdghf93; pgv_si=s1465298944',
)
[ info ] [ PARAM ] array (
)
[ info ] [ RUN ] app\admin\controller\Login->index[ D:\wamp\www\demo\htdocs\project\application\admin\controller\Login.php ]
[ info ] [ SESSION ] INIT array (
  'id' => '',
  'var_session_id' => '',
  'prefix' => 'think',
  'type' => '',
  'auto_start' => true,
)
[ info ] [ VIEW ] D:\wamp\www\demo\htdocs\project\public/../application/admin\view\login\index.html [ array (
) ]
[ info ] [ LOG ] INIT File
